2020-12-18 17:05:28.812 INFO  [DISCORD] Bot connected 
2020-12-18 17:05:29.100 INFO  [BOT] 0: null 
2020-12-18 17:05:29.237 INFO  [BOT] 0: null 
2020-12-18 17:05:29.321 INFO  [BOT] 0: READY 
2020-12-18 17:05:29.692 INFO  [BOT] 0: GUILD_CREATE 
2020-12-18 17:05:29.699 INFO  [DISCORD] 'ready' event is triggered 
2020-12-18 17:05:29.988 INFO  [BOT] Rules module loaded 
2020-12-18 17:05:30.040 INFO  [BOT] 0: PRESENCE_UPDATE 
2020-12-18 17:05:30.355 INFO  [BOT] DiscordRESTError [50035]: Invalid Form Body
  channel_id: Value "undefined" is not snowflake.
  message_id: Value "undefined" is not snowflake. 
2020-12-18 17:07:07.629 INFO  [DISCORD] Bot connected 
2020-12-18 17:07:07.939 INFO  [BOT] 0: null 
2020-12-18 17:07:08.082 INFO  [BOT] 0: null 
2020-12-18 17:07:08.170 INFO  [BOT] 0: READY 
2020-12-18 17:07:08.521 INFO  [BOT] 0: GUILD_CREATE 
2020-12-18 17:07:08.554 INFO  [DISCORD] 'ready' event is triggered 
2020-12-18 17:07:08.819 INFO  [BOT] Rules module loaded 
2020-12-18 17:07:09.222 INFO  [BOT] DiscordRESTError [50035]: Invalid Form Body
  channel_id: Value "undefined" is not snowflake.
  message_id: Value "undefined" is not snowflake. 
2020-12-18 17:07:15.343 INFO  [BOT] 0: PRESENCE_UPDATE 
2020-12-18 17:07:17.239 INFO  [BOT] 0: PRESENCE_UPDATE 
2020-12-18 17:07:31.292 INFO  [BOT] 0: PRESENCE_UPDATE 
2020-12-18 17:07:31.427 INFO  [BOT] 0: PRESENCE_UPDATE 
2020-12-18 17:07:34.201 INFO  [BOT] 0: PRESENCE_UPDATE 
2020-12-18 17:07:36.231 INFO  [BOT] 0: PRESENCE_UPDATE 
2020-12-18 17:07:40.606 INFO  [BOT] 0: PRESENCE_UPDATE 
2020-12-18 17:07:48.405 INFO  [BOT] 0: PRESENCE_UPDATE 
2020-12-18 17:07:49.339 INFO  [BOT] 0: null 
2020-12-18 17:07:53.978 INFO  [BOT] 0: PRESENCE_UPDATE 
2020-12-18 17:07:56.566 INFO  [BOT] 0: PRESENCE_UPDATE 
2020-12-18 17:07:57.265 INFO  [BOT] 0: PRESENCE_UPDATE 
2020-12-18 17:08:09.623 INFO  [BOT] 0: PRESENCE_UPDATE 
2020-12-18 17:08:11.593 INFO  [BOT] 0: PRESENCE_UPDATE 
2020-12-18 17:08:13.977 INFO  [BOT] 0: PRESENCE_UPDATE 
2020-12-18 17:08:14.602 INFO  [BOT] 0: PRESENCE_UPDATE 
2020-12-18 17:08:24.801 INFO  [BOT] 0: PRESENCE_UPDATE 
2020-12-18 17:08:30.597 INFO  [BOT] 0: null 
2020-12-18 17:08:36.645 INFO  [BOT] 0: PRESENCE_UPDATE 
2020-12-18 17:08:38.627 INFO  [BOT] 0: PRESENCE_UPDATE 
2020-12-18 17:08:42.380 INFO  [BOT] 0: CHANNEL_UPDATE 
2020-12-18 17:08:42.400 INFO  [BOT] TypeError: Cannot read property 'createMessage' of undefined 
2020-12-18 17:09:52.973 INFO  [BOT] Error: Server didn't acknowledge previous heartbeat, possible lost connection 
