2020-12-23 11:06:29.759 INFO  [DISCORD] Bot connected 
2020-12-23 11:08:33.041 INFO  [DISCORD] Bot connected 
2020-12-23 11:08:33.343 INFO  [BOT] 0: null 
2020-12-23 11:08:33.484 INFO  [BOT] 0: null 
2020-12-23 11:08:33.541 INFO  [BOT] 0: READY 
2020-12-23 11:08:34.324 INFO  [BOT] 0: GUILD_CREATE 
2020-12-23 11:08:34.329 INFO  [DISCORD] 'ready' event is triggered 
2020-12-23 11:08:51.362 INFO  [DISCORD] Bot connected 
2020-12-23 11:08:51.659 INFO  [BOT] 0: null 
2020-12-23 11:08:51.811 INFO  [BOT] 0: null 
2020-12-23 11:08:51.892 INFO  [BOT] 0: READY 
2020-12-23 11:08:52.175 INFO  [BOT] 0: GUILD_CREATE 
2020-12-23 11:08:52.200 INFO  [DISCORD] 'ready' event is triggered 
2020-12-23 11:08:52.428 INFO  [BOT] 0: PRESENCE_UPDATE 
2020-12-23 11:09:01.123 INFO  [BOT] 0: PRESENCE_UPDATE 
2020-12-23 11:09:04.060 INFO  [BOT] 0: PRESENCE_UPDATE 
2020-12-23 11:09:17.851 INFO  [BOT] 0: PRESENCE_UPDATE 
2020-12-23 11:09:33.052 INFO  [BOT] 0: null 
2020-12-23 11:09:37.672 INFO  [BOT] 0: PRESENCE_UPDATE 
2020-12-23 11:09:41.257 INFO  [BOT] 0: PRESENCE_UPDATE 
2020-12-23 11:09:45.986 INFO  [BOT] 0: PRESENCE_UPDATE 
2020-12-23 11:53:33.472 INFO  [DISCORD] Bot connected 
2020-12-23 11:53:33.759 INFO  [BOT] 0: null 
2020-12-23 11:53:33.901 INFO  [BOT] 0: null 
2020-12-23 11:53:34.077 INFO  [BOT] 0: READY 
2020-12-23 11:53:34.438 INFO  [BOT] 0: GUILD_CREATE 
2020-12-23 11:53:34.444 INFO  [DISCORD] 'ready' event is triggered 
2020-12-23 11:53:37.255 INFO  [BOT] 0: PRESENCE_UPDATE 
2020-12-23 11:53:44.480 INFO  [BOT] 0: PRESENCE_UPDATE 
2020-12-23 11:53:45.448 INFO  [BOT] 0: PRESENCE_UPDATE 
2020-12-23 11:53:57.258 INFO  [BOT] 0: VOICE_STATE_UPDATE 
2020-12-23 11:53:57.587 INFO  [BOT] 0: PRESENCE_UPDATE 
2020-12-23 11:53:57.628 INFO  [BOT] 0: CHANNEL_CREATE 
2020-12-23 11:53:57.646 INFO  [BOT] Skew created new voice channel 977c9f6a-1d67-4461-9686-1ececdf4bd0b 
2020-12-23 11:53:57.966 INFO  [BOT] 0: MESSAGE_CREATE 
2020-12-23 11:53:58.039 INFO  [BOT] 0: MESSAGE_UPDATE 
2020-12-23 11:54:02.936 INFO  [BOT] 0: PRESENCE_UPDATE 
2020-12-23 11:54:02.936 INFO  [BOT] 0: PRESENCE_UPDATE 
2020-12-23 11:54:06.082 INFO  [BOT] 0: CHANNEL_UPDATE 
2020-12-23 11:54:06.411 INFO  [BOT] 0: MESSAGE_CREATE 
2020-12-23 11:54:06.445 INFO  [BOT] 0: MESSAGE_UPDATE 
2020-12-23 11:54:11.319 INFO  [BOT] 0: CHANNEL_DELETE 
2020-12-23 11:54:11.631 INFO  [BOT] 0: MESSAGE_CREATE 
2020-12-23 11:54:11.682 INFO  [BOT] 0: MESSAGE_UPDATE 
2020-12-23 11:54:13.462 INFO  [BOT] 0: PRESENCE_UPDATE 
2020-12-23 11:54:14.584 INFO  [BOT] 0: PRESENCE_UPDATE 
2020-12-23 11:54:15.152 INFO  [BOT] 0: null 
2020-12-23 11:54:19.672 INFO  [BOT] 0: PRESENCE_UPDATE 
2020-12-23 11:54:49.636 INFO  [DISCORD] Bot connected 
2020-12-23 11:54:49.949 INFO  [BOT] 0: null 
2020-12-23 11:54:50.090 INFO  [BOT] 0: null 
2020-12-23 11:54:50.150 INFO  [BOT] 0: READY 
2020-12-23 11:54:50.413 INFO  [BOT] 0: GUILD_CREATE 
2020-12-23 11:54:50.429 INFO  [DISCORD] 'ready' event is triggered 
2020-12-23 11:55:10.763 INFO  [BOT] 0: PRESENCE_UPDATE 
2020-12-23 11:55:31.343 INFO  [BOT] 0: null 
2020-12-23 11:55:41.587 INFO  [BOT] 0: PRESENCE_UPDATE 
2020-12-23 11:55:48.665 INFO  [BOT] 0: PRESENCE_UPDATE 
2020-12-23 11:55:56.631 INFO  [BOT] 0: PRESENCE_UPDATE 
2020-12-23 11:55:56.705 INFO  [BOT] 0: PRESENCE_UPDATE 
2020-12-23 11:56:05.801 INFO  [BOT] 0: PRESENCE_UPDATE 
2020-12-23 11:56:05.916 INFO  [BOT] 0: PRESENCE_UPDATE 
2020-12-23 11:56:07.809 INFO  [BOT] 0: PRESENCE_UPDATE 
2020-12-23 11:56:13.809 INFO  [DISCORD] Bot connected 
2020-12-23 11:56:14.101 INFO  [BOT] 0: null 
2020-12-23 11:56:14.240 INFO  [BOT] 0: null 
2020-12-23 11:56:14.364 INFO  [BOT] 0: READY 
2020-12-23 11:56:14.727 INFO  [BOT] 0: GUILD_CREATE 
2020-12-23 11:56:14.733 INFO  [DISCORD] 'ready' event is triggered 
2020-12-23 11:56:14.934 INFO  [BOT] Rules module loaded 
2020-12-23 11:56:14.983 INFO  [BOT] 0: PRESENCE_UPDATE 
2020-12-23 11:56:15.335 INFO  [BOT] DiscordRESTError [50035]: Invalid Form Body
  channel_id: Value "undefined" is not snowflake.
  message_id: Value "undefined" is not snowflake. 
2020-12-23 11:56:16.944 INFO  [BOT] 0: PRESENCE_UPDATE 
2020-12-23 11:56:17.556 INFO  [BOT] 0: MESSAGE_CREATE 
2020-12-23 11:56:25.314 INFO  [BOT] 0: TYPING_START 
2020-12-23 11:56:25.972 INFO  [BOT] 0: PRESENCE_UPDATE 
2020-12-23 11:56:30.496 INFO  [BOT] 0: MESSAGE_CREATE 
2020-12-23 11:56:33.022 INFO  [BOT] 0: PRESENCE_UPDATE 
2020-12-23 11:56:39.791 INFO  [DISCORD] Bot connected 
2020-12-23 11:56:40.092 INFO  [BOT] 0: null 
2020-12-23 11:56:40.251 INFO  [BOT] 0: null 
2020-12-23 11:56:40.294 INFO  [BOT] 0: READY 
2020-12-23 11:56:40.518 INFO  [BOT] 0: GUILD_CREATE 
2020-12-23 11:56:40.542 INFO  [DISCORD] 'ready' event is triggered 
2020-12-23 11:56:40.744 INFO  [BOT] Rules module loaded 
2020-12-23 11:56:41.122 INFO  [BOT] DiscordRESTError [50035]: Invalid Form Body
  channel_id: Value "undefined" is not snowflake.
  message_id: Value "undefined" is not snowflake. 
2020-12-23 11:56:49.181 INFO  [BOT] 0: PRESENCE_UPDATE 
2020-12-23 11:56:50.197 INFO  [BOT] 0: PRESENCE_UPDATE 
2020-12-23 11:56:54.470 INFO  [BOT] 0: PRESENCE_UPDATE 
2020-12-23 11:57:01.298 INFO  [BOT] 0: PRESENCE_UPDATE 
2020-12-23 11:57:12.402 INFO  [BOT] 0: PRESENCE_UPDATE 
2020-12-23 11:57:12.422 INFO  [BOT] 0: PRESENCE_UPDATE 
2020-12-23 11:57:13.826 INFO  [BOT] 0: PRESENCE_UPDATE 
2020-12-23 11:57:15.436 INFO  [BOT] 0: PRESENCE_UPDATE 
2020-12-23 11:57:16.423 INFO  [BOT] 0: PRESENCE_UPDATE 
2020-12-23 11:57:17.544 INFO  [BOT] 0: TYPING_START 
2020-12-23 11:57:18.188 INFO  [BOT] 0: PRESENCE_UPDATE 
2020-12-23 11:57:18.189 INFO  [BOT] 0: TYPING_START 
2020-12-23 11:57:21.495 INFO  [BOT] 0: null 
2020-12-23 11:57:22.985 INFO  [BOT] 0: PRESENCE_UPDATE 
2020-12-23 11:57:24.499 INFO  [BOT] 0: PRESENCE_UPDATE 
2020-12-23 11:57:25.529 INFO  [BOT] 0: PRESENCE_UPDATE 
2020-12-23 11:57:25.560 INFO  [BOT] 0: TYPING_START 
2020-12-23 11:57:28.561 INFO  [BOT] 0: PRESENCE_UPDATE 
2020-12-23 11:57:31.456 INFO  [BOT] 0: TYPING_START 
2020-12-23 11:57:32.383 INFO  [BOT] 0: PRESENCE_UPDATE 
2020-12-23 11:57:33.758 INFO  [BOT] 0: TYPING_START 
2020-12-23 11:57:35.045 INFO  [BOT] 0: PRESENCE_UPDATE 
2020-12-23 11:57:38.646 INFO  [BOT] 0: PRESENCE_UPDATE 
2020-12-23 11:57:38.943 INFO  [BOT] 0: PRESENCE_UPDATE 
2020-12-23 11:57:40.797 INFO  [BOT] 0: TYPING_START 
2020-12-23 11:57:41.130 INFO  [BOT] 0: MESSAGE_CREATE 
2020-12-23 11:57:41.813 INFO  [BOT] 0: TYPING_START 
2020-12-23 11:57:46.731 INFO  [BOT] 0: PRESENCE_UPDATE 
2020-12-23 11:57:46.945 INFO  [BOT] 0: MESSAGE_CREATE 
2020-12-23 11:57:50.374 INFO  [BOT] 0: TYPING_START 
2020-12-23 11:57:52.577 INFO  [BOT] 0: MESSAGE_CREATE 
2020-12-23 11:57:56.264 INFO  [BOT] 0: PRESENCE_UPDATE 
2020-12-23 11:57:57.811 INFO  [BOT] 0: PRESENCE_UPDATE 
2020-12-23 11:57:58.641 INFO  [BOT] 0: TYPING_START 
2020-12-23 11:58:00.047 INFO  [BOT] 0: TYPING_START 
2020-12-23 11:58:01.843 INFO  [BOT] 0: PRESENCE_UPDATE 
2020-12-23 11:58:02.752 INFO  [BOT] 0: null 
2020-12-23 11:58:03.852 INFO  [BOT] 0: PRESENCE_UPDATE 
2020-12-23 11:58:05.478 INFO  [BOT] 0: MESSAGE_CREATE 
2020-12-23 11:58:06.238 INFO  [BOT] 0: TYPING_START 
2020-12-23 11:58:07.901 INFO  [BOT] 0: PRESENCE_UPDATE 
2020-12-23 11:58:12.822 INFO  [BOT] 0: MESSAGE_CREATE 
2020-12-23 11:58:13.603 INFO  [BOT] 0: TYPING_START 
2020-12-23 11:58:17.872 INFO  [BOT] 0: MESSAGE_CREATE 
2020-12-23 11:58:26.129 INFO  [BOT] 0: PRESENCE_UPDATE 
2020-12-23 11:58:27.069 INFO  [BOT] 0: PRESENCE_UPDATE 
2020-12-23 11:58:29.152 INFO  [BOT] 0: TYPING_START 
2020-12-23 11:58:29.300 INFO  [BOT] 0: PRESENCE_UPDATE 
2020-12-23 11:58:30.064 INFO  [BOT] 0: PRESENCE_UPDATE 
2020-12-23 11:58:30.204 INFO  [BOT] 0: TYPING_START 
2020-12-23 11:58:33.097 INFO  [BOT] 0: PRESENCE_UPDATE 
2020-12-23 11:58:37.349 INFO  [BOT] 0: TYPING_START 
2020-12-23 11:58:37.978 INFO  [BOT] 0: MESSAGE_CREATE 
2020-12-23 11:58:39.185 INFO  [BOT] 0: TYPING_START 
2020-12-23 11:58:44.016 INFO  [BOT] 0: null 
2020-12-23 11:58:47.236 INFO  [BOT] 0: TYPING_START 
2020-12-23 11:58:52.556 INFO  [BOT] 0: PRESENCE_UPDATE 
2020-12-23 11:58:55.265 INFO  [BOT] 0: TYPING_START 
2020-12-23 11:58:57.186 INFO  [BOT] 0: PRESENCE_UPDATE 
2020-12-23 11:58:57.754 INFO  [BOT] 0: MESSAGE_CREATE 
2020-12-23 11:59:00.643 INFO  [BOT] 0: GUILD_ROLE_UPDATE 
2020-12-23 11:59:00.660 INFO  [BOT] 0: GUILD_ROLE_UPDATE 
2020-12-23 11:59:00.665 INFO  [BOT] 0: GUILD_ROLE_UPDATE 
2020-12-23 11:59:00.672 INFO  [BOT] 0: GUILD_ROLE_UPDATE 
2020-12-23 11:59:00.672 INFO  [BOT] 0: GUILD_ROLE_UPDATE 
2020-12-23 11:59:00.689 INFO  [BOT] 0: GUILD_ROLE_UPDATE 
2020-12-23 11:59:00.710 INFO  [BOT] 0: GUILD_ROLE_UPDATE 
2020-12-23 11:59:00.729 INFO  [BOT] 0: GUILD_ROLE_UPDATE 
2020-12-23 11:59:00.730 INFO  [BOT] 0: GUILD_ROLE_UPDATE 
2020-12-23 11:59:00.730 INFO  [BOT] 0: GUILD_ROLE_UPDATE 
2020-12-23 11:59:00.741 INFO  [BOT] 0: GUILD_ROLE_UPDATE 
2020-12-23 11:59:00.742 INFO  [BOT] 0: GUILD_ROLE_UPDATE 
2020-12-23 11:59:00.773 INFO  [BOT] 0: GUILD_ROLE_UPDATE 
2020-12-23 11:59:00.773 INFO  [BOT] 0: GUILD_ROLE_UPDATE 
2020-12-23 11:59:00.775 INFO  [BOT] 0: GUILD_ROLE_UPDATE 
2020-12-23 11:59:00.775 INFO  [BOT] 0: GUILD_ROLE_UPDATE 
2020-12-23 11:59:00.791 INFO  [BOT] 0: GUILD_ROLE_UPDATE 
2020-12-23 11:59:00.807 INFO  [BOT] 0: GUILD_ROLE_UPDATE 
2020-12-23 11:59:00.808 INFO  [BOT] 0: GUILD_ROLE_UPDATE 
2020-12-23 11:59:00.823 INFO  [BOT] 0: GUILD_ROLE_UPDATE 
2020-12-23 11:59:00.824 INFO  [BOT] 0: GUILD_ROLE_UPDATE 
2020-12-23 11:59:00.824 INFO  [BOT] 0: GUILD_ROLE_UPDATE 
2020-12-23 11:59:00.840 INFO  [BOT] 0: GUILD_ROLE_UPDATE 
2020-12-23 11:59:00.840 INFO  [BOT] 0: GUILD_ROLE_UPDATE 
2020-12-23 11:59:00.841 INFO  [BOT] 0: GUILD_ROLE_UPDATE 
2020-12-23 11:59:00.856 INFO  [BOT] 0: GUILD_ROLE_UPDATE 
2020-12-23 11:59:00.877 INFO  [BOT] 0: GUILD_ROLE_UPDATE 
2020-12-23 11:59:00.878 INFO  [BOT] 0: GUILD_ROLE_UPDATE 
2020-12-23 11:59:00.879 INFO  [BOT] 0: GUILD_ROLE_UPDATE 
2020-12-23 11:59:00.880 INFO  [BOT] 0: GUILD_ROLE_UPDATE 
2020-12-23 11:59:00.885 INFO  [BOT] 0: GUILD_ROLE_UPDATE 
2020-12-23 11:59:00.906 INFO  [BOT] 0: GUILD_ROLE_UPDATE 
2020-12-23 11:59:00.907 INFO  [BOT] 0: GUILD_ROLE_UPDATE 
2020-12-23 11:59:00.924 INFO  [BOT] 0: GUILD_ROLE_UPDATE 
2020-12-23 11:59:00.926 INFO  [BOT] 0: GUILD_ROLE_UPDATE 
2020-12-23 11:59:00.940 INFO  [BOT] 0: GUILD_ROLE_UPDATE 
2020-12-23 11:59:00.940 INFO  [BOT] 0: GUILD_ROLE_UPDATE 
2020-12-23 11:59:00.957 INFO  [BOT] 0: GUILD_ROLE_UPDATE 
2020-12-23 11:59:00.973 INFO  [BOT] 0: GUILD_ROLE_UPDATE 
2020-12-23 11:59:00.974 INFO  [BOT] 0: GUILD_ROLE_UPDATE 
2020-12-23 11:59:00.990 INFO  [BOT] 0: GUILD_ROLE_UPDATE 
2020-12-23 11:59:00.991 INFO  [BOT] 0: GUILD_ROLE_UPDATE 
2020-12-23 11:59:01.006 INFO  [BOT] 0: GUILD_ROLE_UPDATE 
2020-12-23 11:59:01.007 INFO  [BOT] 0: GUILD_ROLE_UPDATE 
2020-12-23 11:59:01.008 INFO  [BOT] 0: GUILD_ROLE_UPDATE 
2020-12-23 11:59:01.023 INFO  [BOT] 0: GUILD_ROLE_UPDATE 
2020-12-23 11:59:01.024 INFO  [BOT] 0: GUILD_ROLE_UPDATE 
2020-12-23 11:59:01.041 INFO  [BOT] 0: GUILD_ROLE_UPDATE 
2020-12-23 11:59:01.045 INFO  [BOT] 0: GUILD_ROLE_UPDATE 
2020-12-23 11:59:01.046 INFO  [BOT] 0: GUILD_ROLE_UPDATE 
2020-12-23 11:59:01.049 INFO  [BOT] 0: GUILD_ROLE_UPDATE 
2020-12-23 11:59:01.049 INFO  [BOT] 0: GUILD_ROLE_UPDATE 
2020-12-23 11:59:01.090 INFO  [BOT] 0: GUILD_ROLE_UPDATE 
2020-12-23 11:59:01.091 INFO  [BOT] 0: GUILD_ROLE_UPDATE 
2020-12-23 11:59:01.092 INFO  [BOT] 0: GUILD_ROLE_UPDATE 
2020-12-23 11:59:01.107 INFO  [BOT] 0: GUILD_ROLE_UPDATE 
2020-12-23 11:59:01.108 INFO  [BOT] 0: GUILD_ROLE_UPDATE 
2020-12-23 11:59:01.109 INFO  [BOT] 0: GUILD_ROLE_UPDATE 
2020-12-23 11:59:01.123 INFO  [BOT] 0: GUILD_ROLE_UPDATE 
2020-12-23 11:59:01.124 INFO  [BOT] 0: GUILD_ROLE_UPDATE 
2020-12-23 11:59:01.125 INFO  [BOT] 0: GUILD_ROLE_UPDATE 
2020-12-23 11:59:01.140 INFO  [BOT] 0: GUILD_ROLE_UPDATE 
2020-12-23 11:59:01.142 INFO  [BOT] 0: GUILD_ROLE_UPDATE 
2020-12-23 11:59:01.179 INFO  [BOT] 0: GUILD_ROLE_UPDATE 
2020-12-23 11:59:01.180 INFO  [BOT] 0: GUILD_ROLE_UPDATE 
2020-12-23 11:59:01.182 INFO  [BOT] 0: GUILD_ROLE_UPDATE 
2020-12-23 11:59:01.183 INFO  [BOT] 0: GUILD_ROLE_UPDATE 
2020-12-23 11:59:01.189 INFO  [BOT] 0: GUILD_ROLE_UPDATE 
2020-12-23 11:59:10.251 INFO  [BOT] 0: TYPING_START 
2020-12-23 11:59:10.521 INFO  [BOT] 0: MESSAGE_CREATE 
2020-12-23 11:59:16.064 INFO  [BOT] 0: CHANNEL_UPDATE 
2020-12-23 11:59:16.402 INFO  [BOT] 0: MESSAGE_CREATE 
2020-12-23 11:59:16.458 INFO  [BOT] 0: MESSAGE_UPDATE 
2020-12-23 11:59:17.673 INFO  [BOT] 0: PRESENCE_UPDATE 
2020-12-23 11:59:23.504 INFO  [DISCORD] Bot connected 
2020-12-23 11:59:23.809 INFO  [BOT] 0: null 
2020-12-23 11:59:23.947 INFO  [BOT] 0: null 
2020-12-23 11:59:24.086 INFO  [BOT] 0: READY 
2020-12-23 11:59:24.347 INFO  [BOT] 0: GUILD_CREATE 
2020-12-23 11:59:24.367 INFO  [DISCORD] 'ready' event is triggered 
2020-12-23 11:59:24.573 INFO  [BOT] Rules module loaded 
2020-12-23 11:59:26.817 INFO  [BOT] 0: MESSAGE_CREATE 
2020-12-23 11:59:37.731 INFO  [BOT] 0: PRESENCE_UPDATE 
2020-12-23 11:59:41.457 INFO  [BOT] 0: PRESENCE_UPDATE 
2020-12-23 11:59:42.770 INFO  [BOT] 0: PRESENCE_UPDATE 
2020-12-23 11:59:53.083 INFO  [BOT] 0: PRESENCE_UPDATE 
2020-12-23 12:00:05.208 INFO  [BOT] 0: null 
2020-12-23 12:00:12.086 INFO  [BOT] 0: PRESENCE_UPDATE 
2020-12-23 12:00:15.012 INFO  [BOT] 0: PRESENCE_UPDATE 
2020-12-23 12:00:23.843 INFO  [DISCORD] Bot connected 
2020-12-23 12:00:24.140 INFO  [BOT] 0: null 
2020-12-23 12:00:24.284 INFO  [BOT] 0: null 
2020-12-23 12:00:24.374 INFO  [BOT] 0: READY 
2020-12-23 12:00:24.658 INFO  [BOT] 0: GUILD_CREATE 
2020-12-23 12:00:24.664 INFO  [DISCORD] 'ready' event is triggered 
2020-12-23 12:00:24.861 INFO  [BOT] Rules module loaded 
2020-12-23 12:00:30.909 INFO  [BOT] 0: PRESENCE_UPDATE 
2020-12-23 12:00:39.058 INFO  [BOT] 0: PRESENCE_UPDATE 
2020-12-23 12:01:00.385 INFO  [BOT] 0: PRESENCE_UPDATE 
2020-12-23 12:01:05.540 INFO  [BOT] 0: null 
2020-12-23 12:01:05.898 INFO  [BOT] 0: TYPING_START 
2020-12-23 12:01:09.373 INFO  [BOT] 0: PRESENCE_UPDATE 
2020-12-23 12:01:12.469 INFO  [BOT] 0: MESSAGE_CREATE 
2020-12-23 12:01:18.669 INFO  [DISCORD] Bot connected 
2020-12-23 12:01:18.975 INFO  [BOT] 0: null 
2020-12-23 12:01:19.125 INFO  [BOT] 0: null 
2020-12-23 12:01:19.256 INFO  [BOT] 0: READY 
2020-12-23 12:01:19.572 INFO  [BOT] 0: GUILD_CREATE 
2020-12-23 12:01:19.589 INFO  [DISCORD] 'ready' event is triggered 
2020-12-23 12:01:19.804 INFO  [BOT] Rules module loaded 
2020-12-23 12:01:25.091 INFO  [BOT] 0: PRESENCE_UPDATE 
2020-12-23 12:01:25.517 INFO  [BOT] 0: PRESENCE_UPDATE 
2020-12-23 12:01:28.751 INFO  [BOT] 0: PRESENCE_UPDATE 
2020-12-23 12:01:31.284 INFO  [DISCORD] Bot connected 
2020-12-23 12:01:31.570 INFO  [BOT] 0: null 
2020-12-23 12:01:31.727 INFO  [BOT] 0: null 
2020-12-23 12:01:31.860 INFO  [BOT] 0: READY 
2020-12-23 12:01:32.146 INFO  [BOT] 0: GUILD_CREATE 
2020-12-23 12:01:32.164 INFO  [DISCORD] 'ready' event is triggered 
2020-12-23 12:01:32.366 INFO  [BOT] Rules module loaded 
2020-12-23 12:01:37.132 INFO  [BOT] 0: PRESENCE_UPDATE 
2020-12-23 12:01:43.858 INFO  [BOT] 0: PRESENCE_UPDATE 
2020-12-23 12:01:57.110 INFO  [BOT] 0: PRESENCE_UPDATE 
2020-12-23 12:02:12.964 INFO  [BOT] 0: null 
2020-12-23 12:02:32.887 INFO  [BOT] 0: PRESENCE_UPDATE 
2020-12-23 12:02:38.359 INFO  [BOT] 0: PRESENCE_UPDATE 
2020-12-23 12:02:45.826 INFO  [DISCORD] Bot connected 
2020-12-23 12:02:46.116 INFO  [BOT] 0: null 
2020-12-23 12:02:46.259 INFO  [BOT] 0: null 
2020-12-23 12:02:46.349 INFO  [BOT] 0: READY 
2020-12-23 12:02:46.688 INFO  [BOT] 0: GUILD_CREATE 
2020-12-23 12:02:46.704 INFO  [DISCORD] 'ready' event is triggered 
2020-12-23 12:02:46.902 INFO  [BOT] Rules module loaded 
2020-12-23 12:02:52.489 INFO  [BOT] 0: PRESENCE_UPDATE 
2020-12-23 12:02:55.255 INFO  [DISCORD] Bot connected 
2020-12-23 12:02:55.577 INFO  [BOT] 0: null 
2020-12-23 12:02:55.714 INFO  [BOT] 0: null 
2020-12-23 12:02:55.844 INFO  [BOT] 0: READY 
2020-12-23 12:02:56.122 INFO  [BOT] 0: GUILD_CREATE 
2020-12-23 12:02:56.138 INFO  [DISCORD] 'ready' event is triggered 
2020-12-23 12:02:56.331 INFO  [BOT] Rules module loaded 
2020-12-23 12:03:02.292 INFO  [BOT] 0: PRESENCE_UPDATE 
2020-12-23 12:03:11.678 INFO  [BOT] 0: PRESENCE_UPDATE 
2020-12-23 12:03:14.688 INFO  [BOT] 0: PRESENCE_UPDATE 
2020-12-23 12:03:18.280 INFO  [BOT] 0: TYPING_START 
2020-12-23 12:03:25.320 INFO  [DISCORD] Bot connected 
2020-12-23 12:03:25.609 INFO  [BOT] 0: null 
2020-12-23 12:03:25.760 INFO  [BOT] 0: null 
2020-12-23 12:03:25.832 INFO  [BOT] 0: READY 
2020-12-23 12:03:26.092 INFO  [BOT] 0: GUILD_CREATE 
2020-12-23 12:03:26.105 INFO  [DISCORD] 'ready' event is triggered 
2020-12-23 12:03:26.308 INFO  [BOT] Rules module loaded 
2020-12-23 12:03:27.148 INFO  [BOT] 0: PRESENCE_UPDATE 
2020-12-23 12:03:34.004 INFO  [BOT] 0: PRESENCE_UPDATE 
2020-12-23 12:03:40.357 INFO  [BOT] 0: PRESENCE_UPDATE 
2020-12-23 12:03:43.924 INFO  [BOT] 0: PRESENCE_UPDATE 
2020-12-23 12:03:48.003 INFO  [BOT] 0: PRESENCE_UPDATE 
2020-12-23 12:03:52.577 INFO  [DISCORD] Bot connected 
2020-12-23 12:03:52.894 INFO  [BOT] 0: null 
2020-12-23 12:03:53.033 INFO  [BOT] 0: null 
2020-12-23 12:03:53.084 INFO  [BOT] 0: READY 
2020-12-23 12:03:53.541 INFO  [BOT] 0: GUILD_CREATE 
2020-12-23 12:03:53.554 INFO  [DISCORD] 'ready' event is triggered 
2020-12-23 12:03:53.749 INFO  [BOT] Rules module loaded 
2020-12-23 12:04:01.227 INFO  [BOT] 0: PRESENCE_UPDATE 
2020-12-23 12:04:18.444 INFO  [BOT] 0: PRESENCE_UPDATE 
2020-12-23 12:04:26.258 INFO  [BOT] 0: MESSAGE_REACTION_ADD 
2020-12-23 12:04:26.509 INFO  [BOT] 0: CHANNEL_UPDATE 
2020-12-23 12:04:26.844 INFO  [BOT] 0: MESSAGE_CREATE 
2020-12-23 12:04:26.890 INFO  [BOT] 0: MESSAGE_UPDATE 
2020-12-23 12:04:30.125 INFO  [BOT] 0: PRESENCE_UPDATE 
2020-12-23 12:04:32.890 INFO  [BOT] 0: PRESENCE_UPDATE 
2020-12-23 12:04:33.733 INFO  [BOT] 0: PRESENCE_UPDATE 
2020-12-23 12:04:34.285 INFO  [BOT] 0: null 
2020-12-23 12:05:11.835 INFO  [BOT] 0: PRESENCE_UPDATE 
2020-12-23 12:05:15.547 INFO  [BOT] 0: null 
2020-12-23 12:05:17.989 INFO  [BOT] 0: PRESENCE_UPDATE 
2020-12-23 12:05:28.086 INFO  [BOT] 0: PRESENCE_UPDATE 
2020-12-23 12:05:31.278 INFO  [BOT] 0: PRESENCE_UPDATE 
2020-12-23 12:05:43.039 INFO  [DISCORD] Bot connected 
2020-12-23 12:05:43.360 INFO  [BOT] 0: null 
2020-12-23 12:05:43.503 INFO  [BOT] 0: null 
2020-12-23 12:05:43.648 INFO  [BOT] 0: READY 
2020-12-23 12:05:43.940 INFO  [BOT] 0: GUILD_CREATE 
2020-12-23 12:05:43.952 INFO  [DISCORD] 'ready' event is triggered 
2020-12-23 12:05:44.159 INFO  [BOT] Rules module loaded 
2020-12-23 12:05:44.790 INFO  [BOT] RICHARD-LARVOR Hugo I2 has refused rules 
2020-12-23 12:05:44.791 INFO  [BOT] Raffff has refused rules 
2020-12-23 12:05:44.793 INFO  [BOT] SoMul3R has refused rules 
2020-12-23 12:05:44.803 INFO  [BOT] MONNIER Nathanaël J2 has refused rules 
2020-12-23 12:05:44.804 INFO  [BOT] Cobizz has refused rules 
2020-12-23 12:05:44.807 INFO  [BOT] Maxime Hl has refused rules 
2020-12-23 12:05:44.808 INFO  [BOT] Demon3x has refused rules 
2020-12-23 12:05:44.810 INFO  [BOT] floplay has refused rules 
2020-12-23 12:05:44.821 INFO  [BOT] AXEL'Ingénieur has refused rules 
2020-12-23 12:05:44.822 INFO  [BOT] beliaroth has refused rules 
2020-12-23 12:05:44.824 INFO  [BOT] Poupoutrie has refused rules 
2020-12-23 12:05:44.825 INFO  [BOT] helloWRLD has refused rules 
2020-12-23 12:05:44.827 INFO  [BOT] musictaste.space has refused rules 
2020-12-23 12:05:44.827 INFO  [BOT] Rythm has refused rules 
2020-12-23 12:05:44.839 INFO  [BOT] Fenifine616 has refused rules 
2020-12-23 12:05:44.842 INFO  [BOT] Mouloud has refused rules 
2020-12-23 12:05:44.843 INFO  [BOT] twitch.tv/quiros974 has refused rules 
2020-12-23 12:05:44.845 INFO  [BOT] Dank Memer has refused rules 
2020-12-23 12:05:44.858 INFO  [BOT] symeed has refused rules 
2020-12-23 12:05:44.859 INFO  [BOT] Red Rigel has refused rules 
2020-12-23 12:05:44.861 INFO  [BOT] Konan has refused rules 
2020-12-23 12:05:44.870 INFO  [BOT] Trèndèr has refused rules 
2020-12-23 12:05:44.871 INFO  [BOT] Etienne Le Mée has refused rules 
2020-12-23 12:05:44.874 INFO  [BOT] Kolomo has refused rules 
2020-12-23 12:05:44.874 INFO  [BOT] Statbot has refused rules 
2020-12-23 12:05:44.877 INFO  [BOT] HODORRRRRRRRRR has refused rules 
2020-12-23 12:05:44.877 INFO  [BOT] Mangue has refused rules 
2020-12-23 12:05:44.891 INFO  [BOT] ENORME has refused rules 
2020-12-23 12:05:44.891 INFO  [BOT] BastienTLC has refused rules 
2020-12-23 12:05:44.893 INFO  [BOT] Crazed has refused rules 
2020-12-23 12:05:44.893 INFO  [BOT] !PIKACHU has refused rules 
2020-12-23 12:05:44.894 INFO  [BOT] Favity has refused rules 
2020-12-23 12:05:44.897 INFO  [BOT] Wolne has refused rules 
2020-12-23 12:05:44.906 INFO  [BOT] TEYLLSS has refused rules 
2020-12-23 12:05:44.906 INFO  [BOT] Larusso has refused rules 
2020-12-23 12:05:44.909 INFO  [BOT] VideoEditBot has refused rules 
2020-12-23 12:05:44.910 INFO  [BOT] Ewen Collet G1 has refused rules 
2020-12-23 12:05:44.912 INFO  [BOT] Kiri4n has refused rules 
2020-12-23 12:05:44.921 INFO  [BOT] Brice has refused rules 
2020-12-23 12:05:44.922 INFO  [BOT] FreshTime has refused rules 
2020-12-23 12:05:44.924 INFO  [BOT] duault_gaston has refused rules 
2020-12-23 12:05:44.925 INFO  [BOT] Dranoc has refused rules 
2020-12-23 12:05:44.925 INFO  [BOT] Hervé Renard has refused rules 
2020-12-23 12:05:44.937 INFO  [BOT] Kidikat has refused rules 
2020-12-23 12:05:44.937 INFO  [BOT] Kevin - Perkeu has refused rules 
2020-12-23 12:05:44.940 INFO  [BOT] JAKe has refused rules 
2020-12-23 12:05:44.940 INFO  [BOT] Père Roger has refused rules 
2020-12-23 12:05:44.943 INFO  [BOT] Erwann has refused rules 
2020-12-23 12:05:44.943 INFO  [BOT] Miou has refused rules 
2020-12-23 12:05:44.946 INFO  [BOT] Sonekoo has refused rules 
2020-12-23 12:05:44.955 INFO  [BOT] Hawkney has refused rules 
2020-12-23 12:05:44.955 INFO  [BOT] Scryfall has refused rules 
2020-12-23 12:05:44.957 INFO  [BOT] Groovy has refused rules 
2020-12-23 12:05:44.958 INFO  [BOT] Madore224 has refused rules 
2020-12-23 12:05:44.958 INFO  [BOT] Wuake has refused rules 
2020-12-23 12:05:44.970 INFO  [BOT] yayou has refused rules 
2020-12-23 12:05:44.971 INFO  [BOT] Pierreee has refused rules 
2020-12-23 12:05:44.972 INFO  [BOT] Adrien has refused rules 
2020-12-23 12:05:44.973 INFO  [BOT] CEO OF L9 has refused rules 
2020-12-23 12:05:44.973 INFO  [BOT] God Dammit has refused rules 
2020-12-23 12:05:44.977 INFO  [BOT] paul has refused rules 
2020-12-23 12:05:44.977 INFO  [BOT] COULON Anthony G2 has refused rules 
2020-12-23 12:05:45.363 INFO  [BOT] 0: GUILD_MEMBER_UPDATE 
2020-12-23 12:05:45.763 INFO  [BOT] 0: GUILD_MEMBER_UPDATE 
2020-12-23 12:05:46.050 INFO  [BOT] 0: GUILD_MEMBER_UPDATE 
2020-12-23 12:05:46.346 INFO  [BOT] 0: GUILD_MEMBER_UPDATE 
2020-12-23 12:05:46.686 INFO  [BOT] 0: GUILD_MEMBER_UPDATE 
2020-12-23 12:05:47.048 INFO  [BOT] 0: GUILD_MEMBER_UPDATE 
2020-12-23 12:05:47.345 INFO  [BOT] 0: GUILD_MEMBER_UPDATE 
2020-12-23 12:05:47.714 INFO  [BOT] 0: GUILD_MEMBER_UPDATE 
2020-12-23 12:05:48.021 INFO  [BOT] 0: GUILD_MEMBER_UPDATE 
2020-12-23 12:05:48.338 INFO  [BOT] 0: GUILD_MEMBER_UPDATE 
2020-12-23 12:07:25.530 INFO  [DISCORD] Bot connected 
2020-12-23 12:07:25.876 INFO  [BOT] 0: null 
2020-12-23 12:07:26.021 INFO  [BOT] 0: null 
2020-12-23 12:07:26.118 INFO  [BOT] 0: READY 
2020-12-23 12:07:26.398 INFO  [BOT] 0: GUILD_CREATE 
2020-12-23 12:07:26.404 INFO  [DISCORD] 'ready' event is triggered 
2020-12-23 12:07:26.612 INFO  [BOT] Rules module loaded 
2020-12-23 12:07:27.240 INFO  [BOT] SoMul3R has refused rules 
2020-12-23 12:07:27.240 INFO  [BOT] MONNIER Nathanaël J2 has refused rules 
2020-12-23 12:07:27.255 INFO  [BOT] Cobizz has refused rules 
2020-12-23 12:07:27.255 INFO  [BOT] Maxime Hl has refused rules 
2020-12-23 12:07:27.257 INFO  [BOT] Demon3x has refused rules 
2020-12-23 12:07:27.258 INFO  [BOT] floplay has refused rules 
2020-12-23 12:07:27.258 INFO  [BOT] AXEL'Ingénieur has refused rules 
2020-12-23 12:07:27.269 INFO  [BOT] beliaroth has refused rules 
2020-12-23 12:07:27.270 INFO  [BOT] Poupoutrie has refused rules 
2020-12-23 12:07:27.273 INFO  [BOT] helloWRLD has refused rules 
2020-12-23 12:07:27.274 INFO  [BOT] Fenifine616 has refused rules 
2020-12-23 12:07:27.275 INFO  [BOT] twitch.tv/quiros974 has refused rules 
2020-12-23 12:07:27.276 INFO  [BOT] symeed has refused rules 
2020-12-23 12:07:27.288 INFO  [BOT] Red Rigel has refused rules 
2020-12-23 12:07:27.288 INFO  [BOT] Konan has refused rules 
2020-12-23 12:07:27.290 INFO  [BOT] Trèndèr has refused rules 
2020-12-23 12:07:27.291 INFO  [BOT] Etienne Le Mée has refused rules 
2020-12-23 12:07:27.291 INFO  [BOT] Kolomo has refused rules 
2020-12-23 12:07:27.303 INFO  [BOT] HODORRRRRRRRRR has refused rules 
2020-12-23 12:07:27.303 INFO  [BOT] Mangue has refused rules 
2020-12-23 12:07:27.306 INFO  [BOT] BastienTLC has refused rules 
2020-12-23 12:07:27.306 INFO  [BOT] Crazed has refused rules 
2020-12-23 12:07:27.309 INFO  [BOT] !PIKACHU has refused rules 
2020-12-23 12:07:27.310 INFO  [BOT] Favity has refused rules 
2020-12-23 12:07:27.313 INFO  [BOT] Wolne has refused rules 
2020-12-23 12:07:27.323 INFO  [BOT] TEYLLSS has refused rules 
2020-12-23 12:07:27.323 INFO  [BOT] Larusso has refused rules 
2020-12-23 12:07:27.323 INFO  [BOT] Ewen Collet G1 has refused rules 
2020-12-23 12:07:27.327 INFO  [BOT] Kiri4n has refused rules 
2020-12-23 12:07:27.327 INFO  [BOT] Brice has refused rules 
2020-12-23 12:07:27.338 INFO  [BOT] FreshTime has refused rules 
2020-12-23 12:07:27.339 INFO  [BOT] duault_gaston has refused rules 
2020-12-23 12:07:27.341 INFO  [BOT] Dranoc has refused rules 
2020-12-23 12:07:27.342 INFO  [BOT] Hervé Renard has refused rules 
2020-12-23 12:07:27.344 INFO  [BOT] Kidikat has refused rules 
2020-12-23 12:07:27.354 INFO  [BOT] Kevin - Perkeu has refused rules 
2020-12-23 12:07:27.354 INFO  [BOT] JAKe has refused rules 
2020-12-23 12:07:27.357 INFO  [BOT] Père Roger has refused rules 
2020-12-23 12:07:27.357 INFO  [BOT] Erwann has refused rules 
2020-12-23 12:07:27.358 INFO  [BOT] Miou has refused rules 
2020-12-23 12:07:27.361 INFO  [BOT] Sonekoo has refused rules 
2020-12-23 12:07:27.370 INFO  [BOT] Hawkney has refused rules 
2020-12-23 12:07:27.371 INFO  [BOT] Madore224 has refused rules 
2020-12-23 12:07:27.373 INFO  [BOT] Wuake has refused rules 
2020-12-23 12:07:27.374 INFO  [BOT] yayou has refused rules 
2020-12-23 12:07:27.374 INFO  [BOT] Pierreee has refused rules 
2020-12-23 12:07:27.377 INFO  [BOT] Adrien has refused rules 
2020-12-23 12:07:27.377 INFO  [BOT] CEO OF L9 has refused rules 
2020-12-23 12:07:27.378 INFO  [BOT] paul has refused rules 
2020-12-23 12:07:27.389 INFO  [BOT] COULON Anthony G2 has refused rules 
2020-12-23 12:07:27.663 INFO  [BOT] 0: GUILD_MEMBER_UPDATE 
2020-12-23 12:07:27.976 INFO  [BOT] 0: GUILD_MEMBER_UPDATE 
2020-12-23 12:07:28.322 INFO  [BOT] 0: GUILD_MEMBER_UPDATE 
2020-12-23 12:07:28.608 INFO  [BOT] 0: GUILD_MEMBER_UPDATE 
2020-12-23 12:07:28.914 INFO  [BOT] 0: GUILD_MEMBER_UPDATE 
2020-12-23 12:07:29.229 INFO  [BOT] 0: GUILD_MEMBER_UPDATE 
2020-12-23 12:07:29.527 INFO  [BOT] 0: GUILD_MEMBER_UPDATE 
2020-12-23 12:07:29.912 INFO  [BOT] 0: GUILD_MEMBER_UPDATE 
2020-12-23 12:07:30.262 INFO  [BOT] 0: GUILD_MEMBER_UPDATE 
2020-12-23 12:07:30.554 INFO  [BOT] 0: GUILD_MEMBER_UPDATE 
2020-12-23 12:07:31.706 INFO  [BOT] 0: PRESENCE_UPDATE 
2020-12-23 12:07:38.867 INFO  [BOT] 0: GUILD_MEMBER_UPDATE 
2020-12-23 12:07:39.199 INFO  [BOT] 0: GUILD_MEMBER_UPDATE 
2020-12-23 12:07:39.610 INFO  [BOT] 0: GUILD_MEMBER_UPDATE 
2020-12-23 12:07:39.989 INFO  [BOT] 0: GUILD_MEMBER_UPDATE 
2020-12-23 12:07:40.329 INFO  [BOT] 0: GUILD_MEMBER_UPDATE 
2020-12-23 12:07:40.660 INFO  [BOT] 0: GUILD_MEMBER_UPDATE 
2020-12-23 12:07:40.952 INFO  [BOT] 0: GUILD_MEMBER_UPDATE 
2020-12-23 12:07:41.246 INFO  [BOT] 0: GUILD_MEMBER_UPDATE 
2020-12-23 12:07:41.539 INFO  [BOT] 0: GUILD_MEMBER_UPDATE 
2020-12-23 12:07:41.876 INFO  [BOT] 0: GUILD_MEMBER_UPDATE 
2020-12-23 12:07:50.063 INFO  [BOT] 0: GUILD_MEMBER_UPDATE 
2020-12-23 12:07:50.383 INFO  [BOT] 0: GUILD_MEMBER_UPDATE 
2020-12-23 12:07:50.714 INFO  [BOT] 0: GUILD_MEMBER_UPDATE 
2020-12-23 12:07:51.013 INFO  [BOT] 0: GUILD_MEMBER_UPDATE 
2020-12-23 12:07:51.510 INFO  [BOT] 0: GUILD_MEMBER_UPDATE 
2020-12-23 12:07:51.800 INFO  [BOT] 0: GUILD_MEMBER_UPDATE 
2020-12-23 12:07:52.094 INFO  [BOT] 0: GUILD_MEMBER_UPDATE 
2020-12-23 12:07:52.430 INFO  [BOT] 0: GUILD_MEMBER_UPDATE 
2020-12-23 12:07:52.755 INFO  [BOT] 0: GUILD_MEMBER_UPDATE 
2020-12-23 12:07:53.120 INFO  [BOT] 0: GUILD_MEMBER_UPDATE 
2020-12-23 12:07:58.649 INFO  [BOT] 0: PRESENCE_UPDATE 
2020-12-23 12:08:01.154 INFO  [BOT] 0: GUILD_MEMBER_UPDATE 
2020-12-23 12:08:01.593 INFO  [BOT] 0: GUILD_MEMBER_UPDATE 
2020-12-23 12:08:02.031 INFO  [BOT] 0: GUILD_MEMBER_UPDATE 
2020-12-23 12:08:02.335 INFO  [BOT] 0: GUILD_MEMBER_UPDATE 
2020-12-23 12:08:02.625 INFO  [BOT] 0: GUILD_MEMBER_UPDATE 
2020-12-23 12:08:02.764 INFO  [BOT] 0: PRESENCE_UPDATE 
2020-12-23 12:08:02.946 INFO  [BOT] 0: GUILD_MEMBER_UPDATE 
2020-12-23 12:08:03.316 INFO  [BOT] 0: GUILD_MEMBER_UPDATE 
2020-12-23 12:08:03.648 INFO  [BOT] 0: GUILD_MEMBER_UPDATE 
2020-12-23 12:08:03.989 INFO  [BOT] 0: GUILD_MEMBER_UPDATE 
2020-12-23 12:08:04.376 INFO  [BOT] 0: GUILD_MEMBER_UPDATE 
2020-12-23 12:08:07.267 INFO  [BOT] 0: null 
2020-12-23 12:08:12.256 INFO  [BOT] 0: GUILD_MEMBER_UPDATE 
2020-12-23 12:08:12.575 INFO  [BOT] 0: GUILD_MEMBER_UPDATE 
2020-12-23 12:08:12.657 INFO  [BOT] 0: PRESENCE_UPDATE 
2020-12-23 12:08:12.846 INFO  [BOT] 0: GUILD_MEMBER_UPDATE 
2020-12-23 12:08:13.132 INFO  [BOT] 0: GUILD_MEMBER_UPDATE 
2020-12-23 12:08:13.440 INFO  [BOT] 0: GUILD_MEMBER_UPDATE 
2020-12-23 12:08:13.491 INFO  [BOT] 0: PRESENCE_UPDATE 
2020-12-23 12:08:13.731 INFO  [BOT] 0: GUILD_MEMBER_UPDATE 
2020-12-23 12:08:14.092 INFO  [BOT] 0: GUILD_MEMBER_UPDATE 
2020-12-23 12:08:14.400 INFO  [BOT] 0: GUILD_MEMBER_UPDATE 
2020-12-23 12:08:14.784 INFO  [BOT] 0: GUILD_MEMBER_UPDATE 
2020-12-23 12:08:15.098 INFO  [BOT] 0: GUILD_MEMBER_UPDATE 
2020-12-23 12:08:15.472 INFO  [BOT] 0: TYPING_START 
2020-12-23 12:08:19.371 INFO  [BOT] 0: PRESENCE_UPDATE 
2020-12-23 12:08:19.937 INFO  [BOT] 0: PRESENCE_UPDATE 
2020-12-23 12:08:23.200 INFO  [BOT] 0: GUILD_MEMBER_UPDATE 
2020-12-23 12:08:23.499 INFO  [BOT] 0: TYPING_START 
2020-12-23 12:08:23.582 INFO  [BOT] 0: GUILD_MEMBER_UPDATE 
2020-12-23 12:08:23.902 INFO  [BOT] 0: GUILD_MEMBER_UPDATE 
2020-12-23 12:08:24.225 INFO  [BOT] 0: GUILD_MEMBER_UPDATE 
2020-12-23 12:08:24.515 INFO  [BOT] 0: GUILD_MEMBER_UPDATE 
2020-12-23 12:08:24.801 INFO  [BOT] 0: GUILD_MEMBER_UPDATE 
2020-12-23 12:08:25.133 INFO  [BOT] 0: GUILD_MEMBER_UPDATE 
2020-12-23 12:08:25.404 INFO  [BOT] 0: GUILD_MEMBER_UPDATE 
2020-12-23 12:08:25.700 INFO  [BOT] 0: GUILD_MEMBER_UPDATE 
2020-12-23 12:08:25.993 INFO  [BOT] 0: GUILD_MEMBER_UPDATE 
2020-12-23 12:08:27.512 INFO  [BOT] 0: MESSAGE_CREATE 
2020-12-23 12:08:34.028 INFO  [BOT] 0: GUILD_MEMBER_UPDATE 
2020-12-23 12:08:34.368 INFO  [BOT] 0: GUILD_MEMBER_UPDATE 
2020-12-23 12:08:34.684 INFO  [BOT] 0: GUILD_MEMBER_UPDATE 
2020-12-23 12:08:34.964 INFO  [BOT] 0: GUILD_MEMBER_UPDATE 
2020-12-23 12:08:35.384 INFO  [BOT] 0: GUILD_MEMBER_UPDATE 
2020-12-23 12:08:35.714 INFO  [BOT] 0: GUILD_MEMBER_UPDATE 
2020-12-23 12:08:36.060 INFO  [BOT] 0: GUILD_MEMBER_UPDATE 
2020-12-23 12:08:36.431 INFO  [BOT] 0: GUILD_MEMBER_UPDATE 
2020-12-23 12:08:36.839 INFO  [BOT] 0: GUILD_MEMBER_UPDATE 
2020-12-23 12:08:37.164 INFO  [BOT] 0: GUILD_MEMBER_UPDATE 
2020-12-23 12:08:38.572 INFO  [BOT] 0: PRESENCE_UPDATE 
2020-12-23 12:08:44.850 INFO  [BOT] 0: GUILD_MEMBER_UPDATE 
2020-12-23 12:08:45.186 INFO  [BOT] 0: GUILD_MEMBER_UPDATE 
2020-12-23 12:08:45.478 INFO  [BOT] 0: GUILD_MEMBER_UPDATE 
2020-12-23 12:08:45.751 INFO  [BOT] 0: GUILD_MEMBER_UPDATE 
2020-12-23 12:08:46.091 INFO  [BOT] 0: GUILD_MEMBER_UPDATE 
2020-12-23 12:08:46.377 INFO  [BOT] 0: GUILD_MEMBER_UPDATE 
2020-12-23 12:08:46.704 INFO  [BOT] 0: GUILD_MEMBER_UPDATE 
2020-12-23 12:08:47.067 INFO  [BOT] 0: GUILD_MEMBER_UPDATE 
2020-12-23 12:08:47.384 INFO  [BOT] 0: GUILD_MEMBER_UPDATE 
2020-12-23 12:08:47.724 INFO  [BOT] 0: GUILD_MEMBER_UPDATE 
2020-12-23 12:08:48.541 INFO  [BOT] 0: null 
2020-12-23 12:08:55.547 INFO  [BOT] 0: GUILD_MEMBER_UPDATE 
2020-12-23 12:08:55.840 INFO  [BOT] 0: GUILD_MEMBER_UPDATE 
2020-12-23 12:08:56.137 INFO  [BOT] 0: GUILD_MEMBER_UPDATE 
2020-12-23 12:08:56.413 INFO  [BOT] 0: GUILD_MEMBER_UPDATE 
2020-12-23 12:08:56.685 INFO  [BOT] 0: GUILD_MEMBER_UPDATE 
2020-12-23 12:08:57.027 INFO  [BOT] 0: GUILD_MEMBER_UPDATE 
2020-12-23 12:08:57.312 INFO  [BOT] 0: GUILD_MEMBER_UPDATE 
2020-12-23 12:08:57.625 INFO  [BOT] 0: GUILD_MEMBER_UPDATE 
2020-12-23 12:08:57.976 INFO  [BOT] 0: GUILD_MEMBER_UPDATE 
2020-12-23 12:08:58.248 INFO  [BOT] 0: GUILD_MEMBER_UPDATE 
2020-12-23 12:09:05.805 INFO  [BOT] 0: PRESENCE_UPDATE 
2020-12-23 12:09:06.145 INFO  [BOT] 0: GUILD_MEMBER_UPDATE 
2020-12-23 12:09:06.448 INFO  [BOT] 0: GUILD_MEMBER_UPDATE 
2020-12-23 12:09:06.779 INFO  [BOT] 0: GUILD_MEMBER_UPDATE 
2020-12-23 12:09:07.091 INFO  [BOT] 0: GUILD_MEMBER_UPDATE 
2020-12-23 12:09:07.421 INFO  [BOT] 0: GUILD_MEMBER_UPDATE 
2020-12-23 12:09:07.761 INFO  [BOT] 0: GUILD_MEMBER_UPDATE 
2020-12-23 12:09:08.075 INFO  [BOT] 0: GUILD_MEMBER_UPDATE 
2020-12-23 12:09:08.411 INFO  [BOT] 0: GUILD_MEMBER_UPDATE 
2020-12-23 12:09:08.725 INFO  [BOT] 0: GUILD_MEMBER_UPDATE 
2020-12-23 12:09:08.995 INFO  [BOT] 0: GUILD_MEMBER_UPDATE 
2020-12-23 12:09:16.866 INFO  [BOT] 0: GUILD_MEMBER_UPDATE 
2020-12-23 12:09:17.189 INFO  [BOT] 0: GUILD_MEMBER_UPDATE 
2020-12-23 12:09:17.474 INFO  [BOT] 0: GUILD_MEMBER_UPDATE 
2020-12-23 12:09:17.495 INFO  [BOT] 0: PRESENCE_UPDATE 
2020-12-23 12:09:17.803 INFO  [BOT] 0: GUILD_MEMBER_UPDATE 
2020-12-23 12:09:18.160 INFO  [BOT] 0: GUILD_MEMBER_UPDATE 
2020-12-23 12:09:18.465 INFO  [BOT] 0: GUILD_MEMBER_UPDATE 
2020-12-23 12:09:18.800 INFO  [BOT] 0: GUILD_MEMBER_UPDATE 
2020-12-23 12:09:19.114 INFO  [BOT] 0: GUILD_MEMBER_UPDATE 
2020-12-23 12:09:19.476 INFO  [BOT] 0: GUILD_MEMBER_UPDATE 
2020-12-23 12:09:19.943 INFO  [BOT] 0: GUILD_MEMBER_UPDATE 
2020-12-23 12:09:27.568 INFO  [BOT] 0: GUILD_MEMBER_UPDATE 
2020-12-23 12:09:27.892 INFO  [BOT] 0: GUILD_MEMBER_UPDATE 
2020-12-23 12:09:28.184 INFO  [BOT] 0: GUILD_MEMBER_UPDATE 
2020-12-23 12:09:28.490 INFO  [BOT] 0: GUILD_MEMBER_UPDATE 
2020-12-23 12:09:28.809 INFO  [BOT] 0: GUILD_MEMBER_UPDATE 
2020-12-23 12:09:29.127 INFO  [BOT] 0: GUILD_MEMBER_UPDATE 
2020-12-23 12:09:29.451 INFO  [BOT] 0: GUILD_MEMBER_UPDATE 
2020-12-23 12:09:29.766 INFO  [BOT] 0: GUILD_MEMBER_UPDATE 
2020-12-23 12:09:29.789 INFO  [BOT] 0: null 
2020-12-23 12:09:30.086 INFO  [BOT] 0: GUILD_MEMBER_UPDATE 
2020-12-23 12:09:30.384 INFO  [BOT] 0: GUILD_MEMBER_UPDATE 
2020-12-23 12:09:36.036 INFO  [BOT] 0: CHANNEL_UPDATE 
2020-12-23 12:09:36.392 INFO  [BOT] 0: MESSAGE_CREATE 
2020-12-23 12:09:36.431 INFO  [BOT] 0: MESSAGE_UPDATE 
2020-12-23 12:09:38.199 INFO  [BOT] 0: GUILD_MEMBER_UPDATE 
2020-12-23 12:09:38.518 INFO  [BOT] 0: GUILD_MEMBER_UPDATE 
2020-12-23 12:09:38.810 INFO  [BOT] 0: GUILD_MEMBER_UPDATE 
2020-12-23 12:09:39.102 INFO  [BOT] 0: GUILD_MEMBER_UPDATE 
2020-12-23 12:09:39.447 INFO  [BOT] 0: GUILD_MEMBER_UPDATE 
2020-12-23 12:09:39.747 INFO  [BOT] 0: GUILD_MEMBER_UPDATE 
2020-12-23 12:09:40.047 INFO  [BOT] 0: GUILD_MEMBER_UPDATE 
2020-12-23 12:09:40.390 INFO  [BOT] 0: GUILD_MEMBER_UPDATE 
2020-12-23 12:09:40.782 INFO  [BOT] 0: GUILD_MEMBER_UPDATE 
2020-12-23 12:09:41.102 INFO  [BOT] 0: GUILD_MEMBER_UPDATE 
2020-12-23 12:09:46.178 INFO  [BOT] 0: PRESENCE_UPDATE 
2020-12-23 12:09:48.789 INFO  [BOT] 0: GUILD_MEMBER_UPDATE 
2020-12-23 12:09:49.124 INFO  [BOT] 0: GUILD_MEMBER_UPDATE 
2020-12-23 12:09:49.540 INFO  [BOT] 0: GUILD_MEMBER_UPDATE 
2020-12-23 12:09:49.813 INFO  [BOT] 0: GUILD_MEMBER_UPDATE 
2020-12-23 12:09:50.090 INFO  [BOT] 0: GUILD_MEMBER_UPDATE 
2020-12-23 12:09:50.419 INFO  [BOT] 0: GUILD_MEMBER_UPDATE 
2020-12-23 12:09:50.743 INFO  [BOT] 0: GUILD_MEMBER_UPDATE 
2020-12-23 12:09:51.074 INFO  [BOT] 0: GUILD_MEMBER_UPDATE 
2020-12-23 12:09:51.395 INFO  [BOT] 0: GUILD_MEMBER_UPDATE 
2020-12-23 12:09:51.705 INFO  [BOT] 0: GUILD_MEMBER_UPDATE 
2020-12-23 12:09:53.925 INFO  [BOT] 0: PRESENCE_UPDATE 
2020-12-23 12:09:55.310 INFO  [BOT] 0: TYPING_START 
2020-12-23 12:09:58.436 INFO  [BOT] 0: MESSAGE_CREATE 
2020-12-23 12:09:59.398 INFO  [BOT] 0: GUILD_MEMBER_UPDATE 
2020-12-23 12:09:59.735 INFO  [BOT] 0: GUILD_MEMBER_UPDATE 
2020-12-23 12:10:00.027 INFO  [BOT] 0: GUILD_MEMBER_UPDATE 
2020-12-23 12:10:00.381 INFO  [BOT] 0: GUILD_MEMBER_UPDATE 
2020-12-23 12:10:00.712 INFO  [BOT] 0: GUILD_MEMBER_UPDATE 
2020-12-23 12:10:00.975 INFO  [BOT] 0: GUILD_MEMBER_UPDATE 
2020-12-23 12:10:01.300 INFO  [BOT] 0: GUILD_MEMBER_UPDATE 
2020-12-23 12:10:01.565 INFO  [BOT] 0: GUILD_MEMBER_UPDATE 
2020-12-23 12:10:01.850 INFO  [BOT] 0: GUILD_MEMBER_UPDATE 
2020-12-23 12:10:01.864 INFO  [BOT] 0: MESSAGE_CREATE 
2020-12-23 12:10:02.184 INFO  [BOT] 0: GUILD_MEMBER_UPDATE 
2020-12-23 12:10:08.408 INFO  [BOT] 0: MESSAGE_REACTION_ADD 
2020-12-23 12:10:09.961 INFO  [BOT] 0: GUILD_MEMBER_UPDATE 
2020-12-23 12:10:10.304 INFO  [BOT] 0: GUILD_MEMBER_UPDATE 
2020-12-23 12:10:10.587 INFO  [BOT] 0: GUILD_MEMBER_UPDATE 
2020-12-23 12:10:10.931 INFO  [BOT] 0: GUILD_MEMBER_UPDATE 
2020-12-23 12:10:11.042 INFO  [BOT] 0: null 
2020-12-23 12:10:11.244 INFO  [BOT] 0: GUILD_MEMBER_UPDATE 
2020-12-23 12:10:11.566 INFO  [BOT] 0: GUILD_MEMBER_UPDATE 
2020-12-23 12:10:11.868 INFO  [BOT] 0: GUILD_MEMBER_UPDATE 
2020-12-23 12:10:12.167 INFO  [BOT] 0: GUILD_MEMBER_UPDATE 
2020-12-23 12:10:12.462 INFO  [BOT] 0: GUILD_MEMBER_UPDATE 
2020-12-23 12:10:12.757 INFO  [BOT] 0: GUILD_MEMBER_UPDATE 
2020-12-23 12:10:19.018 INFO  [BOT] 0: PRESENCE_UPDATE 
2020-12-23 12:10:20.655 INFO  [BOT] 0: GUILD_MEMBER_UPDATE 
2020-12-23 12:10:20.954 INFO  [BOT] 0: GUILD_MEMBER_UPDATE 
2020-12-23 12:10:21.264 INFO  [BOT] 0: GUILD_MEMBER_UPDATE 
2020-12-23 12:10:21.564 INFO  [BOT] 0: GUILD_MEMBER_UPDATE 
2020-12-23 12:10:21.932 INFO  [BOT] 0: GUILD_MEMBER_UPDATE 
2020-12-23 12:10:22.238 INFO  [BOT] 0: GUILD_MEMBER_UPDATE 
2020-12-23 12:10:22.561 INFO  [BOT] 0: GUILD_MEMBER_UPDATE 
2020-12-23 12:10:22.886 INFO  [BOT] 0: GUILD_MEMBER_UPDATE 
2020-12-23 12:10:23.172 INFO  [BOT] 0: GUILD_MEMBER_UPDATE 
2020-12-23 12:10:23.453 INFO  [BOT] 0: GUILD_MEMBER_UPDATE 
2020-12-23 12:10:29.357 INFO  [BOT] 0: PRESENCE_UPDATE 
2020-12-23 12:10:31.241 INFO  [BOT] 0: GUILD_MEMBER_UPDATE 
2020-12-23 12:10:31.557 INFO  [BOT] DiscordRESTError [50013]: Missing Permissions 
2020-12-23 12:10:31.843 INFO  [BOT] 0: GUILD_MEMBER_UPDATE 
2020-12-23 12:10:32.155 INFO  [BOT] 0: GUILD_MEMBER_UPDATE 
2020-12-23 12:10:32.453 INFO  [BOT] 0: GUILD_MEMBER_UPDATE 
2020-12-23 12:10:32.742 INFO  [BOT] 0: GUILD_MEMBER_UPDATE 
2020-12-23 12:10:33.069 INFO  [BOT] 0: GUILD_MEMBER_UPDATE 
2020-12-23 12:10:33.379 INFO  [BOT] 0: GUILD_MEMBER_UPDATE 
2020-12-23 12:10:33.599 INFO  [BOT] 0: PRESENCE_UPDATE 
2020-12-23 12:10:33.715 INFO  [BOT] 0: GUILD_MEMBER_UPDATE 
2020-12-23 12:10:34.010 INFO  [BOT] 0: GUILD_MEMBER_UPDATE 
2020-12-23 12:10:41.798 INFO  [BOT] 0: GUILD_MEMBER_UPDATE 
2020-12-23 12:10:42.125 INFO  [BOT] 0: GUILD_MEMBER_UPDATE 
2020-12-23 12:10:42.421 INFO  [BOT] 0: GUILD_MEMBER_UPDATE 
2020-12-23 12:10:42.761 INFO  [BOT] 0: GUILD_MEMBER_UPDATE 
2020-12-23 12:10:43.083 INFO  [BOT] 0: GUILD_MEMBER_UPDATE 
2020-12-23 12:10:43.403 INFO  [BOT] 0: GUILD_MEMBER_UPDATE 
2020-12-23 12:10:43.730 INFO  [BOT] 0: VOICE_STATE_UPDATE 
2020-12-23 12:10:45.157 INFO  [BOT] 0: GUILD_MEMBER_UPDATE 
2020-12-23 12:10:45.393 INFO  [BOT] 0: VOICE_STATE_UPDATE 
2020-12-23 12:10:45.462 INFO  [BOT] 0: GUILD_MEMBER_UPDATE 
2020-12-23 12:10:45.755 INFO  [BOT] 0: GUILD_MEMBER_UPDATE 
2020-12-23 12:10:46.058 INFO  [BOT] 0: GUILD_MEMBER_UPDATE 
2020-12-23 12:10:49.463 INFO  [BOT] 0: PRESENCE_UPDATE 
2020-12-23 12:10:52.304 INFO  [BOT] 0: null 
2020-12-23 12:10:52.547 INFO  [BOT] 0: GUILD_MEMBER_UPDATE 
2020-12-23 12:10:52.889 INFO  [BOT] 0: GUILD_MEMBER_UPDATE 
2020-12-23 12:10:53.192 INFO  [BOT] 0: GUILD_MEMBER_UPDATE 
2020-12-23 12:10:53.486 INFO  [BOT] 0: GUILD_MEMBER_UPDATE 
2020-12-23 12:10:54.029 INFO  [BOT] 0: GUILD_MEMBER_UPDATE 
2020-12-23 12:10:54.287 INFO  [BOT] 0: GUILD_MEMBER_UPDATE 
2020-12-23 12:10:54.575 INFO  [BOT] 0: GUILD_MEMBER_UPDATE 
2020-12-23 12:10:54.858 INFO  [BOT] 0: GUILD_MEMBER_UPDATE 
2020-12-23 12:10:55.248 INFO  [BOT] 0: GUILD_MEMBER_UPDATE 
2020-12-23 12:10:55.579 INFO  [BOT] 0: GUILD_MEMBER_UPDATE 
2020-12-23 12:10:58.672 INFO  [BOT] 0: PRESENCE_UPDATE 
2020-12-23 12:11:01.955 INFO  [BOT] 0: PRESENCE_UPDATE 
2020-12-23 12:11:04.235 INFO  [BOT] 0: PRESENCE_UPDATE 
2020-12-23 12:11:04.627 INFO  [BOT] 0: GUILD_MEMBER_UPDATE 
2020-12-23 12:11:04.919 INFO  [BOT] 0: GUILD_MEMBER_UPDATE 
2020-12-23 12:11:05.239 INFO  [BOT] 0: GUILD_MEMBER_UPDATE 
2020-12-23 12:11:05.545 INFO  [BOT] 0: GUILD_MEMBER_UPDATE 
2020-12-23 12:11:05.916 INFO  [BOT] 0: GUILD_MEMBER_UPDATE 
2020-12-23 12:11:06.209 INFO  [BOT] 0: GUILD_MEMBER_UPDATE 
2020-12-23 12:11:06.508 INFO  [BOT] 0: GUILD_MEMBER_UPDATE 
2020-12-23 12:11:06.806 INFO  [BOT] 0: GUILD_MEMBER_UPDATE 
2020-12-23 12:11:07.125 INFO  [BOT] 0: GUILD_MEMBER_UPDATE 
2020-12-23 12:11:07.154 INFO  [BOT] 0: PRESENCE_UPDATE 
2020-12-23 12:11:07.425 INFO  [BOT] 0: GUILD_MEMBER_UPDATE 
2020-12-23 12:11:12.889 INFO  [BOT] 0: PRESENCE_UPDATE 
2020-12-23 12:11:13.832 INFO  [BOT] 0: GUILD_MEMBER_UPDATE 
2020-12-23 12:11:14.162 INFO  [BOT] 0: GUILD_MEMBER_UPDATE 
2020-12-23 12:11:33.569 INFO  [BOT] 0: null 
2020-12-23 12:11:44.403 INFO  [BOT] 0: PRESENCE_UPDATE 
2020-12-23 12:11:53.920 INFO  [BOT] 0: PRESENCE_UPDATE 
2020-12-23 12:12:14.809 INFO  [BOT] 0: null 
2020-12-23 12:12:32.213 INFO  [BOT] 0: PRESENCE_UPDATE 
2020-12-23 12:12:33.626 INFO  [BOT] 0: PRESENCE_UPDATE 
2020-12-23 12:12:42.386 INFO  [BOT] 0: PRESENCE_UPDATE 
2020-12-23 12:12:46.526 INFO  [BOT] 0: MESSAGE_REACTION_ADD 
2020-12-23 12:12:53.643 INFO  [BOT] 0: MESSAGE_REACTION_ADD 
2020-12-23 12:12:54.167 INFO  [BOT] 0: MESSAGE_REACTION_ADD 
2020-12-23 12:12:55.085 INFO  [BOT] 0: MESSAGE_REACTION_ADD 
2020-12-23 12:12:56.067 INFO  [BOT] 0: null 
2020-12-23 12:12:58.306 INFO  [BOT] 0: MESSAGE_REACTION_ADD 
2020-12-23 12:12:59.167 INFO  [BOT] 0: MESSAGE_REACTION_ADD 
2020-12-23 12:12:59.870 INFO  [BOT] 0: MESSAGE_REACTION_ADD 
2020-12-23 12:13:00.876 INFO  [BOT] 0: PRESENCE_UPDATE 
2020-12-23 12:13:02.956 INFO  [BOT] 0: PRESENCE_UPDATE 
2020-12-23 12:13:04.017 INFO  [BOT] 0: PRESENCE_UPDATE 
2020-12-23 12:13:06.822 INFO  [BOT] 0: PRESENCE_UPDATE 
2020-12-23 12:13:09.166 INFO  [BOT] 0: PRESENCE_UPDATE 
2020-12-23 12:13:12.418 INFO  [BOT] 0: PRESENCE_UPDATE 
2020-12-23 12:13:18.422 INFO  [DISCORD] Bot connected 
2020-12-23 12:13:19.261 INFO  [BOT] 0: null 
2020-12-23 12:13:19.437 INFO  [BOT] 0: null 
2020-12-23 12:13:19.499 INFO  [BOT] 0: READY 
2020-12-23 12:13:19.812 INFO  [BOT] 0: GUILD_CREATE 
2020-12-23 12:13:19.833 INFO  [DISCORD] 'ready' event is triggered 
2020-12-23 12:13:20.054 INFO  [BOT] Rules module loaded 
2020-12-23 12:13:28.611 INFO  [BOT] 0: PRESENCE_UPDATE 
2020-12-23 12:13:31.832 INFO  [BOT] 0: PRESENCE_UPDATE 
2020-12-23 12:13:53.421 INFO  [BOT] 0: PRESENCE_UPDATE 
2020-12-23 12:14:00.649 INFO  [BOT] 0: null 
2020-12-23 12:14:29.067 INFO  [BOT] 0: TYPING_START 
2020-12-23 12:14:29.852 INFO  [BOT] 0: MESSAGE_CREATE 
2020-12-23 12:14:41.908 INFO  [BOT] 0: null 
2020-12-23 12:14:46.101 INFO  [BOT] 0: CHANNEL_UPDATE 
2020-12-23 12:14:46.468 INFO  [BOT] 0: MESSAGE_CREATE 
2020-12-23 12:14:46.508 INFO  [BOT] 0: MESSAGE_UPDATE 
2020-12-23 12:15:03.017 INFO  [BOT] 0: PRESENCE_UPDATE 
2020-12-23 12:15:04.059 INFO  [BOT] 0: PRESENCE_UPDATE 
2020-12-23 12:15:06.965 INFO  [BOT] 0: PRESENCE_UPDATE 
2020-12-23 12:15:12.404 INFO  [BOT] 0: PRESENCE_UPDATE 
2020-12-23 12:15:23.172 INFO  [BOT] 0: null 
2020-12-23 12:15:30.561 INFO  [BOT] 0: TYPING_START 
2020-12-23 12:15:40.541 INFO  [BOT] 0: PRESENCE_UPDATE 
2020-12-23 12:16:04.199 INFO  [DISCORD] Bot connected 
2020-12-23 12:16:04.511 INFO  [BOT] 0: null 
2020-12-23 12:16:04.659 INFO  [BOT] 0: null 
2020-12-23 12:16:04.737 INFO  [BOT] 0: READY 
2020-12-23 12:16:05.275 INFO  [BOT] 0: GUILD_CREATE 
2020-12-23 12:16:05.293 INFO  [DISCORD] 'ready' event is triggered 
2020-12-23 12:16:05.492 INFO  [BOT] Rules module loaded 
2020-12-23 12:16:06.897 INFO  [BOT] Skew has refused rules 
2020-12-23 12:16:07.196 INFO  [BOT] 0: GUILD_MEMBER_UPDATE 
2020-12-23 12:16:07.535 INFO  [BOT] 0: GUILD_MEMBER_UPDATE 
2020-12-23 12:16:07.815 INFO  [BOT] 0: GUILD_MEMBER_UPDATE 
2020-12-23 12:16:08.130 INFO  [BOT] 0: GUILD_MEMBER_UPDATE 
2020-12-23 12:16:08.433 INFO  [BOT] 0: GUILD_MEMBER_UPDATE 
2020-12-23 12:16:08.760 INFO  [BOT] 0: GUILD_MEMBER_UPDATE 
2020-12-23 12:16:09.064 INFO  [BOT] 0: GUILD_MEMBER_UPDATE 
2020-12-23 12:16:09.346 INFO  [BOT] 0: GUILD_MEMBER_UPDATE 
2020-12-23 12:16:09.666 INFO  [BOT] 0: GUILD_MEMBER_UPDATE 
2020-12-23 12:16:10.064 INFO  [BOT] 0: GUILD_MEMBER_UPDATE 
2020-12-23 12:16:18.214 INFO  [BOT] 0: PRESENCE_UPDATE 
2020-12-23 12:16:18.441 INFO  [BOT] 0: GUILD_MEMBER_UPDATE 
2020-12-23 12:16:18.746 INFO  [BOT] 0: GUILD_MEMBER_UPDATE 
2020-12-23 12:16:19.050 INFO  [BOT] 0: GUILD_MEMBER_UPDATE 
2020-12-23 12:16:19.398 INFO  [BOT] 0: GUILD_MEMBER_UPDATE 
2020-12-23 12:16:19.669 INFO  [BOT] 0: GUILD_MEMBER_UPDATE 
2020-12-23 12:16:20.007 INFO  [BOT] 0: GUILD_MEMBER_UPDATE 
2020-12-23 12:16:20.292 INFO  [BOT] 0: GUILD_MEMBER_UPDATE 
2020-12-23 12:16:20.665 INFO  [BOT] 0: GUILD_MEMBER_UPDATE 
2020-12-23 12:16:21.026 INFO  [BOT] 0: GUILD_MEMBER_UPDATE 
2020-12-23 12:16:21.402 INFO  [BOT] 0: GUILD_MEMBER_UPDATE 
2020-12-23 12:16:29.589 INFO  [BOT] 0: GUILD_MEMBER_UPDATE 
2020-12-23 12:16:29.916 INFO  [BOT] 0: GUILD_MEMBER_UPDATE 
2020-12-23 12:16:30.245 INFO  [BOT] 0: GUILD_MEMBER_UPDATE 
2020-12-23 12:16:30.608 INFO  [BOT] DiscordRESTError [50013]: Missing Permissions 
2020-12-23 12:16:31.006 INFO  [BOT] 0: GUILD_MEMBER_UPDATE 
2020-12-23 12:16:31.397 INFO  [BOT] 0: GUILD_MEMBER_UPDATE 
2020-12-23 12:16:31.704 INFO  [BOT] 0: GUILD_MEMBER_UPDATE 
2020-12-23 12:16:32.030 INFO  [BOT] 0: GUILD_MEMBER_UPDATE 
2020-12-23 12:16:32.330 INFO  [BOT] 0: GUILD_MEMBER_UPDATE 
2020-12-23 12:16:45.930 INFO  [BOT] 0: null 
2020-12-23 12:16:52.467 INFO  [BOT] 0: PRESENCE_UPDATE 
2020-12-23 12:17:04.598 INFO  [DISCORD] Bot connected 
2020-12-23 12:17:04.977 INFO  [BOT] 0: null 
2020-12-23 12:17:05.122 INFO  [BOT] 0: null 
2020-12-23 12:17:05.181 INFO  [BOT] 0: READY 
2020-12-23 12:17:05.454 INFO  [BOT] 0: GUILD_CREATE 
2020-12-23 12:17:05.472 INFO  [DISCORD] 'ready' event is triggered 
2020-12-23 12:17:05.696 INFO  [BOT] Rules module loaded 
2020-12-23 12:17:06.655 INFO  [BOT] 0: PRESENCE_UPDATE 
2020-12-23 12:17:08.605 INFO  [BOT] 0: PRESENCE_UPDATE 
2020-12-23 12:17:37.940 INFO  [DISCORD] Bot connected 
2020-12-23 12:17:38.280 INFO  [BOT] 0: null 
2020-12-23 12:17:38.420 INFO  [BOT] 0: null 
2020-12-23 12:17:38.526 INFO  [BOT] 0: READY 
2020-12-23 12:17:38.853 INFO  [BOT] 0: GUILD_CREATE 
2020-12-23 12:17:38.866 INFO  [DISCORD] 'ready' event is triggered 
2020-12-23 12:17:39.077 INFO  [BOT] Rules module loaded 
2020-12-23 12:17:40.533 INFO  [BOT] 0: PRESENCE_UPDATE 
2020-12-23 12:18:14.057 INFO  [DISCORD] Bot connected 
2020-12-23 12:18:14.369 INFO  [BOT] 0: null 
2020-12-23 12:18:14.511 INFO  [BOT] 0: null 
2020-12-23 12:18:14.649 INFO  [BOT] 0: READY 
2020-12-23 12:18:15.000 INFO  [BOT] 0: GUILD_CREATE 
2020-12-23 12:18:15.007 INFO  [DISCORD] 'ready' event is triggered 
2020-12-23 12:18:15.218 INFO  [BOT] Rules module loaded 
2020-12-23 12:18:16.177 INFO  [BOT] 0: GUILD_MEMBER_UPDATE 
2020-12-23 12:18:16.194 INFO  [BOT] Skew has accepted rules 
2020-12-23 12:18:18.859 INFO  [BOT] 0: TYPING_START 
2020-12-23 12:18:25.263 INFO  [BOT] 0: MESSAGE_CREATE 
2020-12-23 12:18:25.921 INFO  [BOT] 0: TYPING_START 
2020-12-23 12:18:36.037 INFO  [BOT] 0: TYPING_START 
2020-12-23 12:18:46.186 INFO  [BOT] 0: TYPING_START 
2020-12-23 12:18:52.997 INFO  [BOT] 0: MESSAGE_CREATE 
2020-12-23 12:18:55.756 INFO  [BOT] 0: null 
2020-12-23 12:18:58.060 INFO  [BOT] 0: PRESENCE_UPDATE 
2020-12-23 12:19:18.801 INFO  [BOT] 0: PRESENCE_UPDATE 
2020-12-23 12:19:37.055 INFO  [BOT] 0: null 
2020-12-23 12:19:38.575 INFO  [BOT] 0: CHANNEL_UPDATE 
2020-12-23 12:19:38.950 INFO  [BOT] 0: MESSAGE_CREATE 
2020-12-23 12:19:39.086 INFO  [BOT] 0: MESSAGE_UPDATE 
2020-12-23 12:19:56.483 INFO  [BOT] 0: CHANNEL_UPDATE 
2020-12-23 12:19:56.849 INFO  [BOT] 0: MESSAGE_CREATE 
2020-12-23 12:19:56.874 INFO  [BOT] 0: MESSAGE_UPDATE 
2020-12-23 12:20:17.042 INFO  [BOT] 0: PRESENCE_UPDATE 
2020-12-23 12:20:18.262 INFO  [BOT] 0: null 
2020-12-23 12:20:19.074 INFO  [BOT] 0: PRESENCE_UPDATE 
2020-12-23 12:20:33.224 INFO  [BOT] 0: PRESENCE_UPDATE 
2020-12-23 12:20:33.225 INFO  [BOT] 0: PRESENCE_UPDATE 
2020-12-23 12:20:59.516 INFO  [BOT] 0: null 
2020-12-23 12:21:06.277 INFO  [DISCORD] Bot connected 
2020-12-23 12:21:06.600 INFO  [BOT] 0: null 
2020-12-23 12:21:06.744 INFO  [BOT] 0: null 
2020-12-23 12:21:06.847 INFO  [BOT] 0: READY 
2020-12-23 12:21:07.004 INFO  [BOT] 0: GUILD_CREATE 
2020-12-23 12:21:07.019 INFO  [DISCORD] 'ready' event is triggered 
2020-12-23 12:21:07.216 INFO  [BOT] Rules module loaded 
2020-12-23 12:21:19.467 INFO  [BOT] 0: PRESENCE_UPDATE 
2020-12-23 12:21:21.157 INFO  [BOT] 0: CHANNEL_CREATE 
2020-12-23 12:21:21.492 INFO  [BOT] 0: MESSAGE_CREATE 
2020-12-23 12:21:21.520 INFO  [BOT] 0: MESSAGE_UPDATE 
2020-12-23 12:21:23.229 INFO  [BOT] 0: PRESENCE_UPDATE 
2020-12-23 12:21:26.297 INFO  [BOT] 0: CHANNEL_DELETE 
2020-12-23 12:21:26.637 INFO  [BOT] 0: MESSAGE_CREATE 
2020-12-23 12:21:26.690 INFO  [BOT] 0: MESSAGE_UPDATE 
2020-12-23 12:21:37.752 INFO  [BOT] 0: PRESENCE_UPDATE 
2020-12-23 12:21:38.332 INFO  [BOT] 0: PRESENCE_UPDATE 
2020-12-23 12:21:39.774 INFO  [BOT] 0: PRESENCE_UPDATE 
2020-12-23 12:21:47.990 INFO  [BOT] 0: null 
2020-12-23 12:21:52.911 INFO  [BOT] 0: PRESENCE_UPDATE 
2020-12-23 12:21:54.696 INFO  [BOT] 0: PRESENCE_UPDATE 
2020-12-23 12:22:29.251 INFO  [BOT] 0: null 
2020-12-23 12:22:35.250 INFO  [BOT] 0: PRESENCE_UPDATE 
2020-12-23 12:22:55.980 INFO  [BOT] 0: PRESENCE_UPDATE 
2020-12-23 12:22:59.723 INFO  [BOT] 0: PRESENCE_UPDATE 
2020-12-23 12:23:10.529 INFO  [BOT] 0: null 
2020-12-23 12:23:18.452 INFO  [BOT] 0: MESSAGE_REACTION_ADD 
2020-12-23 12:23:18.895 INFO  [BOT] 0: MESSAGE_REACTION_ADD 
2020-12-23 12:23:20.285 INFO  [BOT] 0: MESSAGE_REACTION_ADD 
2020-12-23 12:23:20.964 INFO  [BOT] 0: MESSAGE_REACTION_ADD 
2020-12-23 12:23:21.416 INFO  [BOT] 0: MESSAGE_REACTION_ADD 
2020-12-23 12:23:21.744 INFO  [BOT] 0: MESSAGE_REACTION_ADD 
2020-12-23 12:23:22.155 INFO  [BOT] 0: MESSAGE_REACTION_ADD 
2020-12-23 12:23:25.100 INFO  [BOT] 0: PRESENCE_UPDATE 
2020-12-23 12:23:26.298 INFO  [BOT] 0: PRESENCE_UPDATE 
2020-12-23 12:23:51.795 INFO  [BOT] 0: null 
2020-12-23 12:23:54.856 INFO  [BOT] 0: PRESENCE_UPDATE 
2020-12-23 12:24:07.581 INFO  [DISCORD] Bot connected 
2020-12-23 12:24:07.885 INFO  [BOT] 0: null 
2020-12-23 12:24:08.034 INFO  [BOT] 0: null 
2020-12-23 12:24:08.084 INFO  [BOT] 0: READY 
2020-12-23 12:24:08.364 INFO  [BOT] 0: GUILD_CREATE 
2020-12-23 12:24:08.378 INFO  [DISCORD] 'ready' event is triggered 
2020-12-23 12:24:08.592 INFO  [BOT] Rules module loaded 
2020-12-23 12:24:14.767 INFO  [BOT] 0: CHANNEL_CREATE 
2020-12-23 12:24:15.208 INFO  [BOT] 0: MESSAGE_CREATE 
2020-12-23 12:24:15.312 INFO  [BOT] 0: MESSAGE_UPDATE 
2020-12-23 12:24:17.568 INFO  [BOT] 0: TYPING_START 
2020-12-23 12:24:17.875 INFO  [BOT] 0: CHANNEL_DELETE 
2020-12-23 12:24:18.217 INFO  [BOT] 0: MESSAGE_CREATE 
2020-12-23 12:24:18.288 INFO  [BOT] 0: MESSAGE_UPDATE 
2020-12-23 12:24:20.064 INFO  [BOT] 0: MESSAGE_CREATE 
2020-12-23 12:24:20.359 INFO  [BOT] 0: TYPING_START 
2020-12-23 12:24:26.728 INFO  [DISCORD] Bot connected 
2020-12-23 12:24:27.089 INFO  [BOT] 0: null 
2020-12-23 12:24:27.244 INFO  [BOT] 0: null 
2020-12-23 12:24:27.319 INFO  [BOT] 0: READY 
2020-12-23 12:24:29.030 INFO  [BOT] 0: GUILD_CREATE 
2020-12-23 12:24:29.045 INFO  [DISCORD] 'ready' event is triggered 
2020-12-23 12:24:29.268 INFO  [BOT] Rules module loaded 
2020-12-23 12:24:30.201 INFO  [BOT] 0: TYPING_START 
2020-12-23 12:24:31.726 INFO  [BOT] 0: PRESENCE_UPDATE 
2020-12-23 12:24:38.343 INFO  [BOT] 0: PRESENCE_UPDATE 
2020-12-23 12:24:38.880 INFO  [BOT] 0: TYPING_START 
2020-12-23 12:24:43.167 INFO  [BOT] 0: MESSAGE_CREATE 
2020-12-23 12:24:49.608 INFO  [BOT] 0: PRESENCE_UPDATE 
2020-12-23 12:24:49.970 INFO  [BOT] 0: PRESENCE_UPDATE 
2020-12-23 12:24:51.940 INFO  [BOT] 0: PRESENCE_UPDATE 
2020-12-23 12:25:02.071 INFO  [BOT] 0: PRESENCE_UPDATE 
2020-12-23 12:25:04.236 INFO  [BOT] 0: PRESENCE_UPDATE 
2020-12-23 12:25:06.543 INFO  [BOT] 0: CHANNEL_UPDATE 
2020-12-23 12:25:07.038 INFO  [BOT] 0: MESSAGE_CREATE 
2020-12-23 12:25:07.097 INFO  [BOT] 0: MESSAGE_UPDATE 
2020-12-23 12:25:08.480 INFO  [BOT] 0: null 
2020-12-23 12:25:15.256 INFO  [BOT] 0: MESSAGE_REACTION_ADD 
2020-12-23 12:25:18.749 INFO  [BOT] 0: PRESENCE_UPDATE 
2020-12-23 12:25:19.770 INFO  [BOT] 0: MESSAGE_REACTION_ADD 
2020-12-23 12:25:21.973 INFO  [BOT] 0: TYPING_START 
2020-12-23 12:25:22.392 INFO  [BOT] 0: PRESENCE_UPDATE 
2020-12-23 12:25:24.673 INFO  [BOT] 0: MESSAGE_CREATE 
2020-12-23 12:25:25.347 INFO  [BOT] 0: TYPING_START 
2020-12-23 12:25:35.373 INFO  [BOT] 0: TYPING_START 
2020-12-23 12:25:37.407 INFO  [BOT] 0: PRESENCE_UPDATE 
2020-12-23 12:25:39.731 INFO  [BOT] 0: MESSAGE_CREATE 
2020-12-23 12:25:40.052 INFO  [BOT] 0: PRESENCE_UPDATE 
2020-12-23 12:25:40.203 INFO  [BOT] 0: TYPING_START 
2020-12-23 12:25:47.432 INFO  [BOT] 0: TYPING_START 
2020-12-23 12:25:49.735 INFO  [BOT] 0: null 
2020-12-23 12:25:50.376 INFO  [BOT] 0: TYPING_START 
2020-12-23 12:25:51.174 INFO  [BOT] 0: MESSAGE_CREATE 
2020-12-23 12:25:54.894 INFO  [BOT] 0: PRESENCE_UPDATE 
2020-12-23 12:25:54.918 INFO  [BOT] 0: PRESENCE_UPDATE 
2020-12-23 12:25:55.485 INFO  [BOT] 0: TYPING_START 
2020-12-23 12:25:55.818 INFO  [BOT] 0: TYPING_START 
2020-12-23 12:26:02.465 INFO  [BOT] 0: MESSAGE_CREATE 
2020-12-23 12:26:03.587 INFO  [BOT] 0: TYPING_START 
2020-12-23 12:26:07.168 INFO  [BOT] 0: PRESENCE_UPDATE 
2020-12-23 12:26:11.670 INFO  [BOT] 0: TYPING_START 
2020-12-23 12:26:15.358 INFO  [DISCORD] Bot connected 
2020-12-23 12:26:15.663 INFO  [BOT] 0: null 
2020-12-23 12:26:15.811 INFO  [BOT] 0: null 
2020-12-23 12:26:15.929 INFO  [BOT] 0: READY 
2020-12-23 12:26:16.291 INFO  [BOT] 0: GUILD_CREATE 
2020-12-23 12:26:16.297 INFO  [DISCORD] 'ready' event is triggered 
2020-12-23 12:26:16.513 INFO  [BOT] Rules module loaded 
2020-12-23 12:26:19.781 INFO  [BOT] 0: TYPING_START 
2020-12-23 12:26:20.268 INFO  [BOT] 0: MESSAGE_CREATE 
2020-12-23 12:26:24.879 INFO  [BOT] 0: PRESENCE_UPDATE 
2020-12-23 12:26:29.276 INFO  [BOT] 0: TYPING_START 
2020-12-23 12:26:31.365 INFO  [BOT] 0: MESSAGE_CREATE 
2020-12-23 12:26:35.237 INFO  [DISCORD] Bot connected 
2020-12-23 12:26:35.534 INFO  [BOT] 0: null 
2020-12-23 12:26:35.671 INFO  [BOT] 0: null 
2020-12-23 12:26:35.722 INFO  [BOT] 0: READY 
2020-12-23 12:26:36.161 INFO  [BOT] 0: GUILD_CREATE 
2020-12-23 12:26:36.174 INFO  [DISCORD] 'ready' event is triggered 
2020-12-23 12:26:36.376 INFO  [BOT] Rules module loaded 
2020-12-23 12:26:36.436 INFO  [BOT] 0: PRESENCE_UPDATE 
2020-12-23 12:26:44.173 INFO  [BOT] 0: PRESENCE_UPDATE 
2020-12-23 12:26:52.267 INFO  [BOT] 0: PRESENCE_UPDATE 
2020-12-23 12:27:05.526 INFO  [DISCORD] Bot connected 
2020-12-23 12:27:05.914 INFO  [BOT] 0: null 
2020-12-23 12:27:06.058 INFO  [BOT] 0: null 
2020-12-23 12:27:06.131 INFO  [BOT] 0: READY 
2020-12-23 12:27:06.406 INFO  [BOT] 0: GUILD_CREATE 
2020-12-23 12:27:06.420 INFO  [DISCORD] 'ready' event is triggered 
2020-12-23 12:27:06.630 INFO  [BOT] Rules module loaded 
2020-12-23 12:27:13.374 INFO  [BOT] 0: PRESENCE_UPDATE 
2020-12-23 12:27:14.546 INFO  [BOT] 0: PRESENCE_UPDATE 
2020-12-23 12:27:16.395 INFO  [BOT] 0: PRESENCE_UPDATE 
2020-12-23 12:27:19.446 INFO  [BOT] 0: PRESENCE_UPDATE 
2020-12-23 12:27:24.517 INFO  [BOT] 0: PRESENCE_UPDATE 
2020-12-23 12:27:25.491 INFO  [BOT] 0: PRESENCE_UPDATE 
2020-12-23 12:27:34.624 INFO  [DISCORD] Bot connected 
2020-12-23 12:27:34.965 INFO  [BOT] 0: null 
2020-12-23 12:27:35.111 INFO  [BOT] 0: null 
2020-12-23 12:27:35.209 INFO  [BOT] 0: READY 
2020-12-23 12:27:35.475 INFO  [BOT] 0: GUILD_CREATE 
2020-12-23 12:27:35.489 INFO  [DISCORD] 'ready' event is triggered 
2020-12-23 12:27:35.698 INFO  [BOT] Rules module loaded 
2020-12-23 12:27:47.405 INFO  [BOT] 0: CHANNEL_DELETE 
2020-12-23 12:27:47.753 INFO  [BOT] DiscordRESTError [50035]: Invalid Form Body
  embed.fields.0.value: This field is required 
2020-12-23 12:28:08.917 INFO  [BOT] 0: PRESENCE_UPDATE 
2020-12-23 12:28:12.626 INFO  [DISCORD] Bot connected 
2020-12-23 12:28:12.965 INFO  [BOT] 0: null 
2020-12-23 12:28:13.163 INFO  [BOT] 0: null 
2020-12-23 12:28:13.239 INFO  [BOT] 0: READY 
2020-12-23 12:28:13.473 INFO  [BOT] 0: GUILD_CREATE 
2020-12-23 12:28:13.480 INFO  [DISCORD] 'ready' event is triggered 
2020-12-23 12:28:13.715 INFO  [BOT] Rules module loaded 
2020-12-23 12:28:24.996 INFO  [BOT] 0: CHANNEL_UPDATE 
2020-12-23 12:28:25.422 INFO  [BOT] 0: MESSAGE_CREATE 
2020-12-23 12:28:25.511 INFO  [BOT] 0: MESSAGE_UPDATE 
2020-12-23 12:28:36.097 INFO  [BOT] 0: PRESENCE_UPDATE 
2020-12-23 12:28:38.557 INFO  [BOT] 0: TYPING_START 
2020-12-23 12:28:45.829 INFO  [DISCORD] Bot connected 
2020-12-23 12:28:46.139 INFO  [BOT] 0: null 
2020-12-23 12:28:46.306 INFO  [BOT] 0: null 
2020-12-23 12:28:46.379 INFO  [BOT] 0: READY 
2020-12-23 12:28:46.678 INFO  [BOT] 0: GUILD_CREATE 
2020-12-23 12:28:46.691 INFO  [DISCORD] 'ready' event is triggered 
2020-12-23 12:28:46.893 INFO  [BOT] Rules module loaded 
2020-12-23 12:28:46.955 INFO  [BOT] 0: TYPING_START 
2020-12-23 12:28:54.862 INFO  [BOT] 0: TYPING_START 
2020-12-23 12:29:03.076 INFO  [BOT] 0: TYPING_START 
2020-12-23 12:29:06.465 INFO  [BOT] 0: CHANNEL_UPDATE 
2020-12-23 12:29:06.484 INFO  [BOT] 0: CHANNEL_UPDATE 
2020-12-23 12:29:06.786 INFO  [BOT] 0: MESSAGE_CREATE 
2020-12-23 12:29:06.857 INFO  [BOT] 0: MESSAGE_UPDATE 
2020-12-23 12:29:07.124 INFO  [BOT] 0: MESSAGE_CREATE 
2020-12-23 12:29:07.246 INFO  [BOT] 0: MESSAGE_UPDATE 
2020-12-23 12:29:11.596 INFO  [BOT] 0: CHANNEL_UPDATE 
2020-12-23 12:29:11.610 INFO  [BOT] 0: CHANNEL_UPDATE 
2020-12-23 12:29:11.979 INFO  [BOT] 0: MESSAGE_CREATE 
2020-12-23 12:29:12.043 INFO  [BOT] 0: MESSAGE_UPDATE 
2020-12-23 12:29:12.335 INFO  [BOT] 0: MESSAGE_CREATE 
2020-12-23 12:29:12.363 INFO  [BOT] 0: MESSAGE_UPDATE 
2020-12-23 12:29:12.438 INFO  [BOT] 0: TYPING_START 
2020-12-23 12:29:17.140 INFO  [BOT] 0: CHANNEL_UPDATE 
2020-12-23 12:29:17.152 INFO  [BOT] 0: CHANNEL_UPDATE 
2020-12-23 12:29:17.474 INFO  [BOT] 0: MESSAGE_CREATE 
2020-12-23 12:29:17.530 INFO  [BOT] 0: MESSAGE_UPDATE 
2020-12-23 12:29:17.792 INFO  [BOT] 0: MESSAGE_CREATE 
2020-12-23 12:29:17.909 INFO  [BOT] 0: PRESENCE_UPDATE 
2020-12-23 12:29:17.926 INFO  [BOT] 0: MESSAGE_UPDATE 
2020-12-23 12:29:20.625 INFO  [BOT] 0: TYPING_START 
2020-12-23 12:29:22.552 INFO  [BOT] 0: MESSAGE_CREATE 
2020-12-23 12:29:27.530 INFO  [BOT] 0: null 
2020-12-23 12:29:34.122 INFO  [BOT] 0: CHANNEL_UPDATE 
2020-12-23 12:29:34.529 INFO  [BOT] 0: MESSAGE_CREATE 
2020-12-23 12:29:34.618 INFO  [BOT] 0: MESSAGE_UPDATE 
2020-12-23 12:29:41.769 INFO  [BOT] 0: CHANNEL_UPDATE 
2020-12-23 12:29:42.183 INFO  [BOT] 0: MESSAGE_CREATE 
2020-12-23 12:29:42.238 INFO  [BOT] 0: MESSAGE_UPDATE 
2020-12-23 12:29:46.109 INFO  [BOT] 0: PRESENCE_UPDATE 
2020-12-23 12:29:51.313 INFO  [BOT] 0: PRESENCE_UPDATE 
2020-12-23 12:29:53.837 INFO  [BOT] 0: PRESENCE_UPDATE 
2020-12-23 12:30:08.824 INFO  [BOT] 0: null 
2020-12-23 12:30:13.172 INFO  [BOT] 0: PRESENCE_UPDATE 
2020-12-23 12:30:16.132 INFO  [BOT] 0: CHANNEL_UPDATE 
2020-12-23 12:30:16.565 INFO  [BOT] 0: MESSAGE_CREATE 
2020-12-23 12:30:16.602 INFO  [BOT] 0: MESSAGE_UPDATE 
2020-12-23 12:30:28.835 INFO  [BOT] 0: PRESENCE_UPDATE 
2020-12-23 12:30:38.754 INFO  [BOT] 0: PRESENCE_UPDATE 
2020-12-23 12:30:50.073 INFO  [BOT] 0: null 
2020-12-23 12:31:31.326 INFO  [BOT] 0: null 
2020-12-23 12:32:08.840 INFO  [BOT] 0: PRESENCE_UPDATE 
2020-12-23 12:32:09.056 INFO  [BOT] 0: PRESENCE_UPDATE 
2020-12-23 12:32:09.731 INFO  [BOT] 0: PRESENCE_UPDATE 
2020-12-23 12:32:12.608 INFO  [BOT] 0: null 
2020-12-23 12:32:33.333 INFO  [BOT] 0: PRESENCE_UPDATE 
2020-12-23 12:32:34.898 INFO  [BOT] 0: PRESENCE_UPDATE 
2020-12-23 12:32:46.145 INFO  [BOT] 0: TYPING_START 
2020-12-23 12:32:46.744 INFO  [BOT] 0: PRESENCE_UPDATE 
2020-12-23 12:32:47.851 INFO  [BOT] 0: MESSAGE_CREATE 
2020-12-23 12:32:53.694 INFO  [BOT] 0: TYPING_START 
2020-12-23 12:32:53.847 INFO  [BOT] 0: null 
2020-12-23 12:32:55.216 INFO  [BOT] 0: MESSAGE_CREATE 
2020-12-23 12:33:07.094 INFO  [BOT] 0: PRESENCE_UPDATE 
2020-12-23 12:33:11.013 INFO  [BOT] 0: PRESENCE_UPDATE 
2020-12-23 12:33:19.081 INFO  [BOT] 0: PRESENCE_UPDATE 
2020-12-23 12:33:33.967 INFO  [BOT] 0: TYPING_START 
2020-12-23 12:33:35.105 INFO  [BOT] 0: null 
2020-12-23 12:33:42.081 INFO  [BOT] 0: TYPING_START 
2020-12-23 12:33:46.172 INFO  [BOT] 0: PRESENCE_UPDATE 
2020-12-23 12:33:50.342 INFO  [BOT] 0: TYPING_START 
2020-12-23 12:33:50.990 INFO  [BOT] 0: PRESENCE_UPDATE 
2020-12-23 12:33:58.351 INFO  [BOT] 0: PRESENCE_UPDATE 
2020-12-23 12:33:58.410 INFO  [BOT] 0: TYPING_START 
2020-12-23 12:34:16.393 INFO  [BOT] 0: null 
2020-12-23 12:34:21.684 INFO  [BOT] 0: TYPING_START 
2020-12-23 12:34:21.747 INFO  [BOT] 0: PRESENCE_UPDATE 
2020-12-23 12:34:22.043 INFO  [BOT] 0: MESSAGE_CREATE 
2020-12-23 12:34:33.742 INFO  [BOT] 0: PRESENCE_UPDATE 
2020-12-23 12:34:34.903 INFO  [BOT] 0: PRESENCE_UPDATE 
2020-12-23 12:34:56.472 INFO  [BOT] 0: PRESENCE_UPDATE 
2020-12-23 12:34:57.613 INFO  [BOT] 0: null 
