2021-01-09 10:19:14.338 INFO  [DISCORD] Bot connected 
2021-01-09 10:19:14.674 INFO  [BOT] 0: null 
2021-01-09 10:19:14.851 INFO  [BOT] 0: null 
2021-01-09 10:19:14.969 INFO  [BOT] 0: READY 
2021-01-09 10:19:15.491 INFO  [BOT] 0: GUILD_CREATE 
2021-01-09 10:19:15.497 INFO  [DISCORD] 'ready' event is triggered 
2021-01-09 10:19:25.309 INFO  [BOT] 0: PRESENCE_UPDATE 
2021-01-09 10:19:42.889 INFO  [BOT] 0: MESSAGE_CREATE 
2021-01-09 10:19:44.855 INFO  [BOT] 0: PRESENCE_UPDATE 
2021-01-09 10:19:56.154 INFO  [BOT] 0: null 
2021-01-09 10:20:37.347 INFO  [BOT] 0: null 
2021-01-09 10:20:49.478 INFO  [BOT] 0: PRESENCE_UPDATE 
2021-01-09 10:21:18.465 INFO  [BOT] 0: PRESENCE_UPDATE 
2021-01-09 10:21:18.607 INFO  [BOT] 0: null 
2021-01-09 10:21:30.185 INFO  [BOT] 0: PRESENCE_UPDATE 
2021-01-09 10:21:43.928 INFO  [BOT] 0: PRESENCE_UPDATE 
2021-01-09 10:21:59.859 INFO  [BOT] 0: null 
2021-01-09 10:22:14.609 INFO  [BOT] 0: CHANNEL_UPDATE 
2021-01-09 10:22:14.691 INFO  [BOT] 0: PRESENCE_UPDATE 
2021-01-09 10:22:14.966 INFO  [BOT] 0: MESSAGE_CREATE 
2021-01-09 10:22:15.051 INFO  [BOT] 0: MESSAGE_UPDATE 
2021-01-09 10:22:41.179 INFO  [BOT] 0: null 
2021-01-09 10:23:22.361 INFO  [BOT] 0: null 
2021-01-09 10:23:52.162 INFO  [BOT] 0: PRESENCE_UPDATE 
2021-01-09 10:23:52.472 INFO  [BOT] 0: TYPING_START 
2021-01-09 10:24:00.421 INFO  [BOT] 0: TYPING_START 
2021-01-09 10:24:03.634 INFO  [BOT] 0: null 
2021-01-09 10:24:08.465 INFO  [BOT] 0: TYPING_START 
2021-01-09 10:24:22.060 INFO  [BOT] 0: PRESENCE_UPDATE 
2021-01-09 10:24:22.616 INFO  [BOT] 0: PRESENCE_UPDATE 
2021-01-09 10:24:22.617 INFO  [BOT] 0: TYPING_START 
2021-01-09 10:24:27.958 INFO  [BOT] 0: MESSAGE_CREATE 
2021-01-09 10:24:34.285 INFO  [BOT] 0: TYPING_START 
2021-01-09 10:24:37.790 INFO  [BOT] 0: MESSAGE_CREATE 
2021-01-09 10:24:44.953 INFO  [BOT] 0: null 
2021-01-09 10:25:14.453 INFO  [BOT] 0: PRESENCE_UPDATE 
2021-01-09 10:25:20.456 INFO  [BOT] 0: PRESENCE_UPDATE 
2021-01-09 10:25:20.491 INFO  [BOT] 0: PRESENCE_UPDATE 
2021-01-09 10:25:24.051 INFO  [BOT] 0: PRESENCE_UPDATE 
2021-01-09 10:25:26.168 INFO  [BOT] 0: null 
2021-01-09 10:25:29.383 INFO  [BOT] 0: MESSAGE_REACTION_ADD 
2021-01-09 10:25:33.611 INFO  [BOT] 0: PRESENCE_UPDATE 
2021-01-09 10:25:34.597 INFO  [BOT] 0: PRESENCE_UPDATE 
2021-01-09 10:25:36.621 INFO  [BOT] 0: PRESENCE_UPDATE 
2021-01-09 10:25:45.226 INFO  [BOT] 0: TYPING_START 
2021-01-09 10:25:53.112 INFO  [BOT] 0: TYPING_START 
2021-01-09 10:26:01.230 INFO  [BOT] 0: TYPING_START 
2021-01-09 10:26:07.414 INFO  [BOT] 0: null 
2021-01-09 10:26:17.063 INFO  [BOT] 0: TYPING_START 
2021-01-09 10:26:28.026 INFO  [BOT] 0: PRESENCE_UPDATE 
2021-01-09 10:26:33.079 INFO  [BOT] 0: PRESENCE_UPDATE 
2021-01-09 10:26:34.888 INFO  [BOT] 0: TYPING_START 
2021-01-09 10:26:44.795 INFO  [BOT] 0: TYPING_START 
2021-01-09 10:26:48.655 INFO  [BOT] 0: null 
2021-01-09 10:26:53.421 INFO  [BOT] 0: TYPING_START 
2021-01-09 10:27:00.081 INFO  [BOT] 0: MESSAGE_CREATE 
2021-01-09 10:27:24.582 INFO  [BOT] 0: CHANNEL_UPDATE 
2021-01-09 10:27:24.911 INFO  [BOT] 0: MESSAGE_CREATE 
2021-01-09 10:27:24.946 INFO  [BOT] 0: MESSAGE_UPDATE 
2021-01-09 10:27:29.930 INFO  [BOT] 0: null 
2021-01-09 10:27:34.557 INFO  [BOT] 0: PRESENCE_UPDATE 
2021-01-09 10:27:36.337 INFO  [BOT] 0: TYPING_START 
2021-01-09 10:27:46.933 INFO  [BOT] 0: TYPING_START 
2021-01-09 10:27:47.643 INFO  [BOT] 0: PRESENCE_UPDATE 
2021-01-09 10:27:49.653 INFO  [BOT] 0: PRESENCE_UPDATE 
2021-01-09 10:27:51.196 INFO  [BOT] 0: MESSAGE_CREATE 
2021-01-09 10:28:08.143 INFO  [BOT] 0: TYPING_START 
2021-01-09 10:28:11.172 INFO  [BOT] 0: null 
2021-01-09 10:28:11.572 INFO  [BOT] 0: MESSAGE_CREATE 
2021-01-09 10:28:28.785 INFO  [BOT] 0: TYPING_START 
2021-01-09 10:28:38.441 INFO  [BOT] 0: TYPING_START 
2021-01-09 10:28:46.900 INFO  [BOT] 0: TYPING_START 
2021-01-09 10:28:49.996 INFO  [BOT] 0: PRESENCE_UPDATE 
2021-01-09 10:28:52.490 INFO  [BOT] 0: null 
2021-01-09 10:28:53.031 INFO  [BOT] 0: MESSAGE_CREATE 
2021-01-09 10:29:03.721 INFO  [BOT] 0: TYPING_START 
2021-01-09 10:29:09.671 INFO  [BOT] 0: PRESENCE_UPDATE 
2021-01-09 10:29:11.807 INFO  [BOT] 0: TYPING_START 
2021-01-09 10:29:12.205 INFO  [BOT] 0: PRESENCE_UPDATE 
2021-01-09 10:29:19.386 INFO  [BOT] 0: PRESENCE_UPDATE 
2021-01-09 10:29:19.757 INFO  [BOT] 0: TYPING_START 
2021-01-09 10:29:20.830 INFO  [BOT] 0: PRESENCE_UPDATE 
2021-01-09 10:29:23.450 INFO  [BOT] 0: PRESENCE_UPDATE 
2021-01-09 10:29:24.098 INFO  [BOT] 0: PRESENCE_UPDATE 
2021-01-09 10:29:25.699 INFO  [BOT] 0: PRESENCE_UPDATE 
2021-01-09 10:29:26.185 INFO  [BOT] 0: PRESENCE_UPDATE 
2021-01-09 10:29:27.711 INFO  [BOT] 0: TYPING_START 
2021-01-09 10:29:29.180 INFO  [BOT] 0: MESSAGE_CREATE 
2021-01-09 10:29:33.734 INFO  [BOT] 0: null 
2021-01-09 10:29:34.644 INFO  [BOT] 0: PRESENCE_UPDATE 
2021-01-09 10:29:48.503 INFO  [BOT] 0: PRESENCE_UPDATE 
2021-01-09 10:29:49.563 INFO  [BOT] 0: PRESENCE_UPDATE 
2021-01-09 10:29:52.347 INFO  [BOT] 0: PRESENCE_UPDATE 
2021-01-09 10:30:14.959 INFO  [BOT] 0: null 
2021-01-09 10:30:15.441 INFO  [BOT] 0: PRESENCE_UPDATE 
2021-01-09 10:30:15.534 INFO  [BOT] 0: PRESENCE_UPDATE 
2021-01-09 10:30:38.130 INFO  [BOT] 0: TYPING_START 
2021-01-09 10:30:46.522 INFO  [BOT] 0: PRESENCE_UPDATE 
2021-01-09 10:30:51.292 INFO  [BOT] 0: PRESENCE_UPDATE 
2021-01-09 10:30:56.204 INFO  [BOT] 0: null 
2021-01-09 10:30:56.573 INFO  [BOT] 0: TYPING_START 
2021-01-09 10:31:12.080 INFO  [BOT] 0: TYPING_START 
2021-01-09 10:31:25.522 INFO  [BOT] 0: TYPING_START 
2021-01-09 10:31:30.884 INFO  [BOT] 0: PRESENCE_UPDATE 
2021-01-09 10:31:33.688 INFO  [BOT] 0: TYPING_START 
2021-01-09 10:31:36.705 INFO  [BOT] 0: PRESENCE_UPDATE 
2021-01-09 10:31:37.468 INFO  [BOT] 0: null 
2021-01-09 10:31:39.490 INFO  [BOT] 0: PRESENCE_UPDATE 
2021-01-09 10:31:41.777 INFO  [BOT] 0: TYPING_START 
2021-01-09 10:31:49.766 INFO  [BOT] 0: TYPING_START 
2021-01-09 10:31:50.701 INFO  [BOT] 0: PRESENCE_UPDATE 
2021-01-09 10:31:57.759 INFO  [BOT] 0: TYPING_START 
2021-01-09 10:32:07.211 INFO  [BOT] 0: TYPING_START 
2021-01-09 10:32:08.764 INFO  [BOT] 0: PRESENCE_UPDATE 
2021-01-09 10:32:14.917 INFO  [BOT] 0: PRESENCE_UPDATE 
2021-01-09 10:32:17.997 INFO  [BOT] 0: TYPING_START 
2021-01-09 10:32:18.755 INFO  [BOT] 0: null 
2021-01-09 10:32:26.957 INFO  [BOT] 0: TYPING_START 
2021-01-09 10:32:34.647 INFO  [BOT] 0: TYPING_START 
2021-01-09 10:32:34.648 INFO  [BOT] 0: CHANNEL_UPDATE 
2021-01-09 10:32:35.066 INFO  [BOT] 0: MESSAGE_CREATE 
2021-01-09 10:32:35.157 INFO  [BOT] 0: MESSAGE_UPDATE 
2021-01-09 10:32:42.554 INFO  [BOT] 0: MESSAGE_CREATE 
2021-01-09 10:32:55.985 INFO  [BOT] 0: PRESENCE_UPDATE 
2021-01-09 10:32:59.987 INFO  [BOT] 0: null 
2021-01-09 10:33:12.908 INFO  [BOT] 0: PRESENCE_UPDATE 
2021-01-09 10:33:30.901 INFO  [BOT] 0: PRESENCE_UPDATE 
2021-01-09 10:33:39.638 INFO  [BOT] 0: PRESENCE_UPDATE 
2021-01-09 10:33:41.237 INFO  [BOT] 0: null 
2021-01-09 10:34:22.490 INFO  [BOT] 0: null 
2021-01-09 10:34:33.150 INFO  [BOT] 0: PRESENCE_UPDATE 
2021-01-09 10:34:39.817 INFO  [BOT] 0: PRESENCE_UPDATE 
2021-01-09 10:35:03.833 INFO  [BOT] 0: null 
2021-01-09 10:35:22.727 INFO  [BOT] 0: PRESENCE_UPDATE 
2021-01-09 10:35:45.000 INFO  [BOT] 0: null 
2021-01-09 10:36:26.255 INFO  [BOT] 0: null 
2021-01-09 10:37:01.208 INFO  [BOT] 0: PRESENCE_UPDATE 
2021-01-09 10:37:07.504 INFO  [BOT] 0: null 
2021-01-09 10:37:20.931 INFO  [BOT] 0: PRESENCE_UPDATE 
2021-01-09 10:37:22.971 INFO  [BOT] 0: PRESENCE_UPDATE 
2021-01-09 10:37:44.576 INFO  [BOT] 0: CHANNEL_UPDATE 
2021-01-09 10:37:44.932 INFO  [BOT] 0: MESSAGE_CREATE 
2021-01-09 10:37:45.008 INFO  [BOT] 0: MESSAGE_UPDATE 
2021-01-09 10:37:45.027 INFO  [BOT] 0: PRESENCE_UPDATE 
2021-01-09 10:37:48.759 INFO  [BOT] 0: null 
2021-01-09 10:37:57.073 INFO  [BOT] 0: PRESENCE_UPDATE 
2021-01-09 10:38:00.399 INFO  [BOT] 0: PRESENCE_UPDATE 
2021-01-09 10:38:15.984 INFO  [BOT] 0: PRESENCE_UPDATE 
2021-01-09 10:38:21.202 INFO  [BOT] 0: PRESENCE_UPDATE 
2021-01-09 10:38:21.799 INFO  [BOT] 0: PRESENCE_UPDATE 
2021-01-09 10:38:25.300 INFO  [BOT] 0: PRESENCE_UPDATE 
2021-01-09 10:38:30.070 INFO  [BOT] 0: null 
2021-01-09 10:38:30.130 INFO  [BOT] 0: PRESENCE_UPDATE 
2021-01-09 10:38:35.867 INFO  [BOT] 0: PRESENCE_UPDATE 
2021-01-09 10:38:36.378 INFO  [BOT] 0: PRESENCE_UPDATE 
2021-01-09 10:38:55.780 INFO  [BOT] 0: PRESENCE_UPDATE 
2021-01-09 10:39:06.848 INFO  [BOT] 0: PRESENCE_UPDATE 
2021-01-09 10:39:08.558 INFO  [BOT] 0: PRESENCE_UPDATE 
2021-01-09 10:39:11.271 INFO  [BOT] 0: null 
2021-01-09 10:39:15.123 INFO  [BOT] 0: PRESENCE_UPDATE 
2021-01-09 10:39:37.256 INFO  [BOT] 0: PRESENCE_UPDATE 
2021-01-09 10:39:45.851 INFO  [BOT] 0: PRESENCE_UPDATE 
2021-01-09 10:39:52.530 INFO  [BOT] 0: null 
2021-01-09 10:40:27.258 INFO  [BOT] 0: PRESENCE_UPDATE 
2021-01-09 10:40:33.784 INFO  [BOT] 0: null 
2021-01-09 10:40:36.026 INFO  [BOT] 0: PRESENCE_UPDATE 
2021-01-09 10:41:00.174 INFO  [BOT] 0: PRESENCE_UPDATE 
2021-01-09 10:41:15.065 INFO  [BOT] 0: null 
2021-01-09 10:41:15.151 INFO  [BOT] 0: PRESENCE_UPDATE 
2021-01-09 10:41:23.573 INFO  [BOT] 0: PRESENCE_UPDATE 
2021-01-09 10:41:37.256 INFO  [BOT] 0: PRESENCE_UPDATE 
2021-01-09 10:41:43.544 INFO  [BOT] 0: PRESENCE_UPDATE 
2021-01-09 10:41:52.150 INFO  [BOT] 0: PRESENCE_UPDATE 
2021-01-09 10:41:56.299 INFO  [BOT] 0: null 
2021-01-09 10:42:14.900 INFO  [BOT] 0: PRESENCE_UPDATE 
2021-01-09 10:42:18.133 INFO  [BOT] 0: PRESENCE_UPDATE 
2021-01-09 10:42:27.570 INFO  [BOT] 0: PRESENCE_UPDATE 
2021-01-09 10:42:37.557 INFO  [BOT] 0: null 
2021-01-09 10:42:39.953 INFO  [BOT] 0: PRESENCE_UPDATE 
2021-01-09 10:42:48.169 INFO  [BOT] 0: PRESENCE_UPDATE 
2021-01-09 10:42:49.021 INFO  [BOT] 0: PRESENCE_UPDATE 
2021-01-09 10:42:55.024 INFO  [BOT] 0: CHANNEL_UPDATE 
2021-01-09 10:42:55.346 INFO  [BOT] 0: MESSAGE_CREATE 
2021-01-09 10:42:55.501 INFO  [BOT] 0: MESSAGE_UPDATE 
2021-01-09 10:43:08.226 INFO  [BOT] 0: PRESENCE_UPDATE 
2021-01-09 10:43:18.816 INFO  [BOT] 0: null 
2021-01-09 10:43:36.545 INFO  [BOT] 0: PRESENCE_UPDATE 
2021-01-09 10:43:52.149 INFO  [BOT] 0: PRESENCE_UPDATE 
2021-01-09 10:44:00.176 INFO  [BOT] 0: null 
2021-01-09 10:44:01.114 INFO  [BOT] 0: PRESENCE_UPDATE 
2021-01-09 10:44:08.701 INFO  [BOT] 0: PRESENCE_UPDATE 
2021-01-09 10:44:09.628 INFO  [BOT] 0: PRESENCE_UPDATE 
2021-01-09 10:44:15.815 INFO  [BOT] 0: PRESENCE_UPDATE 
2021-01-09 10:44:21.721 INFO  [BOT] 0: PRESENCE_UPDATE 
2021-01-09 10:44:28.795 INFO  [BOT] 0: PRESENCE_UPDATE 
2021-01-09 10:44:31.829 INFO  [BOT] 0: PRESENCE_UPDATE 
2021-01-09 10:44:38.869 INFO  [BOT] 0: PRESENCE_UPDATE 
2021-01-09 10:44:41.393 INFO  [BOT] 0: null 
2021-01-09 10:44:51.944 INFO  [BOT] 0: PRESENCE_UPDATE 
2021-01-09 10:45:01.773 INFO  [BOT] 0: PRESENCE_UPDATE 
2021-01-09 10:45:12.451 INFO  [BOT] 0: PRESENCE_UPDATE 
2021-01-09 10:45:21.232 INFO  [BOT] 0: PRESENCE_UPDATE 
2021-01-09 10:45:22.589 INFO  [BOT] 0: null 
2021-01-09 10:46:03.841 INFO  [BOT] 0: null 
2021-01-09 10:46:29.765 INFO  [BOT] 0: PRESENCE_UPDATE 
2021-01-09 10:46:44.409 INFO  [BOT] 0: TYPING_START 
2021-01-09 10:46:45.099 INFO  [BOT] 0: null 
2021-01-09 10:46:50.265 INFO  [BOT] 0: MESSAGE_CREATE 
2021-01-09 10:46:58.247 INFO  [BOT] 0: PRESENCE_UPDATE 
2021-01-09 10:46:59.343 INFO  [BOT] 0: PRESENCE_UPDATE 
2021-01-09 10:47:01.070 INFO  [BOT] 0: PRESENCE_UPDATE 
2021-01-09 10:47:05.357 INFO  [BOT] 0: PRESENCE_UPDATE 
2021-01-09 10:47:08.026 INFO  [BOT] 0: PRESENCE_UPDATE 
2021-01-09 10:47:17.022 INFO  [BOT] 0: PRESENCE_UPDATE 
2021-01-09 10:47:26.350 INFO  [BOT] 0: null 
2021-01-09 10:47:37.229 INFO  [BOT] 0: PRESENCE_UPDATE 
2021-01-09 10:47:59.397 INFO  [BOT] 0: PRESENCE_UPDATE 
2021-01-09 10:48:04.653 INFO  [BOT] 0: CHANNEL_UPDATE 
2021-01-09 10:48:05.102 INFO  [BOT] 0: MESSAGE_CREATE 
2021-01-09 10:48:05.150 INFO  [BOT] 0: MESSAGE_UPDATE 
2021-01-09 10:48:07.600 INFO  [BOT] 0: null 
2021-01-09 10:48:08.466 INFO  [BOT] 0: PRESENCE_UPDATE 
2021-01-09 10:48:20.475 INFO  [BOT] 0: PRESENCE_UPDATE 
2021-01-09 10:48:32.560 INFO  [BOT] 0: PRESENCE_UPDATE 
2021-01-09 10:48:48.880 INFO  [BOT] 0: null 
2021-01-09 10:48:49.734 INFO  [BOT] 0: PRESENCE_UPDATE 
2021-01-09 10:48:50.761 INFO  [BOT] 0: PRESENCE_UPDATE 
2021-01-09 10:48:53.761 INFO  [BOT] 0: PRESENCE_UPDATE 
2021-01-09 10:49:03.907 INFO  [BOT] 0: PRESENCE_UPDATE 
2021-01-09 10:49:07.283 INFO  [BOT] 0: PRESENCE_UPDATE 
2021-01-09 10:49:07.894 INFO  [BOT] 0: PRESENCE_UPDATE 
2021-01-09 10:49:12.925 INFO  [BOT] 0: PRESENCE_UPDATE 
2021-01-09 10:49:29.339 INFO  [BOT] 0: PRESENCE_UPDATE 
2021-01-09 10:49:30.121 INFO  [BOT] 0: null 
2021-01-09 10:49:30.281 INFO  [BOT] 0: PRESENCE_UPDATE 
2021-01-09 10:50:11.380 INFO  [BOT] 0: null 
2021-01-09 10:50:11.668 INFO  [BOT] 0: PRESENCE_UPDATE 
2021-01-09 10:50:22.459 INFO  [BOT] 0: PRESENCE_UPDATE 
2021-01-09 10:50:41.358 INFO  [BOT] 0: PRESENCE_UPDATE 
2021-01-09 10:50:52.651 INFO  [BOT] 0: null 
2021-01-09 10:51:13.287 INFO  [BOT] 0: PRESENCE_UPDATE 
2021-01-09 10:51:20.564 INFO  [BOT] 0: TYPING_START 
2021-01-09 10:51:27.367 INFO  [BOT] 0: PRESENCE_UPDATE 
2021-01-09 10:51:28.813 INFO  [BOT] 0: TYPING_START 
2021-01-09 10:51:33.906 INFO  [BOT] 0: null 
2021-01-09 10:51:34.131 INFO  [BOT] 0: PRESENCE_UPDATE 
2021-01-09 10:51:34.701 INFO  [BOT] 0: PRESENCE_UPDATE 
2021-01-09 10:51:37.067 INFO  [BOT] 0: TYPING_START 
2021-01-09 10:51:39.842 INFO  [BOT] 0: MESSAGE_CREATE 
2021-01-09 10:51:40.167 INFO  [BOT] 0: PRESENCE_UPDATE 
2021-01-09 10:51:41.782 INFO  [BOT] 0: PRESENCE_UPDATE 
2021-01-09 10:51:48.315 INFO  [BOT] 0: PRESENCE_UPDATE 
2021-01-09 10:51:50.728 INFO  [BOT] 0: TYPING_START 
2021-01-09 10:51:53.355 INFO  [BOT] 0: PRESENCE_UPDATE 
2021-01-09 10:51:53.371 INFO  [BOT] 0: MESSAGE_CREATE 
2021-01-09 10:51:58.937 INFO  [BOT] 0: TYPING_START 
2021-01-09 10:52:01.728 INFO  [BOT] 0: TYPING_START 
2021-01-09 10:52:05.452 INFO  [BOT] 0: PRESENCE_UPDATE 
2021-01-09 10:52:06.230 INFO  [BOT] 0: MESSAGE_CREATE 
2021-01-09 10:52:09.749 INFO  [BOT] 0: PRESENCE_UPDATE 
2021-01-09 10:52:09.786 INFO  [BOT] 0: TYPING_START 
2021-01-09 10:52:14.641 INFO  [BOT] 0: PRESENCE_UPDATE 
2021-01-09 10:52:15.166 INFO  [BOT] 0: null 
2021-01-09 10:52:17.039 INFO  [BOT] 0: TYPING_START 
2021-01-09 10:52:18.289 INFO  [BOT] 0: TYPING_START 
2021-01-09 10:52:20.740 INFO  [BOT] 0: TYPING_START 
2021-01-09 10:52:25.256 INFO  [BOT] 0: TYPING_START 
2021-01-09 10:52:26.156 INFO  [BOT] 0: MESSAGE_CREATE 
2021-01-09 10:52:29.700 INFO  [BOT] 0: PRESENCE_UPDATE 
2021-01-09 10:52:31.883 INFO  [BOT] 0: TYPING_START 
2021-01-09 10:52:38.385 INFO  [BOT] 0: MESSAGE_CREATE 
2021-01-09 10:52:41.460 INFO  [BOT] 0: PRESENCE_UPDATE 
2021-01-09 10:52:45.107 INFO  [BOT] 0: TYPING_START 
2021-01-09 10:52:53.424 INFO  [BOT] 0: TYPING_START 
2021-01-09 10:52:54.649 INFO  [BOT] 0: MESSAGE_CREATE 
2021-01-09 10:52:54.888 INFO  [BOT] 0: TYPING_START 
2021-01-09 10:52:56.477 INFO  [BOT] 0: null 
2021-01-09 10:53:02.755 INFO  [BOT] 0: TYPING_START 
2021-01-09 10:53:02.856 INFO  [BOT] 0: MESSAGE_CREATE 
2021-01-09 10:53:09.013 INFO  [BOT] 0: PRESENCE_UPDATE 
2021-01-09 10:53:09.882 INFO  [BOT] 0: PRESENCE_UPDATE 
2021-01-09 10:53:11.905 INFO  [BOT] 0: TYPING_START 
2021-01-09 10:53:12.359 INFO  [BOT] 0: MESSAGE_CREATE 
2021-01-09 10:53:14.689 INFO  [BOT] 0: CHANNEL_UPDATE 
2021-01-09 10:53:15.380 INFO  [BOT] 0: MESSAGE_CREATE 
2021-01-09 10:53:15.461 INFO  [BOT] 0: MESSAGE_UPDATE 
2021-01-09 10:53:19.482 INFO  [BOT] 0: PRESENCE_UPDATE 
2021-01-09 10:53:19.482 INFO  [BOT] 0: MESSAGE_CREATE 
2021-01-09 10:53:20.947 INFO  [BOT] 0: PRESENCE_UPDATE 
2021-01-09 10:53:23.026 INFO  [BOT] 0: PRESENCE_UPDATE 
2021-01-09 10:53:23.139 INFO  [BOT] 0: PRESENCE_UPDATE 
2021-01-09 10:53:29.207 INFO  [BOT] 0: PRESENCE_UPDATE 
2021-01-09 10:53:29.910 INFO  [BOT] 0: MESSAGE_CREATE 
2021-01-09 10:53:36.369 INFO  [BOT] 0: MESSAGE_UPDATE 
2021-01-09 10:53:37.677 INFO  [BOT] 0: null 
2021-01-09 10:53:43.177 INFO  [BOT] 0: TYPING_START 
2021-01-09 10:53:45.823 INFO  [BOT] 0: MESSAGE_CREATE 
2021-01-09 10:53:53.732 INFO  [BOT] 0: TYPING_START 
2021-01-09 10:54:01.869 INFO  [BOT] 0: TYPING_START 
2021-01-09 10:54:03.240 INFO  [BOT] 0: MESSAGE_CREATE 
2021-01-09 10:54:14.475 INFO  [BOT] 0: PRESENCE_UPDATE 
2021-01-09 10:54:17.446 INFO  [BOT] 0: PRESENCE_UPDATE 
2021-01-09 10:54:19.035 INFO  [BOT] 0: null 
2021-01-09 10:54:21.882 INFO  [BOT] 0: PRESENCE_UPDATE 
2021-01-09 10:54:22.744 INFO  [BOT] 0: PRESENCE_UPDATE 
2021-01-09 10:54:34.579 INFO  [BOT] 0: PRESENCE_UPDATE 
2021-01-09 10:54:38.604 INFO  [BOT] 0: PRESENCE_UPDATE 
2021-01-09 10:54:43.284 INFO  [BOT] 0: PRESENCE_UPDATE 
2021-01-09 10:54:46.702 INFO  [BOT] 0: PRESENCE_UPDATE 
2021-01-09 10:54:47.652 INFO  [BOT] 0: PRESENCE_UPDATE 
2021-01-09 10:54:49.693 INFO  [BOT] 0: PRESENCE_UPDATE 
2021-01-09 10:54:54.445 INFO  [BOT] 0: MESSAGE_REACTION_ADD 
2021-01-09 10:55:00.196 INFO  [BOT] 0: null 
2021-01-09 10:55:25.902 INFO  [BOT] 0: MESSAGE_REACTION_ADD 
2021-01-09 10:55:26.063 INFO  [BOT] 0: GUILD_MEMBER_UPDATE 
2021-01-09 10:55:35.703 INFO  [BOT] 0: TYPING_START 
2021-01-09 10:55:41.476 INFO  [BOT] 0: null 
2021-01-09 10:55:43.797 INFO  [BOT] 0: TYPING_START 
2021-01-09 10:55:44.038 INFO  [BOT] 0: MESSAGE_REACTION_REMOVE 
2021-01-09 10:55:44.275 INFO  [BOT] 0: GUILD_MEMBER_UPDATE 
2021-01-09 10:55:44.898 INFO  [BOT] 0: MESSAGE_CREATE 
2021-01-09 10:55:56.368 INFO  [BOT] 0: PRESENCE_UPDATE 
2021-01-09 10:56:19.276 INFO  [BOT] 0: MESSAGE_CREATE 
2021-01-09 10:56:22.699 INFO  [BOT] 0: null 
2021-01-09 10:56:23.078 INFO  [BOT] 0: TYPING_START 
2021-01-09 10:56:31.124 INFO  [BOT] 0: MESSAGE_CREATE 
2021-01-09 10:56:31.453 INFO  [BOT] PusherRequestError: Unexpected status code 413 
2021-01-09 10:56:31.657 INFO  [BOT] 0: PRESENCE_UPDATE 
2021-01-09 10:56:43.292 INFO  [BOT] 0: PRESENCE_UPDATE 
2021-01-09 10:56:52.678 INFO  [BOT] 0: PRESENCE_UPDATE 
2021-01-09 10:56:56.719 INFO  [BOT] 0: PRESENCE_UPDATE 
2021-01-09 10:57:00.761 INFO  [BOT] 0: PRESENCE_UPDATE 
2021-01-09 10:57:04.062 INFO  [BOT] 0: null 
2021-01-09 10:57:04.943 INFO  [BOT] 0: PRESENCE_UPDATE 
2021-01-09 10:57:09.569 INFO  [BOT] 0: MESSAGE_CREATE 
2021-01-09 10:57:23.468 INFO  [BOT] 0: PRESENCE_UPDATE 
2021-01-09 10:57:23.966 INFO  [BOT] 0: PRESENCE_UPDATE 
2021-01-09 10:57:31.574 INFO  [BOT] 0: PRESENCE_UPDATE 
2021-01-09 10:57:33.465 INFO  [BOT] 0: PRESENCE_UPDATE 
2021-01-09 10:57:42.149 INFO  [BOT] 0: MESSAGE_CREATE 
2021-01-09 10:57:45.211 INFO  [BOT] 0: PRESENCE_UPDATE 
2021-01-09 10:57:45.222 INFO  [BOT] 0: null 
2021-01-09 10:57:46.160 INFO  [BOT] 0: PRESENCE_UPDATE 
2021-01-09 10:57:56.297 INFO  [BOT] 0: PRESENCE_UPDATE 
2021-01-09 10:57:57.226 INFO  [BOT] 0: PRESENCE_UPDATE 
2021-01-09 10:58:03.329 INFO  [BOT] 0: PRESENCE_UPDATE 
2021-01-09 10:58:07.366 INFO  [BOT] 0: PRESENCE_UPDATE 
2021-01-09 10:58:10.045 INFO  [BOT] 0: PRESENCE_UPDATE 
2021-01-09 10:58:15.388 INFO  [BOT] 0: PRESENCE_UPDATE 
2021-01-09 10:58:24.703 INFO  [BOT] 0: CHANNEL_UPDATE 
2021-01-09 10:58:25.389 INFO  [BOT] 0: MESSAGE_CREATE 
2021-01-09 10:58:25.425 INFO  [BOT] 0: MESSAGE_UPDATE 
2021-01-09 10:58:25.566 INFO  [BOT] 0: PRESENCE_UPDATE 
2021-01-09 10:58:26.592 INFO  [BOT] 0: PRESENCE_UPDATE 
2021-01-09 10:58:26.593 INFO  [BOT] 0: null 
2021-01-09 10:58:37.524 INFO  [BOT] 0: PRESENCE_UPDATE 
2021-01-09 10:58:44.739 INFO  [BOT] 0: PRESENCE_UPDATE 
2021-01-09 10:58:49.635 INFO  [BOT] 0: PRESENCE_UPDATE 
2021-01-09 10:59:04.925 INFO  [BOT] 0: PRESENCE_UPDATE 
2021-01-09 10:59:07.452 INFO  [BOT] 0: PRESENCE_UPDATE 
2021-01-09 10:59:07.744 INFO  [BOT] 0: null 
2021-01-09 10:59:08.069 INFO  [BOT] 0: PRESENCE_UPDATE 
2021-01-09 10:59:08.992 INFO  [BOT] 0: PRESENCE_UPDATE 
2021-01-09 10:59:12.415 INFO  [BOT] 0: PRESENCE_UPDATE 
2021-01-09 10:59:15.989 INFO  [BOT] 0: PRESENCE_UPDATE 
2021-01-09 10:59:18.826 INFO  [BOT] 0: TYPING_START 
2021-01-09 10:59:19.019 INFO  [BOT] 0: MESSAGE_CREATE 
2021-01-09 10:59:23.470 INFO  [BOT] 0: PRESENCE_UPDATE 
2021-01-09 10:59:32.959 INFO  [BOT] 0: TYPING_START 
2021-01-09 10:59:35.182 INFO  [BOT] 0: TYPING_START 
2021-01-09 10:59:36.298 INFO  [BOT] 0: MESSAGE_CREATE 
2021-01-09 10:59:41.137 INFO  [BOT] 0: TYPING_START 
2021-01-09 10:59:46.564 INFO  [BOT] 0: MESSAGE_CREATE 
2021-01-09 10:59:46.871 INFO  [BOT] PusherRequestError: Unexpected status code 413 
2021-01-09 10:59:48.999 INFO  [BOT] 0: null 
2021-01-09 10:59:55.346 INFO  [BOT] 0: TYPING_START 
2021-01-09 10:59:57.086 INFO  [BOT] 0: TYPING_START 
2021-01-09 10:59:58.150 INFO  [BOT] 0: MESSAGE_CREATE 
2021-01-09 11:00:03.538 INFO  [BOT] 0: TYPING_START 
2021-01-09 11:00:03.729 INFO  [BOT] 0: MESSAGE_CREATE 
2021-01-09 11:00:05.484 INFO  [BOT] 0: PRESENCE_UPDATE 
2021-01-09 11:00:08.045 INFO  [BOT] 0: TYPING_START 
2021-01-09 11:00:16.081 INFO  [BOT] 0: TYPING_START 
2021-01-09 11:00:16.305 INFO  [BOT] 0: MESSAGE_CREATE 
2021-01-09 11:00:18.146 INFO  [BOT] 0: TYPING_START 
2021-01-09 11:00:24.388 INFO  [BOT] 0: PRESENCE_UPDATE 
2021-01-09 11:00:25.349 INFO  [BOT] 0: PRESENCE_UPDATE 
2021-01-09 11:00:26.921 INFO  [BOT] 0: TYPING_START 
2021-01-09 11:00:27.572 INFO  [BOT] 0: MESSAGE_CREATE 
2021-01-09 11:00:29.823 INFO  [BOT] 0: PRESENCE_UPDATE 
2021-01-09 11:00:30.261 INFO  [BOT] 0: null 
2021-01-09 11:00:30.675 INFO  [BOT] 0: TYPING_START 
2021-01-09 11:00:35.515 INFO  [BOT] 0: MESSAGE_CREATE 
2021-01-09 11:00:41.039 INFO  [BOT] 0: MESSAGE_UPDATE 
2021-01-09 11:00:43.333 INFO  [BOT] 0: TYPING_START 
2021-01-09 11:00:45.589 INFO  [BOT] 0: TYPING_START 
2021-01-09 11:00:48.993 INFO  [BOT] 0: MESSAGE_CREATE 
2021-01-09 11:00:53.463 INFO  [BOT] 0: MESSAGE_CREATE 
2021-01-09 11:00:58.700 INFO  [BOT] 0: PRESENCE_UPDATE 
2021-01-09 11:01:03.136 INFO  [BOT] 0: TYPING_START 
2021-01-09 11:01:09.806 INFO  [BOT] 0: PRESENCE_UPDATE 
2021-01-09 11:01:10.812 INFO  [BOT] 0: PRESENCE_UPDATE 
2021-01-09 11:01:11.198 INFO  [BOT] 0: MESSAGE_CREATE 
2021-01-09 11:01:11.520 INFO  [BOT] 0: null 
2021-01-09 11:01:13.784 INFO  [BOT] 0: PRESENCE_UPDATE 
2021-01-09 11:01:15.502 INFO  [BOT] 0: MESSAGE_UPDATE 
2021-01-09 11:01:16.002 INFO  [BOT] 0: PRESENCE_UPDATE 
2021-01-09 11:01:18.898 INFO  [BOT] 0: PRESENCE_UPDATE 
2021-01-09 11:01:20.730 INFO  [BOT] 0: PRESENCE_UPDATE 
2021-01-09 11:01:21.878 INFO  [BOT] 0: PRESENCE_UPDATE 
2021-01-09 11:01:31.047 INFO  [BOT] 0: PRESENCE_UPDATE 
2021-01-09 11:01:37.086 INFO  [BOT] 0: PRESENCE_UPDATE 
2021-01-09 11:01:45.139 INFO  [BOT] 0: PRESENCE_UPDATE 
2021-01-09 11:01:46.309 INFO  [BOT] 0: PRESENCE_UPDATE 
2021-01-09 11:01:52.771 INFO  [BOT] 0: null 
2021-01-09 11:01:57.241 INFO  [BOT] 0: PRESENCE_UPDATE 
2021-01-09 11:02:02.294 INFO  [BOT] 0: PRESENCE_UPDATE 
2021-01-09 11:02:05.495 INFO  [BOT] 0: PRESENCE_UPDATE 
2021-01-09 11:02:05.789 INFO  [BOT] 0: PRESENCE_UPDATE 
2021-01-09 11:02:13.382 INFO  [BOT] 0: PRESENCE_UPDATE 
2021-01-09 11:02:14.721 INFO  [BOT] 0: PRESENCE_UPDATE 
2021-01-09 11:02:20.529 INFO  [BOT] 0: PRESENCE_UPDATE 
2021-01-09 11:02:21.451 INFO  [BOT] 0: PRESENCE_UPDATE 
2021-01-09 11:02:24.415 INFO  [BOT] 0: PRESENCE_UPDATE 
2021-01-09 11:02:26.516 INFO  [BOT] 0: PRESENCE_UPDATE 
2021-01-09 11:02:27.520 INFO  [BOT] 0: PRESENCE_UPDATE 
2021-01-09 11:02:34.028 INFO  [BOT] 0: null 
2021-01-09 11:02:34.201 INFO  [BOT] 0: PRESENCE_UPDATE 
2021-01-09 11:02:40.717 INFO  [BOT] 0: PRESENCE_UPDATE 
2021-01-09 11:02:53.712 INFO  [BOT] 0: PRESENCE_UPDATE 
2021-01-09 11:03:09.844 INFO  [BOT] 0: PRESENCE_UPDATE 
2021-01-09 11:03:12.897 INFO  [BOT] 0: PRESENCE_UPDATE 
2021-01-09 11:03:13.862 INFO  [BOT] 0: PRESENCE_UPDATE 
2021-01-09 11:03:15.284 INFO  [BOT] 0: null 
2021-01-09 11:03:27.159 INFO  [BOT] 0: TYPING_START 
2021-01-09 11:03:28.268 INFO  [BOT] 0: PRESENCE_UPDATE 
2021-01-09 11:03:30.181 INFO  [BOT] 0: MESSAGE_CREATE 
2021-01-09 11:03:30.731 INFO  [BOT] 0: MESSAGE_CREATE 
2021-01-09 11:03:33.424 INFO  [BOT] 0: TYPING_START 
2021-01-09 11:03:34.566 INFO  [BOT] 0: CHANNEL_UPDATE 
2021-01-09 11:03:34.888 INFO  [BOT] 0: MESSAGE_CREATE 
2021-01-09 11:03:34.937 INFO  [BOT] 0: MESSAGE_UPDATE 
2021-01-09 11:03:41.457 INFO  [BOT] 0: TYPING_START 
2021-01-09 11:03:49.466 INFO  [BOT] 0: TYPING_START 
2021-01-09 11:03:53.861 INFO  [BOT] 0: TYPING_START 
2021-01-09 11:03:55.760 INFO  [BOT] 0: MESSAGE_CREATE 
2021-01-09 11:03:56.538 INFO  [BOT] 0: null 
2021-01-09 11:03:57.077 INFO  [BOT] 0: MESSAGE_CREATE 
2021-01-09 11:04:05.831 INFO  [BOT] 0: PRESENCE_UPDATE 
2021-01-09 11:04:05.958 INFO  [BOT] 0: PRESENCE_UPDATE 
2021-01-09 11:04:06.400 INFO  [BOT] 0: TYPING_START 
2021-01-09 11:04:12.706 INFO  [BOT] 0: MESSAGE_CREATE 
2021-01-09 11:04:12.960 INFO  [BOT] 0: PRESENCE_UPDATE 
2021-01-09 11:04:16.088 INFO  [BOT] 0: PRESENCE_UPDATE 
2021-01-09 11:04:19.925 INFO  [BOT] 0: TYPING_START 
2021-01-09 11:04:22.463 INFO  [BOT] 0: PRESENCE_UPDATE 
2021-01-09 11:04:26.171 INFO  [BOT] 0: MESSAGE_CREATE 
2021-01-09 11:04:28.605 INFO  [BOT] 0: TYPING_START 
2021-01-09 11:04:36.724 INFO  [BOT] 0: TYPING_START 
2021-01-09 11:04:37.808 INFO  [BOT] 0: null 
2021-01-09 11:04:40.856 INFO  [BOT] 0: TYPING_START 
2021-01-09 11:04:43.558 INFO  [BOT] 0: MESSAGE_CREATE 
2021-01-09 11:04:43.679 INFO  [BOT] 0: MESSAGE_CREATE 
2021-01-09 11:04:50.543 INFO  [BOT] 0: TYPING_START 
2021-01-09 11:05:00.730 INFO  [BOT] 0: TYPING_START 
2021-01-09 11:05:04.466 INFO  [BOT] 0: TYPING_START 
2021-01-09 11:05:04.482 INFO  [BOT] 0: PRESENCE_UPDATE 
2021-01-09 11:05:04.768 INFO  [BOT] 0: PRESENCE_UPDATE 
2021-01-09 11:05:07.807 INFO  [BOT] 0: PRESENCE_UPDATE 
2021-01-09 11:05:10.988 INFO  [BOT] 0: TYPING_START 
2021-01-09 11:05:13.390 INFO  [BOT] 0: TYPING_START 
2021-01-09 11:05:16.272 INFO  [BOT] 0: PRESENCE_UPDATE 
2021-01-09 11:05:16.946 INFO  [BOT] 0: PRESENCE_UPDATE 
2021-01-09 11:05:19.087 INFO  [BOT] 0: null 
2021-01-09 11:05:21.530 INFO  [BOT] 0: TYPING_START 
2021-01-09 11:05:21.677 INFO  [BOT] 0: TYPING_START 
2021-01-09 11:05:25.752 INFO  [BOT] 0: MESSAGE_CREATE 
2021-01-09 11:05:31.167 INFO  [BOT] 0: TYPING_START 
2021-01-09 11:05:32.847 INFO  [BOT] 0: MESSAGE_CREATE 
2021-01-09 11:05:33.153 INFO  [BOT] PusherRequestError: Unexpected status code 413 
2021-01-09 11:05:34.001 INFO  [BOT] 0: PRESENCE_UPDATE 
2021-01-09 11:05:37.794 INFO  [BOT] 0: MESSAGE_UPDATE 
2021-01-09 11:05:37.852 INFO  [BOT] 0: TYPING_START 
2021-01-09 11:05:39.686 INFO  [BOT] 0: MESSAGE_UPDATE 
2021-01-09 11:05:40.874 INFO  [BOT] 0: TYPING_START 
2021-01-09 11:05:42.980 INFO  [BOT] 0: TYPING_START 
2021-01-09 11:05:43.132 INFO  [BOT] 0: MESSAGE_CREATE 
2021-01-09 11:05:43.437 INFO  [BOT] PusherRequestError: Unexpected status code 413 
2021-01-09 11:05:44.530 INFO  [BOT] 0: TYPING_START 
2021-01-09 11:05:46.717 INFO  [BOT] 0: MESSAGE_CREATE 
2021-01-09 11:05:47.283 INFO  [BOT] 0: PRESENCE_UPDATE 
2021-01-09 11:05:47.640 INFO  [BOT] 0: MESSAGE_CREATE 
2021-01-09 11:05:47.669 INFO  [BOT] PusherRequestError: Unexpected status code 413 
2021-01-09 11:05:47.943 INFO  [BOT] PusherRequestError: Unexpected status code 413 
2021-01-09 11:05:48.482 INFO  [BOT] 0: TYPING_START 
2021-01-09 11:05:50.685 INFO  [BOT] 0: TYPING_START 
2021-01-09 11:05:52.494 INFO  [BOT] 0: MESSAGE_CREATE 
2021-01-09 11:05:52.804 INFO  [BOT] PusherRequestError: Unexpected status code 413 
2021-01-09 11:05:55.451 INFO  [BOT] 0: MESSAGE_CREATE 
2021-01-09 11:05:55.770 INFO  [BOT] PusherRequestError: Unexpected status code 413 
2021-01-09 11:05:56.554 INFO  [BOT] 0: TYPING_START 
2021-01-09 11:06:00.319 INFO  [BOT] 0: null 
2021-01-09 11:06:04.561 INFO  [BOT] 0: MESSAGE_CREATE 
2021-01-09 11:06:04.841 INFO  [BOT] 0: PRESENCE_UPDATE 
2021-01-09 11:06:04.880 INFO  [BOT] PusherRequestError: Unexpected status code 413 
2021-01-09 11:06:05.966 INFO  [BOT] 0: TYPING_START 
2021-01-09 11:06:08.096 INFO  [BOT] 0: PRESENCE_UPDATE 
2021-01-09 11:06:09.543 INFO  [BOT] 0: PRESENCE_UPDATE 
2021-01-09 11:06:12.399 INFO  [BOT] 0: MESSAGE_CREATE 
2021-01-09 11:06:12.721 INFO  [BOT] PusherRequestError: Unexpected status code 413 
2021-01-09 11:06:13.389 INFO  [BOT] 0: TYPING_START 
2021-01-09 11:06:21.453 INFO  [BOT] 0: TYPING_START 
2021-01-09 11:06:26.937 INFO  [BOT] 0: MESSAGE_CREATE 
2021-01-09 11:06:27.263 INFO  [BOT] PusherRequestError: Unexpected status code 413 
2021-01-09 11:06:33.393 INFO  [BOT] 0: TYPING_START 
2021-01-09 11:06:35.294 INFO  [BOT] 0: MESSAGE_CREATE 
2021-01-09 11:06:35.320 INFO  [BOT] 0: TYPING_START 
2021-01-09 11:06:35.651 INFO  [BOT] PusherRequestError: Unexpected status code 413 
2021-01-09 11:06:41.578 INFO  [BOT] 0: null 
2021-01-09 11:06:43.356 INFO  [BOT] 0: TYPING_START 
2021-01-09 11:06:43.949 INFO  [BOT] 0: MESSAGE_CREATE 
2021-01-09 11:06:44.292 INFO  [BOT] PusherRequestError: Unexpected status code 413 
2021-01-09 11:06:51.539 INFO  [BOT] 0: TYPING_START 
2021-01-09 11:06:59.418 INFO  [BOT] 0: TYPING_START 
2021-01-09 11:07:00.697 INFO  [BOT] 0: TYPING_START 
2021-01-09 11:07:01.542 INFO  [BOT] 0: MESSAGE_CREATE 
2021-01-09 11:07:01.999 INFO  [BOT] PusherRequestError: Unexpected status code 413 
2021-01-09 11:07:02.086 INFO  [BOT] 0: TYPING_START 
2021-01-09 11:07:03.228 INFO  [BOT] 0: TYPING_START 
2021-01-09 11:07:03.712 INFO  [BOT] 0: MESSAGE_CREATE 
2021-01-09 11:07:04.060 INFO  [BOT] PusherRequestError: Unexpected status code 413 
2021-01-09 11:07:07.040 INFO  [BOT] 0: MESSAGE_CREATE 
2021-01-09 11:07:07.406 INFO  [BOT] PusherRequestError: Unexpected status code 413 
2021-01-09 11:07:11.376 INFO  [BOT] 0: TYPING_START 
2021-01-09 11:07:11.944 INFO  [BOT] 0: MESSAGE_CREATE 
2021-01-09 11:07:12.321 INFO  [BOT] PusherRequestError: Unexpected status code 413 
2021-01-09 11:07:15.266 INFO  [BOT] 0: PRESENCE_UPDATE 
2021-01-09 11:07:15.977 INFO  [BOT] 0: TYPING_START 
2021-01-09 11:07:18.613 INFO  [BOT] 0: MESSAGE_CREATE 
2021-01-09 11:07:18.965 INFO  [BOT] PusherRequestError: Unexpected status code 413 
2021-01-09 11:07:20.090 INFO  [BOT] 0: TYPING_START 
2021-01-09 11:07:22.827 INFO  [BOT] 0: null 
2021-01-09 11:07:24.740 INFO  [BOT] 0: PRESENCE_UPDATE 
2021-01-09 11:07:24.784 INFO  [BOT] 0: MESSAGE_CREATE 
2021-01-09 11:07:25.158 INFO  [BOT] PusherRequestError: Unexpected status code 413 
2021-01-09 11:07:26.595 INFO  [BOT] 0: TYPING_START 
2021-01-09 11:07:28.403 INFO  [BOT] 0: MESSAGE_CREATE 
2021-01-09 11:07:28.772 INFO  [BOT] PusherRequestError: Unexpected status code 413 
2021-01-09 11:07:42.820 INFO  [BOT] 0: TYPING_START 
2021-01-09 11:07:47.189 INFO  [BOT] 0: MESSAGE_CREATE 
2021-01-09 11:07:47.569 INFO  [BOT] PusherRequestError: Unexpected status code 413 
2021-01-09 11:07:52.778 INFO  [BOT] 0: MESSAGE_CREATE 
2021-01-09 11:07:53.147 INFO  [BOT] PusherRequestError: Unexpected status code 413 
2021-01-09 11:07:58.383 INFO  [BOT] 0: TYPING_START 
2021-01-09 11:07:59.813 INFO  [BOT] 0: MESSAGE_CREATE 
2021-01-09 11:08:00.196 INFO  [BOT] PusherRequestError: Unexpected status code 413 
2021-01-09 11:08:04.087 INFO  [BOT] 0: null 
2021-01-09 11:08:06.112 INFO  [BOT] 0: TYPING_START 
2021-01-09 11:08:11.754 INFO  [BOT] 0: MESSAGE_CREATE 
2021-01-09 11:08:12.245 INFO  [BOT] PusherRequestError: Unexpected status code 413 
2021-01-09 11:08:17.933 INFO  [BOT] 0: TYPING_START 
2021-01-09 11:08:19.348 INFO  [BOT] 0: MESSAGE_CREATE 
2021-01-09 11:08:19.723 INFO  [BOT] PusherRequestError: Unexpected status code 413 
2021-01-09 11:08:28.663 INFO  [BOT] 0: TYPING_START 
2021-01-09 11:08:38.921 INFO  [BOT] 0: TYPING_START 
2021-01-09 11:08:44.685 INFO  [BOT] 0: CHANNEL_UPDATE 
2021-01-09 11:08:45.046 INFO  [BOT] 0: MESSAGE_CREATE 
2021-01-09 11:08:45.087 INFO  [BOT] 0: MESSAGE_UPDATE 
2021-01-09 11:08:45.403 INFO  [BOT] 0: null 
2021-01-09 11:08:49.155 INFO  [BOT] 0: TYPING_START 
2021-01-09 11:08:49.973 INFO  [BOT] 0: PRESENCE_UPDATE 
2021-01-09 11:08:51.382 INFO  [BOT] 0: PRESENCE_UPDATE 
2021-01-09 11:08:52.175 INFO  [BOT] 0: PRESENCE_UPDATE 
2021-01-09 11:08:59.265 INFO  [BOT] 0: TYPING_START 
2021-01-09 11:09:01.128 INFO  [BOT] 0: PRESENCE_UPDATE 
2021-01-09 11:09:09.610 INFO  [BOT] 0: TYPING_START 
2021-01-09 11:09:20.019 INFO  [BOT] 0: TYPING_START 
2021-01-09 11:09:26.609 INFO  [BOT] 0: null 
2021-01-09 11:09:28.311 INFO  [BOT] 0: MESSAGE_CREATE 
2021-01-09 11:09:28.833 INFO  [BOT] PusherRequestError: Unexpected status code 413 
2021-01-09 11:09:41.100 INFO  [BOT] 0: TYPING_START 
2021-01-09 11:09:45.618 INFO  [BOT] 0: MESSAGE_CREATE 
2021-01-09 11:09:46.011 INFO  [BOT] PusherRequestError: Unexpected status code 413 
2021-01-09 11:09:54.849 INFO  [BOT] 0: TYPING_START 
2021-01-09 11:10:00.974 INFO  [BOT] 0: TYPING_START 
2021-01-09 11:10:06.192 INFO  [BOT] 0: TYPING_START 
2021-01-09 11:10:07.851 INFO  [BOT] 0: null 
2021-01-09 11:10:09.101 INFO  [BOT] 0: TYPING_START 
2021-01-09 11:10:10.200 INFO  [BOT] 0: PRESENCE_UPDATE 
2021-01-09 11:10:10.703 INFO  [BOT] 0: MESSAGE_CREATE 
2021-01-09 11:10:11.098 INFO  [BOT] PusherRequestError: Unexpected status code 413 
2021-01-09 11:10:14.019 INFO  [BOT] 0: PRESENCE_UPDATE 
2021-01-09 11:10:17.542 INFO  [BOT] 0: TYPING_START 
2021-01-09 11:10:23.973 INFO  [BOT] 0: MESSAGE_CREATE 
2021-01-09 11:10:24.372 INFO  [BOT] PusherRequestError: Unexpected status code 413 
2021-01-09 11:10:36.294 INFO  [BOT] 0: TYPING_START 
2021-01-09 11:10:37.550 INFO  [BOT] 0: MESSAGE_CREATE 
2021-01-09 11:10:38.010 INFO  [BOT] PusherRequestError: Unexpected status code 413 
2021-01-09 11:10:43.398 INFO  [BOT] 0: TYPING_START 
2021-01-09 11:10:48.341 INFO  [BOT] 0: MESSAGE_CREATE 
2021-01-09 11:10:48.771 INFO  [BOT] PusherRequestError: Unexpected status code 413 
2021-01-09 11:10:49.106 INFO  [BOT] 0: null 
2021-01-09 11:10:51.389 INFO  [BOT] 0: TYPING_START 
2021-01-09 11:10:53.577 INFO  [BOT] 0: MESSAGE_CREATE 
2021-01-09 11:10:53.984 INFO  [BOT] PusherRequestError: Unexpected status code 413 
2021-01-09 11:10:54.214 INFO  [BOT] 0: PRESENCE_UPDATE 
2021-01-09 11:10:58.618 INFO  [BOT] 0: TYPING_START 
2021-01-09 11:11:00.289 INFO  [BOT] 0: MESSAGE_CREATE 
2021-01-09 11:11:00.703 INFO  [BOT] PusherRequestError: Unexpected status code 413 
2021-01-09 11:11:03.971 INFO  [BOT] 0: TYPING_START 
2021-01-09 11:11:05.663 INFO  [BOT] 0: PRESENCE_UPDATE 
2021-01-09 11:11:06.343 INFO  [BOT] 0: MESSAGE_CREATE 
2021-01-09 11:11:06.762 INFO  [BOT] PusherRequestError: Unexpected status code 413 
2021-01-09 11:11:10.756 INFO  [BOT] 0: MESSAGE_CREATE 
2021-01-09 11:11:11.185 INFO  [BOT] PusherRequestError: Unexpected status code 413 
2021-01-09 11:11:12.454 INFO  [BOT] 0: TYPING_START 
2021-01-09 11:11:23.264 INFO  [BOT] 0: TYPING_START 
2021-01-09 11:11:28.315 INFO  [BOT] 0: PRESENCE_UPDATE 
2021-01-09 11:11:30.368 INFO  [BOT] 0: null 
2021-01-09 11:11:49.752 INFO  [BOT] 0: TYPING_START 
2021-01-09 11:11:53.658 INFO  [BOT] 0: MESSAGE_CREATE 
2021-01-09 11:11:54.130 INFO  [BOT] PusherRequestError: Unexpected status code 413 
2021-01-09 11:11:59.322 INFO  [BOT] 0: TYPING_START 
2021-01-09 11:12:07.919 INFO  [BOT] 0: TYPING_START 
2021-01-09 11:12:09.027 INFO  [BOT] 0: MESSAGE_CREATE 
2021-01-09 11:12:09.463 INFO  [BOT] PusherRequestError: Unexpected status code 413 
2021-01-09 11:12:11.620 INFO  [BOT] 0: null 
2021-01-09 11:12:11.888 INFO  [BOT] 0: PRESENCE_UPDATE 
2021-01-09 11:12:12.965 INFO  [BOT] 0: TYPING_START 
2021-01-09 11:12:14.780 INFO  [BOT] 0: PRESENCE_UPDATE 
2021-01-09 11:12:16.052 INFO  [BOT] 0: MESSAGE_CREATE 
2021-01-09 11:12:16.485 INFO  [BOT] PusherRequestError: Unexpected status code 413 
2021-01-09 11:12:22.665 INFO  [BOT] 0: TYPING_START 
2021-01-09 11:12:29.220 INFO  [BOT] 0: MESSAGE_CREATE 
2021-01-09 11:12:29.665 INFO  [BOT] PusherRequestError: Unexpected status code 413 
2021-01-09 11:12:36.657 INFO  [BOT] 0: TYPING_START 
2021-01-09 11:12:40.579 INFO  [BOT] 0: MESSAGE_CREATE 
2021-01-09 11:12:41.029 INFO  [BOT] PusherRequestError: Unexpected status code 413 
2021-01-09 11:12:45.465 INFO  [BOT] 0: TYPING_START 
2021-01-09 11:12:45.685 INFO  [BOT] 0: PRESENCE_UPDATE 
2021-01-09 11:12:52.878 INFO  [BOT] 0: null 
2021-01-09 11:12:53.990 INFO  [BOT] 0: TYPING_START 
2021-01-09 11:12:54.056 INFO  [BOT] 0: PRESENCE_UPDATE 
2021-01-09 11:12:58.377 INFO  [BOT] 0: MESSAGE_CREATE 
2021-01-09 11:12:58.881 INFO  [BOT] PusherRequestError: Unexpected status code 413 
2021-01-09 11:13:05.216 INFO  [BOT] 0: PRESENCE_UPDATE 
2021-01-09 11:13:05.726 INFO  [BOT] 0: PRESENCE_UPDATE 
2021-01-09 11:13:07.531 INFO  [BOT] 0: MESSAGE_UPDATE 
2021-01-09 11:13:17.483 INFO  [DISCORD] Bot connected 
2021-01-09 11:13:17.804 INFO  [BOT] 0: null 
2021-01-09 11:13:17.943 INFO  [BOT] 0: null 
2021-01-09 11:13:18.023 INFO  [BOT] 0: READY 
2021-01-09 11:13:18.322 INFO  [BOT] 0: GUILD_CREATE 
2021-01-09 11:13:18.329 INFO  [DISCORD] 'ready' event is triggered 
2021-01-09 11:13:26.655 INFO  [BOT] 0: PRESENCE_UPDATE 
2021-01-09 11:13:27.099 INFO  [BOT] 0: PRESENCE_UPDATE 
2021-01-09 11:13:54.669 INFO  [BOT] 0: CHANNEL_UPDATE 
2021-01-09 11:13:54.962 INFO  [BOT] 0: MESSAGE_CREATE 
2021-01-09 11:13:55.018 INFO  [BOT] 0: MESSAGE_UPDATE 
2021-01-09 11:13:59.195 INFO  [BOT] 0: null 
2021-01-09 11:14:08.583 INFO  [BOT] 0: TYPING_START 
2021-01-09 11:14:11.133 INFO  [BOT] 0: MESSAGE_CREATE 
2021-01-09 11:14:17.805 INFO  [BOT] 0: PRESENCE_UPDATE 
2021-01-09 11:15:02.754 INFO  [DISCORD] Bot connected 
2021-01-09 11:15:03.091 INFO  [BOT] 0: null 
2021-01-09 11:15:03.234 INFO  [BOT] 0: null 
2021-01-09 11:15:03.399 INFO  [BOT] 0: READY 
2021-01-09 11:15:03.679 INFO  [BOT] 0: GUILD_CREATE 
2021-01-09 11:15:03.687 INFO  [DISCORD] 'ready' event is triggered 
2021-01-09 11:15:06.600 INFO  [BOT] 0: TYPING_START 
2021-01-09 11:15:21.479 INFO  [BOT] 0: MESSAGE_CREATE 
2021-01-09 11:15:21.675 INFO  [BOT] 0: MESSAGE_UPDATE 
2021-01-09 11:15:21.768 INFO  [BOT] 0: TYPING_START 
2021-01-09 11:15:44.519 INFO  [BOT] 0: null 
2021-01-09 11:15:47.189 INFO  [BOT] 0: TYPING_START 
2021-01-09 11:15:49.783 INFO  [BOT] 0: MESSAGE_CREATE 
2021-01-09 11:15:57.164 INFO  [BOT] 0: MESSAGE_CREATE 
2021-01-09 11:15:58.137 INFO  [BOT] 0: TYPING_START 
2021-01-09 11:16:05.676 INFO  [BOT] 0: MESSAGE_CREATE 
2021-01-09 11:16:07.301 INFO  [BOT] 0: TYPING_START 
2021-01-09 11:16:14.520 INFO  [BOT] 0: TYPING_START 
2021-01-09 11:16:15.731 INFO  [BOT] 0: MESSAGE_CREATE 
2021-01-09 11:16:21.699 INFO  [BOT] 0: MESSAGE_CREATE 
2021-01-09 11:16:25.756 INFO  [BOT] 0: null 
2021-01-09 11:16:31.938 INFO  [BOT] 0: PRESENCE_UPDATE 
2021-01-09 11:16:45.211 INFO  [BOT] 0: PRESENCE_UPDATE 
2021-01-09 11:16:49.207 INFO  [BOT] 0: PRESENCE_UPDATE 
2021-01-09 11:16:50.637 INFO  [BOT] 0: PRESENCE_UPDATE 
2021-01-09 11:17:00.168 INFO  [BOT] 0: TYPING_START 
2021-01-09 11:17:06.987 INFO  [BOT] 0: null 
2021-01-09 11:17:08.152 INFO  [BOT] 0: TYPING_START 
2021-01-09 11:17:08.659 INFO  [BOT] 0: PRESENCE_UPDATE 
2021-01-09 11:17:16.504 INFO  [BOT] 0: TYPING_START 
2021-01-09 11:17:18.326 INFO  [BOT] 0: MESSAGE_CREATE 
2021-01-09 11:17:20.690 INFO  [BOT] 0: TYPING_START 
2021-01-09 11:17:25.105 INFO  [BOT] 0: MESSAGE_CREATE 
2021-01-09 11:17:29.789 INFO  [BOT] 0: PRESENCE_UPDATE 
2021-01-09 11:17:33.127 INFO  [BOT] 0: PRESENCE_UPDATE 
2021-01-09 11:17:34.320 INFO  [BOT] 0: PRESENCE_UPDATE 
2021-01-09 11:17:35.308 INFO  [BOT] 0: TYPING_START 
2021-01-09 11:17:43.055 INFO  [BOT] 0: MESSAGE_CREATE 
2021-01-09 11:17:45.413 INFO  [BOT] 0: TYPING_START 
2021-01-09 11:17:47.390 INFO  [BOT] 0: MESSAGE_UPDATE 
2021-01-09 11:17:48.129 INFO  [BOT] 0: PRESENCE_UPDATE 
2021-01-09 11:17:48.254 INFO  [BOT] 0: null 
2021-01-09 11:17:52.497 INFO  [BOT] 0: TYPING_START 
2021-01-09 11:17:58.430 INFO  [BOT] 0: MESSAGE_CREATE 
2021-01-09 11:18:06.375 INFO  [BOT] 0: PRESENCE_UPDATE 
2021-01-09 11:18:25.485 INFO  [BOT] 0: PRESENCE_UPDATE 
2021-01-09 11:18:29.504 INFO  [BOT] 0: null 
2021-01-09 11:18:31.993 INFO  [BOT] 0: PRESENCE_UPDATE 
2021-01-09 11:18:45.191 INFO  [BOT] 0: PRESENCE_UPDATE 
2021-01-09 11:18:51.767 INFO  [BOT] 0: TYPING_START 
2021-01-09 11:18:53.539 INFO  [BOT] 0: PRESENCE_UPDATE 
2021-01-09 11:18:56.524 INFO  [BOT] 0: MESSAGE_CREATE 
2021-01-09 11:19:05.461 INFO  [BOT] 0: CHANNEL_UPDATE 
2021-01-09 11:19:05.848 INFO  [BOT] 0: MESSAGE_CREATE 
2021-01-09 11:19:05.930 INFO  [BOT] 0: MESSAGE_UPDATE 
2021-01-09 11:19:08.715 INFO  [BOT] 0: PRESENCE_UPDATE 
2021-01-09 11:19:09.822 INFO  [BOT] 0: TYPING_START 
2021-01-09 11:19:10.756 INFO  [BOT] 0: null 
2021-01-09 11:19:16.665 INFO  [BOT] 0: MESSAGE_CREATE 
2021-01-09 11:19:39.455 INFO  [BOT] 0: PRESENCE_UPDATE 
2021-01-09 11:19:42.755 INFO  [BOT] 0: PRESENCE_UPDATE 
2021-01-09 11:19:52.046 INFO  [BOT] 0: null 
2021-01-09 11:19:54.458 INFO  [BOT] 0: PRESENCE_UPDATE 
2021-01-09 11:20:15.473 INFO  [BOT] 0: PRESENCE_UPDATE 
2021-01-09 11:20:16.586 INFO  [BOT] 0: PRESENCE_UPDATE 
2021-01-09 11:20:18.322 INFO  [BOT] 0: PRESENCE_UPDATE 
2021-01-09 11:20:18.720 INFO  [BOT] 0: PRESENCE_UPDATE 
2021-01-09 11:20:24.154 INFO  [BOT] 0: TYPING_START 
2021-01-09 11:20:27.169 INFO  [BOT] 0: PRESENCE_UPDATE 
2021-01-09 11:20:28.572 INFO  [BOT] 0: MESSAGE_CREATE 
2021-01-09 11:20:33.278 INFO  [BOT] 0: null 
2021-01-09 11:21:08.523 INFO  [BOT] 0: PRESENCE_UPDATE 
2021-01-09 11:21:14.526 INFO  [BOT] 0: null 
2021-01-09 11:21:25.506 INFO  [BOT] 0: TYPING_START 
2021-01-09 11:21:33.860 INFO  [BOT] 0: PRESENCE_UPDATE 
2021-01-09 11:21:35.960 INFO  [BOT] 0: TYPING_START 
2021-01-09 11:21:42.729 INFO  [BOT] 0: MESSAGE_CREATE 
2021-01-09 11:21:44.859 INFO  [BOT] 0: TYPING_START 
2021-01-09 11:21:46.240 INFO  [BOT] 0: MESSAGE_UPDATE 
2021-01-09 11:21:55.790 INFO  [BOT] 0: null 
2021-01-09 11:21:57.260 INFO  [BOT] 0: PRESENCE_UPDATE 
2021-01-09 11:22:03.404 INFO  [BOT] 0: TYPING_START 
2021-01-09 11:22:12.069 INFO  [BOT] 0: TYPING_START 
2021-01-09 11:22:14.944 INFO  [BOT] 0: PRESENCE_UPDATE 
2021-01-09 11:22:16.093 INFO  [BOT] 0: PRESENCE_UPDATE 
2021-01-09 11:22:20.474 INFO  [BOT] 0: TYPING_START 
2021-01-09 11:22:22.955 INFO  [BOT] 0: MESSAGE_CREATE 
2021-01-09 11:22:29.505 INFO  [BOT] 0: PRESENCE_UPDATE 
2021-01-09 11:22:30.272 INFO  [BOT] 0: TYPING_START 
2021-01-09 11:22:37.041 INFO  [BOT] 0: null 
2021-01-09 11:22:38.397 INFO  [BOT] 0: TYPING_START 
2021-01-09 11:22:40.608 INFO  [BOT] 0: MESSAGE_CREATE 
2021-01-09 11:22:42.306 INFO  [BOT] 0: TYPING_START 
2021-01-09 11:22:45.260 INFO  [BOT] 0: MESSAGE_CREATE 
2021-01-09 11:22:47.148 INFO  [BOT] 0: TYPING_START 
2021-01-09 11:22:52.737 INFO  [BOT] 0: PRESENCE_UPDATE 
2021-01-09 11:22:54.102 INFO  [BOT] 0: PRESENCE_UPDATE 
2021-01-09 11:22:54.792 INFO  [BOT] 0: MESSAGE_CREATE 
2021-01-09 11:22:57.521 INFO  [BOT] 0: PRESENCE_UPDATE 
2021-01-09 11:23:18.292 INFO  [BOT] 0: null 
2021-01-09 11:23:59.548 INFO  [BOT] 0: null 
2021-01-09 11:24:01.252 INFO  [BOT] 0: TYPING_START 
2021-01-09 11:24:14.636 INFO  [BOT] 0: CHANNEL_UPDATE 
2021-01-09 11:24:14.966 INFO  [BOT] 0: MESSAGE_CREATE 
2021-01-09 11:24:14.994 INFO  [BOT] 0: MESSAGE_UPDATE 
2021-01-09 11:24:25.380 INFO  [BOT] 0: PRESENCE_UPDATE 
2021-01-09 11:24:40.809 INFO  [BOT] 0: null 
2021-01-09 11:24:45.303 INFO  [BOT] 0: PRESENCE_UPDATE 
2021-01-09 11:24:54.143 INFO  [BOT] 0: PRESENCE_UPDATE 
2021-01-09 11:25:12.138 INFO  [BOT] 0: PRESENCE_UPDATE 
2021-01-09 11:25:22.067 INFO  [BOT] 0: null 
2021-01-09 11:26:03.330 INFO  [BOT] 0: null 
2021-01-09 11:26:34.678 INFO  [BOT] 0: PRESENCE_UPDATE 
2021-01-09 11:26:39.832 INFO  [BOT] 0: PRESENCE_UPDATE 
2021-01-09 11:26:44.607 INFO  [BOT] 0: null 
2021-01-09 11:27:26.026 INFO  [BOT] 0: null 
2021-01-09 11:28:05.495 INFO  [BOT] 0: PRESENCE_UPDATE 
2021-01-09 11:28:07.116 INFO  [BOT] 0: null 
2021-01-09 11:28:13.026 INFO  [BOT] 0: PRESENCE_UPDATE 
2021-01-09 11:28:48.386 INFO  [BOT] 0: null 
2021-01-09 11:29:17.657 INFO  [BOT] 0: PRESENCE_UPDATE 
2021-01-09 11:29:24.599 INFO  [BOT] 0: CHANNEL_UPDATE 
2021-01-09 11:29:24.957 INFO  [BOT] 0: MESSAGE_CREATE 
2021-01-09 11:29:24.999 INFO  [BOT] 0: MESSAGE_UPDATE 
2021-01-09 11:29:29.637 INFO  [BOT] 0: null 
2021-01-09 11:29:54.773 INFO  [BOT] 0: PRESENCE_UPDATE 
2021-01-09 11:29:55.494 INFO  [BOT] 0: PRESENCE_UPDATE 
2021-01-09 11:29:56.761 INFO  [BOT] 0: PRESENCE_UPDATE 
2021-01-09 11:29:58.782 INFO  [BOT] 0: PRESENCE_UPDATE 
2021-01-09 11:30:04.020 INFO  [BOT] 0: PRESENCE_UPDATE 
2021-01-09 11:30:10.918 INFO  [BOT] 0: null 
2021-01-09 11:30:12.444 INFO  [BOT] 0: PRESENCE_UPDATE 
2021-01-09 11:30:52.159 INFO  [BOT] 0: null 
2021-01-09 11:31:03.018 INFO  [BOT] 0: PRESENCE_UPDATE 
2021-01-09 11:31:16.407 INFO  [BOT] 0: PRESENCE_UPDATE 
2021-01-09 11:31:17.388 INFO  [BOT] 0: PRESENCE_UPDATE 
2021-01-09 11:31:33.448 INFO  [BOT] 0: null 
2021-01-09 11:31:34.671 INFO  [BOT] 0: PRESENCE_UPDATE 
2021-01-09 11:31:54.561 INFO  [BOT] 0: MESSAGE_CREATE 
2021-01-09 11:31:54.871 INFO  [BOT] 0: MESSAGE_CREATE 
2021-01-09 11:31:55.294 INFO  [BOT] 0: MESSAGE_CREATE 
2021-01-09 11:31:55.724 INFO  [BOT] 0: MESSAGE_CREATE 
2021-01-09 11:31:56.190 INFO  [BOT] 0: MESSAGE_CREATE 
2021-01-09 11:31:56.530 INFO  [BOT] 0: MESSAGE_CREATE 
2021-01-09 11:31:56.828 INFO  [BOT] 0: MESSAGE_CREATE 
2021-01-09 11:31:57.106 INFO  [BOT] 0: MESSAGE_CREATE 
2021-01-09 11:31:57.421 INFO  [BOT] 0: MESSAGE_CREATE 
2021-01-09 11:31:57.751 INFO  [BOT] 0: MESSAGE_CREATE 
2021-01-09 11:31:59.520 INFO  [BOT] 0: PRESENCE_UPDATE 
2021-01-09 11:32:04.865 INFO  [BOT] 0: MESSAGE_CREATE 
2021-01-09 11:32:05.160 INFO  [BOT] 0: MESSAGE_CREATE 
2021-01-09 11:32:05.396 INFO  [BOT] 0: MESSAGE_CREATE 
2021-01-09 11:32:05.668 INFO  [BOT] 0: MESSAGE_CREATE 
2021-01-09 11:32:07.371 INFO  [BOT] 0: PRESENCE_UPDATE 
2021-01-09 11:32:14.700 INFO  [BOT] 0: PRESENCE_UPDATE 
2021-01-09 11:32:14.701 INFO  [BOT] 0: null 
2021-01-09 11:32:26.407 INFO  [BOT] 0: MESSAGE_CREATE 
2021-01-09 11:32:26.708 INFO  [BOT] 0: MESSAGE_CREATE 
2021-01-09 11:32:27.088 INFO  [BOT] 0: MESSAGE_CREATE 
2021-01-09 11:32:27.462 INFO  [BOT] 0: MESSAGE_CREATE 
2021-01-09 11:32:27.749 INFO  [BOT] 0: MESSAGE_CREATE 
2021-01-09 11:32:28.024 INFO  [BOT] 0: MESSAGE_CREATE 
2021-01-09 11:32:28.309 INFO  [BOT] 0: MESSAGE_CREATE 
2021-01-09 11:32:28.618 INFO  [BOT] 0: MESSAGE_CREATE 
2021-01-09 11:32:35.482 INFO  [BOT] 0: MESSAGE_CREATE 
2021-01-09 11:32:36.327 INFO  [BOT] 0: MESSAGE_CREATE 
2021-01-09 11:32:36.697 INFO  [BOT] 0: MESSAGE_CREATE 
2021-01-09 11:32:37.048 INFO  [BOT] 0: MESSAGE_CREATE 
2021-01-09 11:32:37.417 INFO  [BOT] PusherRequestError: Unexpected status code 413 
2021-01-09 11:32:37.418 INFO  [BOT] 0: MESSAGE_CREATE 
2021-01-09 11:32:37.649 INFO  [BOT] 0: MESSAGE_CREATE 
2021-01-09 11:32:37.714 INFO  [BOT] PusherRequestError: Unexpected status code 413 
2021-01-09 11:32:37.854 INFO  [BOT] 0: TYPING_START 
2021-01-09 11:32:37.954 INFO  [BOT] PusherRequestError: Unexpected status code 413 
2021-01-09 11:32:55.983 INFO  [BOT] 0: null 
2021-01-09 11:33:17.083 INFO  [BOT] 0: MESSAGE_CREATE 
2021-01-09 11:33:17.382 INFO  [BOT] PusherRequestError: Unexpected status code 413 
2021-01-09 11:33:18.720 INFO  [BOT] 0: MESSAGE_CREATE 
2021-01-09 11:33:19.058 INFO  [BOT] PusherRequestError: Unexpected status code 413 
2021-01-09 11:33:19.614 INFO  [BOT] 0: MESSAGE_CREATE 
2021-01-09 11:33:19.923 INFO  [BOT] PusherRequestError: Unexpected status code 413 
2021-01-09 11:33:20.649 INFO  [BOT] 0: PRESENCE_UPDATE 
2021-01-09 11:33:36.808 INFO  [DISCORD] Bot connected 
2021-01-09 11:33:37.113 INFO  [BOT] 0: null 
2021-01-09 11:33:37.251 INFO  [BOT] 0: null 
2021-01-09 11:33:37.297 INFO  [BOT] 0: READY 
2021-01-09 11:33:37.691 INFO  [BOT] 0: GUILD_CREATE 
2021-01-09 11:33:37.697 INFO  [DISCORD] 'ready' event is triggered 
2021-01-09 11:33:38.536 INFO  [BOT] 0: PRESENCE_UPDATE 
2021-01-09 11:33:43.648 INFO  [BOT] 0: TYPING_START 
2021-01-09 11:33:43.649 INFO  [BOT] 0: MESSAGE_CREATE 
2021-01-09 11:33:43.776 INFO  [BOT] 0: MESSAGE_CREATE 
2021-01-09 11:33:45.540 INFO  [BOT] 0: MESSAGE_CREATE 
2021-01-09 11:34:13.454 INFO  [BOT] 0: PRESENCE_UPDATE 
2021-01-09 11:34:18.498 INFO  [BOT] 0: null 
2021-01-09 11:34:34.628 INFO  [BOT] 0: CHANNEL_UPDATE 
2021-01-09 11:34:34.937 INFO  [BOT] 0: MESSAGE_CREATE 
2021-01-09 11:34:35.014 INFO  [BOT] 0: MESSAGE_UPDATE 
2021-01-09 11:34:42.268 INFO  [BOT] 0: PRESENCE_UPDATE 
2021-01-09 11:34:42.342 INFO  [BOT] 0: MESSAGE_CREATE 
2021-01-09 11:34:42.508 INFO  [BOT] 0: MESSAGE_REACTION_ADD 
2021-01-09 11:34:43.268 INFO  [BOT] 0: MESSAGE_UPDATE 
2021-01-09 11:34:43.309 INFO  [BOT] 0: PRESENCE_UPDATE 
2021-01-09 11:34:43.431 INFO  [BOT] 0: MESSAGE_REACTION_ADD 
2021-01-09 11:34:50.320 INFO  [BOT] 0: PRESENCE_UPDATE 
2021-01-09 11:34:52.326 INFO  [BOT] 0: PRESENCE_UPDATE 
2021-01-09 11:34:56.134 INFO  [BOT] 0: TYPING_START 
2021-01-09 11:34:57.350 INFO  [BOT] 0: PRESENCE_UPDATE 
2021-01-09 11:34:59.512 INFO  [BOT] 0: MESSAGE_CREATE 
2021-01-09 11:34:59.760 INFO  [BOT] 0: null 
2021-01-09 11:35:00.422 INFO  [BOT] 0: PRESENCE_UPDATE 
2021-01-09 11:35:01.431 INFO  [BOT] 0: PRESENCE_UPDATE 
2021-01-09 11:35:03.428 INFO  [BOT] 0: MESSAGE_CREATE 
2021-01-09 11:35:03.623 INFO  [BOT] 0: TYPING_START 
2021-01-09 11:35:11.081 INFO  [BOT] 0: MESSAGE_CREATE 
2021-01-09 11:35:11.384 INFO  [BOT] 0: PRESENCE_UPDATE 
2021-01-09 11:35:18.067 INFO  [BOT] 0: MESSAGE_REACTION_ADD 
2021-01-09 11:35:31.675 INFO  [BOT] 0: PRESENCE_UPDATE 
2021-01-09 11:35:37.734 INFO  [BOT] 0: PRESENCE_UPDATE 
2021-01-09 11:35:38.563 INFO  [BOT] 0: PRESENCE_UPDATE 
2021-01-09 11:35:38.696 INFO  [BOT] 0: PRESENCE_UPDATE 
2021-01-09 11:35:40.794 INFO  [BOT] 0: PRESENCE_UPDATE 
2021-01-09 11:35:41.018 INFO  [BOT] 0: null 
2021-01-09 11:35:41.723 INFO  [BOT] 0: PRESENCE_UPDATE 
2021-01-09 11:35:51.676 INFO  [BOT] 0: PRESENCE_UPDATE 
2021-01-09 11:35:56.525 INFO  [BOT] 0: PRESENCE_UPDATE 
2021-01-09 11:36:05.153 INFO  [BOT] 0: PRESENCE_UPDATE 
2021-01-09 11:36:12.994 INFO  [BOT] 0: PRESENCE_UPDATE 
2021-01-09 11:36:18.803 INFO  [BOT] 0: PRESENCE_UPDATE 
2021-01-09 11:36:22.274 INFO  [BOT] 0: null 
2021-01-09 11:36:25.705 INFO  [BOT] 0: PRESENCE_UPDATE 
2021-01-09 11:36:32.103 INFO  [BOT] 0: PRESENCE_UPDATE 
2021-01-09 11:36:32.551 INFO  [BOT] 0: PRESENCE_UPDATE 
2021-01-09 11:36:42.524 INFO  [BOT] 0: PRESENCE_UPDATE 
2021-01-09 11:36:57.722 INFO  [BOT] 0: MESSAGE_CREATE 
2021-01-09 11:36:57.934 INFO  [BOT] 0: MESSAGE_UPDATE 
2021-01-09 11:37:03.578 INFO  [BOT] 0: TYPING_START 
2021-01-09 11:37:03.678 INFO  [BOT] 0: null 
2021-01-09 11:37:04.132 INFO  [BOT] 0: MESSAGE_CREATE 
2021-01-09 11:37:15.603 INFO  [BOT] 0: PRESENCE_UPDATE 
2021-01-09 11:37:32.916 INFO  [BOT] 0: PRESENCE_UPDATE 
2021-01-09 11:37:33.361 INFO  [BOT] 0: PRESENCE_UPDATE 
2021-01-09 11:37:44.792 INFO  [BOT] 0: null 
2021-01-09 11:37:51.275 INFO  [BOT] 0: PRESENCE_UPDATE 
2021-01-09 11:37:58.663 INFO  [BOT] 0: PRESENCE_UPDATE 
2021-01-09 11:38:26.064 INFO  [BOT] 0: null 
2021-01-09 11:38:29.936 INFO  [BOT] 0: PRESENCE_UPDATE 
2021-01-09 11:38:34.755 INFO  [BOT] 0: PRESENCE_UPDATE 
2021-01-09 11:38:41.087 INFO  [BOT] 0: PRESENCE_UPDATE 
2021-01-09 11:38:42.673 INFO  [BOT] 0: PRESENCE_UPDATE 
2021-01-09 11:38:46.104 INFO  [BOT] 0: PRESENCE_UPDATE 
2021-01-09 11:38:53.863 INFO  [BOT] 0: PRESENCE_UPDATE 
2021-01-09 11:39:07.308 INFO  [BOT] 0: null 
2021-01-09 11:39:15.564 INFO  [BOT] 0: PRESENCE_UPDATE 
2021-01-09 11:39:20.965 INFO  [BOT] 0: PRESENCE_UPDATE 
2021-01-09 11:39:40.411 INFO  [BOT] 0: PRESENCE_UPDATE 
2021-01-09 11:39:43.801 INFO  [BOT] 0: PRESENCE_UPDATE 
2021-01-09 11:39:44.609 INFO  [BOT] 0: CHANNEL_UPDATE 
2021-01-09 11:39:44.937 INFO  [BOT] 0: MESSAGE_CREATE 
2021-01-09 11:39:44.981 INFO  [BOT] 0: MESSAGE_UPDATE 
2021-01-09 11:39:48.567 INFO  [BOT] 0: null 
2021-01-09 11:40:01.535 INFO  [BOT] 0: MESSAGE_CREATE 
2021-01-09 11:40:29.823 INFO  [BOT] 0: null 
2021-01-09 11:40:41.095 INFO  [BOT] 0: PRESENCE_UPDATE 
2021-01-09 11:41:04.558 INFO  [BOT] 0: PRESENCE_UPDATE 
2021-01-09 11:41:05.868 INFO  [BOT] 0: MESSAGE_REACTION_ADD 
2021-01-09 11:41:11.072 INFO  [BOT] 0: null 
2021-01-09 11:41:14.119 INFO  [BOT] 0: PRESENCE_UPDATE 
2021-01-09 11:41:17.829 INFO  [BOT] 0: PRESENCE_UPDATE 
2021-01-09 11:41:24.078 INFO  [BOT] 0: PRESENCE_UPDATE 
2021-01-09 11:41:36.599 INFO  [BOT] 0: PRESENCE_UPDATE 
2021-01-09 11:41:46.786 INFO  [BOT] 0: PRESENCE_UPDATE 
2021-01-09 11:41:49.528 INFO  [BOT] 0: PRESENCE_UPDATE 
2021-01-09 11:41:50.973 INFO  [BOT] 0: PRESENCE_UPDATE 
2021-01-09 11:41:52.410 INFO  [BOT] 0: null 
2021-01-09 11:42:01.074 INFO  [BOT] 0: PRESENCE_UPDATE 
2021-01-09 11:42:02.274 INFO  [BOT] 0: PRESENCE_UPDATE 
2021-01-09 11:42:14.620 INFO  [BOT] 0: PRESENCE_UPDATE 
2021-01-09 11:42:16.540 INFO  [BOT] 0: PRESENCE_UPDATE 
2021-01-09 11:42:21.208 INFO  [BOT] 0: PRESENCE_UPDATE 
2021-01-09 11:42:33.575 INFO  [BOT] 0: null 
2021-01-09 11:42:46.208 INFO  [BOT] 0: PRESENCE_UPDATE 
2021-01-09 11:42:47.116 INFO  [BOT] 0: PRESENCE_UPDATE 
2021-01-09 11:43:14.841 INFO  [BOT] 0: null 
2021-01-09 11:43:19.904 INFO  [BOT] 0: PRESENCE_UPDATE 
2021-01-09 11:43:56.095 INFO  [BOT] 0: null 
2021-01-09 11:44:04.990 INFO  [BOT] 0: PRESENCE_UPDATE 
2021-01-09 11:44:26.079 INFO  [BOT] 0: PRESENCE_UPDATE 
2021-01-09 11:44:28.483 INFO  [BOT] 0: PRESENCE_UPDATE 
2021-01-09 11:44:37.361 INFO  [BOT] 0: null 
2021-01-09 11:44:46.155 INFO  [BOT] 0: PRESENCE_UPDATE 
2021-01-09 11:44:54.613 INFO  [BOT] 0: CHANNEL_UPDATE 
2021-01-09 11:44:54.993 INFO  [BOT] 0: MESSAGE_CREATE 
2021-01-09 11:44:55.034 INFO  [BOT] 0: MESSAGE_UPDATE 
2021-01-09 11:44:55.523 INFO  [BOT] 0: PRESENCE_UPDATE 
2021-01-09 11:45:02.846 INFO  [BOT] 0: PRESENCE_UPDATE 
2021-01-09 11:45:04.299 INFO  [BOT] 0: PRESENCE_UPDATE 
2021-01-09 11:45:10.948 INFO  [BOT] 0: PRESENCE_UPDATE 
2021-01-09 11:45:18.605 INFO  [BOT] 0: null 
2021-01-09 11:45:51.125 INFO  [BOT] 0: PRESENCE_UPDATE 
2021-01-09 11:45:59.854 INFO  [BOT] 0: null 
2021-01-09 11:45:59.888 INFO  [BOT] 0: PRESENCE_UPDATE 
2021-01-09 11:46:00.705 INFO  [BOT] 0: TYPING_START 
2021-01-09 11:46:08.789 INFO  [BOT] 0: TYPING_START 
2021-01-09 11:46:13.498 INFO  [BOT] 0: PRESENCE_UPDATE 
2021-01-09 11:46:13.548 INFO  [BOT] 0: MESSAGE_CREATE 
2021-01-09 11:46:13.550 INFO  [BOT] 0: PRESENCE_UPDATE 
2021-01-09 11:46:41.130 INFO  [BOT] 0: null 
2021-01-09 11:47:01.165 INFO  [BOT] 0: PRESENCE_UPDATE 
2021-01-09 11:47:02.865 INFO  [BOT] 0: PRESENCE_UPDATE 
2021-01-09 11:47:10.955 INFO  [BOT] 0: PRESENCE_UPDATE 
2021-01-09 11:47:22.375 INFO  [BOT] 0: null 
2021-01-09 11:47:24.286 INFO  [BOT] 0: PRESENCE_UPDATE 
2021-01-09 11:47:31.654 INFO  [BOT] 0: MESSAGE_CREATE 
2021-01-09 11:47:39.049 INFO  [BOT] 0: PRESENCE_UPDATE 
2021-01-09 11:47:48.305 INFO  [BOT] 0: PRESENCE_UPDATE 
2021-01-09 11:47:59.013 INFO  [BOT] 0: PRESENCE_UPDATE 
2021-01-09 11:47:59.291 INFO  [BOT] 0: PRESENCE_UPDATE 
2021-01-09 11:48:03.633 INFO  [BOT] 0: null 
2021-01-09 11:48:21.245 INFO  [BOT] 0: PRESENCE_UPDATE 
2021-01-09 11:48:44.887 INFO  [BOT] 0: null 
2021-01-09 11:48:58.058 INFO  [BOT] 0: PRESENCE_UPDATE 
2021-01-09 11:49:09.516 INFO  [BOT] 0: PRESENCE_UPDATE 
2021-01-09 11:49:26.155 INFO  [BOT] 0: null 
2021-01-09 11:49:32.608 INFO  [BOT] 0: PRESENCE_UPDATE 
2021-01-09 11:49:39.054 INFO  [BOT] 0: PRESENCE_UPDATE 
2021-01-09 11:50:00.555 INFO  [BOT] 0: PRESENCE_UPDATE 
2021-01-09 11:50:04.686 INFO  [BOT] 0: CHANNEL_UPDATE 
2021-01-09 11:50:05.052 INFO  [BOT] 0: MESSAGE_CREATE 
2021-01-09 11:50:05.113 INFO  [BOT] 0: MESSAGE_UPDATE 
2021-01-09 11:50:07.411 INFO  [BOT] 0: null 
2021-01-09 11:50:18.194 INFO  [BOT] 0: PRESENCE_UPDATE 
2021-01-09 11:50:23.602 INFO  [BOT] 0: PRESENCE_UPDATE 
2021-01-09 11:50:48.669 INFO  [BOT] 0: null 
2021-01-09 11:50:56.652 INFO  [BOT] 0: PRESENCE_UPDATE 
2021-01-09 11:51:03.869 INFO  [BOT] 0: PRESENCE_UPDATE 
2021-01-09 11:51:09.663 INFO  [BOT] 0: PRESENCE_UPDATE 
2021-01-09 11:51:29.921 INFO  [BOT] 0: null 
2021-01-09 11:51:53.889 INFO  [BOT] 0: PRESENCE_UPDATE 
2021-01-09 11:51:59.506 INFO  [BOT] 0: PRESENCE_UPDATE 
2021-01-09 11:52:11.183 INFO  [BOT] 0: null 
2021-01-09 11:52:14.602 INFO  [BOT] 0: PRESENCE_UPDATE 
2021-01-09 11:52:18.207 INFO  [BOT] 0: PRESENCE_UPDATE 
2021-01-09 11:52:22.309 INFO  [BOT] 0: PRESENCE_UPDATE 
2021-01-09 11:52:52.434 INFO  [BOT] 0: null 
2021-01-09 11:52:52.777 INFO  [BOT] 0: PRESENCE_UPDATE 
2021-01-09 11:53:33.696 INFO  [BOT] 0: null 
2021-01-09 11:53:35.478 INFO  [BOT] 0: PRESENCE_UPDATE 
2021-01-09 11:53:46.994 INFO  [BOT] 0: PRESENCE_UPDATE 
2021-01-09 11:53:53.977 INFO  [BOT] 0: PRESENCE_UPDATE 
2021-01-09 11:54:14.951 INFO  [BOT] 0: null 
2021-01-09 11:54:22.322 INFO  [BOT] 0: PRESENCE_UPDATE 
2021-01-09 11:54:24.931 INFO  [BOT] 0: PRESENCE_UPDATE 
2021-01-09 11:54:28.828 INFO  [BOT] 0: TYPING_START 
2021-01-09 11:54:36.936 INFO  [BOT] 0: TYPING_START 
2021-01-09 11:54:38.775 INFO  [BOT] 0: PRESENCE_UPDATE 
2021-01-09 11:54:40.775 INFO  [BOT] 0: PRESENCE_UPDATE 
2021-01-09 11:54:45.275 INFO  [BOT] 0: TYPING_START 
2021-01-09 11:54:48.997 INFO  [BOT] 0: MESSAGE_CREATE 
2021-01-09 11:54:56.209 INFO  [BOT] 0: null 
2021-01-09 11:55:10.306 INFO  [BOT] 0: PRESENCE_UPDATE 
2021-01-09 11:55:14.708 INFO  [BOT] 0: CHANNEL_UPDATE 
2021-01-09 11:55:15.029 INFO  [BOT] 0: MESSAGE_CREATE 
2021-01-09 11:55:15.088 INFO  [BOT] 0: MESSAGE_UPDATE 
2021-01-09 11:55:19.537 INFO  [BOT] 0: PRESENCE_UPDATE 
2021-01-09 11:55:36.706 INFO  [BOT] 0: PRESENCE_UPDATE 
2021-01-09 11:55:37.461 INFO  [BOT] 0: null 
2021-01-09 11:56:11.702 INFO  [BOT] 0: PRESENCE_UPDATE 
2021-01-09 11:56:16.691 INFO  [BOT] 0: PRESENCE_UPDATE 
2021-01-09 11:56:18.712 INFO  [BOT] 0: null 
2021-01-09 11:56:23.588 INFO  [BOT] 0: PRESENCE_UPDATE 
2021-01-09 11:56:24.472 INFO  [BOT] 0: PRESENCE_UPDATE 
2021-01-09 11:56:40.348 INFO  [BOT] 0: PRESENCE_UPDATE 
2021-01-09 11:56:40.773 INFO  [BOT] 0: PRESENCE_UPDATE 
2021-01-09 11:56:41.547 INFO  [BOT] 0: PRESENCE_UPDATE 
2021-01-09 11:56:52.297 INFO  [BOT] 0: PRESENCE_UPDATE 
2021-01-09 11:56:59.963 INFO  [BOT] 0: null 
2021-01-09 11:57:00.971 INFO  [BOT] 0: PRESENCE_UPDATE 
2021-01-09 11:57:01.283 INFO  [BOT] 0: PRESENCE_UPDATE 
2021-01-09 11:57:06.832 INFO  [BOT] 0: PRESENCE_UPDATE 
2021-01-09 11:57:08.130 INFO  [BOT] 0: PRESENCE_UPDATE 
2021-01-09 11:57:08.605 INFO  [BOT] 0: PRESENCE_UPDATE 
2021-01-09 11:57:11.823 INFO  [BOT] 0: PRESENCE_UPDATE 
2021-01-09 11:57:14.671 INFO  [BOT] 0: PRESENCE_UPDATE 
2021-01-09 11:57:15.399 INFO  [BOT] 0: PRESENCE_UPDATE 
2021-01-09 11:57:16.202 INFO  [BOT] 0: PRESENCE_UPDATE 
2021-01-09 11:57:31.810 INFO  [BOT] 0: PRESENCE_UPDATE 
2021-01-09 11:57:40.765 INFO  [BOT] 0: MESSAGE_CREATE 
2021-01-09 11:57:41.211 INFO  [BOT] 0: null 
2021-01-09 11:57:48.670 INFO  [BOT] 0: TYPING_START 
2021-01-09 11:57:52.298 INFO  [BOT] 0: PRESENCE_UPDATE 
2021-01-09 11:57:53.082 INFO  [BOT] 0: MESSAGE_CREATE 
2021-01-09 11:58:13.064 INFO  [BOT] 0: TYPING_START 
2021-01-09 11:58:21.202 INFO  [BOT] 0: TYPING_START 
2021-01-09 11:58:22.211 INFO  [BOT] 0: MESSAGE_CREATE 
2021-01-09 11:58:22.473 INFO  [BOT] 0: null 
2021-01-09 11:58:23.608 INFO  [BOT] 0: PRESENCE_UPDATE 
2021-01-09 11:58:24.183 INFO  [BOT] 0: PRESENCE_UPDATE 
2021-01-09 11:58:34.319 INFO  [BOT] 0: PRESENCE_UPDATE 
2021-01-09 11:58:47.928 INFO  [BOT] 0: PRESENCE_UPDATE 
2021-01-09 11:59:03.756 INFO  [BOT] 0: null 
2021-01-09 11:59:18.269 INFO  [BOT] 0: PRESENCE_UPDATE 
2021-01-09 11:59:22.306 INFO  [BOT] 0: PRESENCE_UPDATE 
2021-01-09 11:59:23.098 INFO  [BOT] 0: PRESENCE_UPDATE 
2021-01-09 11:59:26.153 INFO  [BOT] 0: TYPING_START 
2021-01-09 11:59:33.857 INFO  [BOT] 0: PRESENCE_UPDATE 
2021-01-09 11:59:34.602 INFO  [BOT] 0: TYPING_START 
2021-01-09 11:59:42.948 INFO  [BOT] 0: TYPING_START 
2021-01-09 11:59:44.990 INFO  [BOT] 0: null 
2021-01-09 11:59:49.927 INFO  [BOT] 0: PRESENCE_UPDATE 
2021-01-09 11:59:50.991 INFO  [BOT] 0: TYPING_START 
2021-01-09 11:59:58.516 INFO  [BOT] 0: MESSAGE_CREATE 
2021-01-09 12:00:14.500 INFO  [BOT] 0: PRESENCE_UPDATE 
2021-01-09 12:00:24.591 INFO  [BOT] 0: CHANNEL_UPDATE 
2021-01-09 12:00:25.086 INFO  [BOT] 0: MESSAGE_CREATE 
2021-01-09 12:00:25.142 INFO  [BOT] 0: MESSAGE_UPDATE 
2021-01-09 12:00:26.261 INFO  [BOT] 0: null 
2021-01-09 12:00:37.652 INFO  [BOT] 0: PRESENCE_UPDATE 
2021-01-09 12:00:44.785 INFO  [BOT] 0: PRESENCE_UPDATE 
2021-01-09 12:00:54.972 INFO  [BOT] 0: PRESENCE_UPDATE 
2021-01-09 12:01:04.993 INFO  [BOT] 0: PRESENCE_UPDATE 
2021-01-09 12:01:07.516 INFO  [BOT] 0: null 
2021-01-09 12:01:19.063 INFO  [BOT] 0: PRESENCE_UPDATE 
2021-01-09 12:01:24.434 INFO  [BOT] 0: PRESENCE_UPDATE 
2021-01-09 12:01:25.949 INFO  [BOT] 0: PRESENCE_UPDATE 
2021-01-09 12:01:48.777 INFO  [BOT] 0: null 
2021-01-09 12:01:54.085 INFO  [BOT] 0: PRESENCE_UPDATE 
2021-01-09 12:01:57.549 INFO  [BOT] 0: PRESENCE_UPDATE 
2021-01-09 12:02:14.367 INFO  [BOT] 0: PRESENCE_UPDATE 
2021-01-09 12:02:30.045 INFO  [BOT] 0: null 
2021-01-09 12:02:46.888 INFO  [BOT] 0: PRESENCE_UPDATE 
2021-01-09 12:02:47.071 INFO  [BOT] 0: PRESENCE_UPDATE 
2021-01-09 12:02:56.302 INFO  [BOT] 0: PRESENCE_UPDATE 
2021-01-09 14:19:45.814 INFO  [BOT] PusherRequestError: Request failed with an error 
2021-01-09 14:19:50.050 INFO  [BOT] Error: Connection reset by peer 
