2021-01-07 23:19:30.392 INFO  [DISCORD] Bot connected 
2021-01-07 23:19:30.706 INFO  [BOT] 0: null 
2021-01-07 23:19:30.858 INFO  [BOT] 0: null 
2021-01-07 23:19:30.929 INFO  [BOT] 0: READY 
2021-01-07 23:19:31.083 INFO  [BOT] 0: GUILD_CREATE 
2021-01-07 23:19:31.090 INFO  [DISCORD] 'ready' event is triggered 
2021-01-07 23:19:31.350 INFO  [BOT] Rules module loaded 
2021-01-07 23:19:31.739 INFO  [BOT] 0: PRESENCE_UPDATE 
2021-01-07 23:19:32.392 INFO  [BOT] MONNIER Nathanaël J2 has refused rules 
2021-01-07 23:19:32.408 INFO  [BOT] rxn_dbrl has refused rules 
2021-01-07 23:19:32.409 INFO  [BOT] Gurvan has refused rules 
2021-01-07 23:19:32.410 INFO  [BOT] Just Over-smash has refused rules 
2021-01-07 23:19:32.412 INFO  [BOT] avenel théophile A1 has refused rules 
2021-01-07 23:19:32.413 INFO  [BOT] Red Rigel has refused rules 
2021-01-07 23:19:32.414 INFO  [BOT] Konan has refused rules 
2021-01-07 23:19:32.415 INFO  [BOT] Etienne Le Mée has refused rules 
2021-01-07 23:19:32.420 INFO  [BOT] ICEWEETT has refused rules 
2021-01-07 23:19:32.448 INFO  [BOT] coljulcol has refused rules 
2021-01-07 23:19:32.479 INFO  [BOT] skyro95 has refused rules 
2021-01-07 23:19:32.506 INFO  [BOT] Larusso has refused rules 
2021-01-07 23:19:32.509 INFO  [BOT] Riouca has refused rules 
2021-01-07 23:19:32.510 INFO  [BOT] Gurvan has refused rules 
2021-01-07 23:19:32.511 INFO  [BOT] Clément | Frystii has refused rules 
2021-01-07 23:19:32.513 INFO  [BOT] Treldyr / Youenn has refused rules 
2021-01-07 23:19:32.514 INFO  [BOT] MARIN Ugo J1 has refused rules 
2021-01-07 23:19:32.516 INFO  [BOT] Letileti has refused rules 
2021-01-07 23:19:32.535 INFO  [BOT] Brigadier L. BRI has refused rules 
2021-01-07 23:19:32.549 INFO  [BOT] Pierreee has refused rules 
2021-01-07 23:19:32.551 INFO  [BOT] Mattys_p has refused rules 
2021-01-07 23:19:32.564 INFO  [BOT] Kowatt has refused rules 
2021-01-07 23:21:18.030 INFO  [DISCORD] Bot connected 
2021-01-07 23:21:18.311 INFO  [BOT] 0: null 
2021-01-07 23:21:18.460 INFO  [BOT] 0: null 
2021-01-07 23:21:18.507 INFO  [BOT] 0: READY 
2021-01-07 23:21:18.647 INFO  [BOT] 0: GUILD_CREATE 
2021-01-07 23:21:18.665 INFO  [DISCORD] 'ready' event is triggered 
2021-01-07 23:21:18.869 INFO  [BOT] Rules module loaded 
2021-01-07 23:21:19.639 INFO  [BOT] MONNIER Nathanaël J2 has refused rules 
2021-01-07 23:21:19.654 INFO  [BOT] rxn_dbrl has refused rules 
2021-01-07 23:21:19.656 INFO  [BOT] Gurvan has refused rules 
2021-01-07 23:21:19.657 INFO  [BOT] Just Over-smash has refused rules 
2021-01-07 23:21:19.658 INFO  [BOT] avenel théophile A1 has refused rules 
2021-01-07 23:21:19.659 INFO  [BOT] Red Rigel has refused rules 
2021-01-07 23:21:19.661 INFO  [BOT] Konan has refused rules 
2021-01-07 23:21:19.662 INFO  [BOT] Etienne Le Mée has refused rules 
2021-01-07 23:21:19.664 INFO  [BOT] ICEWEETT has refused rules 
2021-01-07 23:21:19.665 INFO  [BOT] coljulcol has refused rules 
2021-01-07 23:21:19.666 INFO  [BOT] skyro95 has refused rules 
2021-01-07 23:21:19.667 INFO  [BOT] Larusso has refused rules 
2021-01-07 23:21:19.669 INFO  [BOT] Riouca has refused rules 
2021-01-07 23:21:19.669 INFO  [BOT] Gurvan has refused rules 
2021-01-07 23:21:19.671 INFO  [BOT] Clément | Frystii has refused rules 
2021-01-07 23:21:19.686 INFO  [BOT] Treldyr / Youenn has refused rules 
2021-01-07 23:21:19.686 INFO  [BOT] MARIN Ugo J1 has refused rules 
2021-01-07 23:21:19.701 INFO  [BOT] Letileti has refused rules 
2021-01-07 23:21:19.703 INFO  [BOT] Brigadier L. BRI has refused rules 
2021-01-07 23:21:19.703 INFO  [BOT] Pierreee has refused rules 
2021-01-07 23:21:19.720 INFO  [BOT] Mattys_p has refused rules 
2021-01-07 23:21:19.733 INFO  [BOT] Kowatt has refused rules 
2021-01-07 23:23:46.631 INFO  [DISCORD] Bot connected 
2021-01-07 23:23:46.952 INFO  [BOT] 0: null 
2021-01-07 23:23:47.100 INFO  [BOT] 0: null 
2021-01-07 23:23:47.139 INFO  [BOT] 0: READY 
2021-01-07 23:23:47.540 INFO  [BOT] 0: GUILD_CREATE 
2021-01-07 23:23:47.558 INFO  [DISCORD] 'ready' event is triggered 
2021-01-07 23:23:47.902 INFO  [BOT] 0: PRESENCE_UPDATE 
2021-01-07 23:23:51.433 INFO  [BOT] 0: CHANNEL_UPDATE 
2021-01-07 23:23:51.701 INFO  [BOT] 0: MESSAGE_CREATE 
2021-01-07 23:23:51.806 INFO  [BOT] 0: MESSAGE_UPDATE 
2021-01-07 23:24:02.662 INFO  [BOT] 0: PRESENCE_UPDATE 
2021-01-07 23:24:04.586 INFO  [BOT] 0: PRESENCE_UPDATE 
2021-01-07 23:24:05.710 INFO  [BOT] 0: MESSAGE_CREATE 
2021-01-07 23:24:28.261 INFO  [BOT] 0: PRESENCE_UPDATE 
2021-01-07 23:24:28.334 INFO  [BOT] 0: null 
2021-01-07 23:24:43.061 INFO  [BOT] 0: PRESENCE_UPDATE 
2021-01-07 23:24:43.061 INFO  [BOT] 0: GUILD_MEMBER_UPDATE 
2021-01-07 23:24:44.023 INFO  [BOT] 0: MESSAGE_CREATE 
2021-01-07 23:24:45.859 INFO  [BOT] 0: PRESENCE_UPDATE 
2021-01-07 23:24:51.980 INFO  [BOT] 0: TYPING_START 
2021-01-07 23:24:58.981 INFO  [BOT] 0: MESSAGE_CREATE 
2021-01-07 23:25:09.615 INFO  [BOT] 0: null 
2021-01-07 23:25:16.685 INFO  [BOT] 0: PRESENCE_UPDATE 
2021-01-07 23:25:28.101 INFO  [BOT] 0: PRESENCE_UPDATE 
2021-01-07 23:25:29.701 INFO  [BOT] 0: PRESENCE_UPDATE 
2021-01-07 23:25:30.149 INFO  [BOT] 0: PRESENCE_UPDATE 
2021-01-07 23:25:38.011 INFO  [BOT] 0: PRESENCE_UPDATE 
2021-01-07 23:25:42.890 INFO  [DISCORD] Bot connected 
2021-01-07 23:25:43.144 INFO  [BOT] 0: null 
2021-01-07 23:25:43.301 INFO  [BOT] 0: null 
2021-01-07 23:25:43.332 INFO  [BOT] 0: READY 
2021-01-07 23:25:43.512 INFO  [BOT] 0: GUILD_CREATE 
2021-01-07 23:25:43.527 INFO  [DISCORD] 'ready' event is triggered 
2021-01-07 23:25:51.385 INFO  [BOT] 0: PRESENCE_UPDATE 
2021-01-07 23:25:52.030 INFO  [BOT] 0: PRESENCE_UPDATE 
2021-01-07 23:26:03.975 INFO  [BOT] 0: PRESENCE_UPDATE 
2021-01-07 23:26:10.502 INFO  [BOT] 0: PRESENCE_UPDATE 
2021-01-07 23:26:24.582 INFO  [BOT] 0: null 
2021-01-07 23:26:26.258 INFO  [BOT] 0: TYPING_START 
2021-01-07 23:26:26.820 INFO  [BOT] 0: MESSAGE_CREATE 
2021-01-07 23:26:28.895 INFO  [BOT] 0: PRESENCE_UPDATE 
2021-01-07 23:26:31.782 INFO  [BOT] 0: PRESENCE_UPDATE 
2021-01-07 23:26:42.088 INFO  [DISCORD] Bot connected 
2021-01-07 23:26:42.348 INFO  [BOT] 0: null 
2021-01-07 23:26:42.501 INFO  [BOT] 0: null 
2021-01-07 23:26:42.532 INFO  [BOT] 0: READY 
2021-01-07 23:26:42.923 INFO  [BOT] 0: GUILD_CREATE 
2021-01-07 23:26:42.937 INFO  [DISCORD] 'ready' event is triggered 
2021-01-07 23:26:59.098 INFO  [BOT] 0: TYPING_START 
2021-01-07 23:27:02.229 INFO  [BOT] 0: MESSAGE_CREATE 
2021-01-07 23:27:07.465 INFO  [BOT] 0: MESSAGE_CREATE 
2021-01-07 23:27:17.037 INFO  [BOT] 0: TYPING_START 
2021-01-07 23:27:18.502 INFO  [BOT] 0: MESSAGE_CREATE 
2021-01-07 23:27:18.613 INFO  [BOT] 0: MESSAGE_UPDATE 
2021-01-07 23:27:21.782 INFO  [BOT] 0: PRESENCE_UPDATE 
2021-01-07 23:27:23.775 INFO  [BOT] 0: null 
2021-01-07 23:27:25.175 INFO  [BOT] 0: TYPING_START 
2021-01-07 23:27:28.945 INFO  [BOT] 0: PRESENCE_UPDATE 
2021-01-07 23:27:30.501 INFO  [BOT] 0: PRESENCE_UPDATE 
2021-01-07 23:27:34.182 INFO  [BOT] 0: TYPING_START 
2021-01-07 23:27:35.942 INFO  [BOT] 0: PRESENCE_UPDATE 
2021-01-07 23:27:38.261 INFO  [BOT] 0: TYPING_START 
2021-01-07 23:27:39.930 INFO  [BOT] 0: PRESENCE_UPDATE 
2021-01-07 23:27:40.215 INFO  [BOT] 0: PRESENCE_UPDATE 
2021-01-07 23:27:45.981 INFO  [BOT] 0: PRESENCE_UPDATE 
2021-01-07 23:27:46.270 INFO  [BOT] 0: TYPING_START 
2021-01-07 23:27:48.984 INFO  [BOT] 0: PRESENCE_UPDATE 
2021-01-07 23:27:49.975 INFO  [BOT] 0: PRESENCE_UPDATE 
2021-01-07 23:27:53.933 INFO  [BOT] 0: MESSAGE_CREATE 
2021-01-07 23:27:55.701 INFO  [BOT] 0: TYPING_START 
2021-01-07 23:27:57.070 INFO  [BOT] 0: PRESENCE_UPDATE 
2021-01-07 23:27:59.142 INFO  [BOT] 0: PRESENCE_UPDATE 
2021-01-07 23:28:01.100 INFO  [BOT] 0: MESSAGE_CREATE 
2021-01-07 23:28:03.741 INFO  [BOT] 0: PRESENCE_UPDATE 
2021-01-07 23:28:05.030 INFO  [BOT] 0: null 
2021-01-07 23:28:13.111 INFO  [BOT] 0: PRESENCE_UPDATE 
2021-01-07 23:28:16.981 INFO  [BOT] 0: MESSAGE_CREATE 
2021-01-07 23:28:19.070 INFO  [BOT] 0: MESSAGE_CREATE 
2021-01-07 23:28:23.546 INFO  [BOT] 0: PRESENCE_UPDATE 
2021-01-07 23:28:25.829 INFO  [BOT] 0: TYPING_START 
2021-01-07 23:28:26.502 INFO  [BOT] 0: MESSAGE_CREATE 
2021-01-07 23:28:28.350 INFO  [BOT] 0: TYPING_START 
2021-01-07 23:28:30.342 INFO  [BOT] 0: MESSAGE_CREATE 
2021-01-07 23:28:30.353 INFO  [BOT] 0: PRESENCE_UPDATE 
2021-01-07 23:28:30.902 INFO  [BOT] 0: MESSAGE_CREATE 
2021-01-07 23:28:31.350 INFO  [BOT] 0: TYPING_START 
2021-01-07 23:28:36.182 INFO  [BOT] 0: MESSAGE_CREATE 
2021-01-07 23:28:42.582 INFO  [BOT] 0: PRESENCE_UPDATE 
2021-01-07 23:28:45.222 INFO  [BOT] 0: PRESENCE_UPDATE 
2021-01-07 23:28:46.261 INFO  [BOT] 0: null 
2021-01-07 23:28:54.505 INFO  [BOT] 0: TYPING_START 
2021-01-07 23:28:57.213 INFO  [BOT] 0: PRESENCE_UPDATE 
2021-01-07 23:29:01.303 INFO  [BOT] 0: MESSAGE_CREATE 
2021-01-07 23:29:01.461 INFO  [BOT] 0: CHANNEL_UPDATE 
2021-01-07 23:29:01.822 INFO  [BOT] 0: MESSAGE_CREATE 
2021-01-07 23:29:02.018 INFO  [BOT] 0: MESSAGE_UPDATE 
2021-01-07 23:29:04.815 INFO  [BOT] 0: TYPING_START 
2021-01-07 23:29:06.661 INFO  [BOT] 0: PRESENCE_UPDATE 
2021-01-07 23:29:07.631 INFO  [BOT] 0: PRESENCE_UPDATE 
2021-01-07 23:29:07.658 INFO  [BOT] 0: MESSAGE_CREATE 
2021-01-07 23:29:09.944 INFO  [BOT] 0: PRESENCE_UPDATE 
2021-01-07 23:29:17.727 INFO  [BOT] 0: TYPING_START 
2021-01-07 23:29:18.173 INFO  [BOT] 0: MESSAGE_CREATE 
2021-01-07 23:29:22.942 INFO  [BOT] 0: TYPING_START 
2021-01-07 23:29:27.541 INFO  [BOT] 0: null 
2021-01-07 23:29:29.700 INFO  [BOT] 0: PRESENCE_UPDATE 
2021-01-07 23:29:31.945 INFO  [BOT] 0: TYPING_START 
2021-01-07 23:29:35.182 INFO  [BOT] 0: MESSAGE_CREATE 
2021-01-07 23:29:42.581 INFO  [BOT] 0: PRESENCE_UPDATE 
2021-01-07 23:30:00.943 INFO  [BOT] 0: PRESENCE_UPDATE 
2021-01-07 23:30:03.780 INFO  [BOT] 0: PRESENCE_UPDATE 
2021-01-07 23:30:08.796 INFO  [BOT] 0: null 
2021-01-07 23:30:09.272 INFO  [BOT] 0: MESSAGE_CREATE 
2021-01-07 23:30:17.588 INFO  [BOT] 0: TYPING_START 
2021-01-07 23:30:25.623 INFO  [BOT] 0: TYPING_START 
2021-01-07 23:30:27.182 INFO  [BOT] 0: PRESENCE_UPDATE 
2021-01-07 23:30:29.062 INFO  [BOT] 0: PRESENCE_UPDATE 
2021-01-07 23:30:30.261 INFO  [BOT] 0: MESSAGE_CREATE 
2021-01-07 23:30:32.774 INFO  [BOT] 0: PRESENCE_UPDATE 
2021-01-07 23:30:33.462 INFO  [BOT] 0: TYPING_START 
2021-01-07 23:30:36.253 INFO  [BOT] 0: MESSAGE_CREATE 
2021-01-07 23:30:50.061 INFO  [BOT] 0: null 
2021-01-07 23:30:58.822 INFO  [BOT] 0: PRESENCE_UPDATE 
2021-01-07 23:31:18.437 INFO  [BOT] 0: PRESENCE_UPDATE 
2021-01-07 23:31:22.949 INFO  [BOT] 0: PRESENCE_UPDATE 
2021-01-07 23:31:26.766 INFO  [BOT] 0: PRESENCE_UPDATE 
2021-01-07 23:31:29.481 INFO  [BOT] 0: PRESENCE_UPDATE 
2021-01-07 23:31:31.282 INFO  [BOT] 0: null 
2021-01-07 23:31:34.621 INFO  [BOT] 0: PRESENCE_UPDATE 
2021-01-07 23:31:35.621 INFO  [BOT] 0: PRESENCE_UPDATE 
2021-01-07 23:31:36.182 INFO  [BOT] 0: PRESENCE_UPDATE 
2021-01-07 23:31:38.469 INFO  [BOT] 0: PRESENCE_UPDATE 
2021-01-07 23:32:00.866 INFO  [BOT] 0: PRESENCE_UPDATE 
2021-01-07 23:32:12.556 INFO  [BOT] 0: null 
2021-01-07 23:32:16.103 INFO  [BOT] 0: PRESENCE_UPDATE 
2021-01-07 23:32:23.668 INFO  [BOT] 0: PRESENCE_UPDATE 
2021-01-07 23:32:23.751 INFO  [BOT] 0: PRESENCE_UPDATE 
2021-01-07 23:32:23.823 INFO  [BOT] 0: PRESENCE_UPDATE 
2021-01-07 23:32:25.866 INFO  [BOT] 0: PRESENCE_UPDATE 
2021-01-07 23:32:31.953 INFO  [BOT] 0: PRESENCE_UPDATE 
2021-01-07 23:32:48.596 INFO  [BOT] 0: PRESENCE_UPDATE 
2021-01-07 23:32:49.783 INFO  [BOT] 0: PRESENCE_UPDATE 
2021-01-07 23:32:53.806 INFO  [BOT] 0: null 
2021-01-07 23:32:55.380 INFO  [BOT] 0: PRESENCE_UPDATE 
2021-01-07 23:33:12.975 INFO  [BOT] 0: PRESENCE_UPDATE 
2021-01-07 23:33:35.063 INFO  [BOT] 0: null 
2021-01-07 23:33:37.823 INFO  [BOT] 0: PRESENCE_UPDATE 
2021-01-07 23:33:44.023 INFO  [BOT] 0: PRESENCE_UPDATE 
2021-01-07 23:33:44.911 INFO  [BOT] 0: PRESENCE_UPDATE 
2021-01-07 23:33:49.741 INFO  [BOT] 0: PRESENCE_UPDATE 
2021-01-07 23:33:50.703 INFO  [BOT] 0: PRESENCE_UPDATE 
2021-01-07 23:34:02.615 INFO  [BOT] 0: PRESENCE_UPDATE 
2021-01-07 23:34:09.790 INFO  [BOT] 0: PRESENCE_UPDATE 
2021-01-07 23:34:10.583 INFO  [BOT] 0: PRESENCE_UPDATE 
2021-01-07 23:34:11.429 INFO  [BOT] 0: CHANNEL_UPDATE 
2021-01-07 23:34:11.775 INFO  [BOT] 0: MESSAGE_CREATE 
2021-01-07 23:34:11.825 INFO  [BOT] 0: MESSAGE_UPDATE 
2021-01-07 23:34:16.342 INFO  [BOT] 0: null 
2021-01-07 23:34:17.836 INFO  [BOT] 0: PRESENCE_UPDATE 
2021-01-07 23:34:33.056 INFO  [BOT] 0: PRESENCE_UPDATE 
2021-01-07 23:34:42.863 INFO  [BOT] 0: PRESENCE_UPDATE 
2021-01-07 23:34:48.056 INFO  [BOT] 0: PRESENCE_UPDATE 
2021-01-07 23:34:48.785 INFO  [BOT] 0: PRESENCE_UPDATE 
2021-01-07 23:34:53.497 INFO  [BOT] 0: PRESENCE_UPDATE 
2021-01-07 23:34:53.807 INFO  [BOT] 0: PRESENCE_UPDATE 
2021-01-07 23:34:57.590 INFO  [BOT] 0: null 
2021-01-07 23:35:02.192 INFO  [BOT] 0: PRESENCE_UPDATE 
2021-01-07 23:35:05.227 INFO  [BOT] 0: PRESENCE_UPDATE 
2021-01-07 23:35:05.783 INFO  [BOT] 0: MESSAGE_CREATE 
2021-01-07 23:35:05.898 INFO  [BOT] 0: MESSAGE_UPDATE 
2021-01-07 23:35:10.268 INFO  [BOT] 0: PRESENCE_UPDATE 
2021-01-07 23:35:13.267 INFO  [BOT] 0: PRESENCE_UPDATE 
2021-01-07 23:35:18.904 INFO  [BOT] 0: PRESENCE_UPDATE 
2021-01-07 23:35:22.343 INFO  [BOT] 0: PRESENCE_UPDATE 
2021-01-07 23:35:22.983 INFO  [BOT] 0: PRESENCE_UPDATE 
2021-01-07 23:35:23.753 INFO  [BOT] 0: PRESENCE_UPDATE 
2021-01-07 23:35:32.054 INFO  [BOT] 0: PRESENCE_UPDATE 
2021-01-07 23:35:32.055 INFO  [BOT] 0: GUILD_MEMBER_UPDATE 
2021-01-07 23:35:38.856 INFO  [BOT] 0: null 
2021-01-07 23:35:42.824 INFO  [BOT] 0: PRESENCE_UPDATE 
2021-01-07 23:35:46.515 INFO  [BOT] 0: PRESENCE_UPDATE 
2021-01-07 23:35:47.543 INFO  [BOT] 0: PRESENCE_UPDATE 
2021-01-07 23:35:49.544 INFO  [BOT] 0: PRESENCE_UPDATE 
2021-01-07 23:35:53.588 INFO  [BOT] 0: PRESENCE_UPDATE 
2021-01-07 23:36:07.400 INFO  [BOT] 0: PRESENCE_UPDATE 
2021-01-07 23:36:10.661 INFO  [BOT] 0: PRESENCE_UPDATE 
2021-01-07 23:36:18.709 INFO  [BOT] 0: PRESENCE_UPDATE 
2021-01-07 23:36:20.106 INFO  [BOT] 0: null 
2021-01-07 23:36:25.942 INFO  [BOT] 0: PRESENCE_UPDATE 
2021-01-07 23:36:26.793 INFO  [BOT] 0: PRESENCE_UPDATE 
2021-01-07 23:36:34.864 INFO  [BOT] 0: PRESENCE_UPDATE 
2021-01-07 23:36:35.228 INFO  [BOT] 0: PRESENCE_UPDATE 
2021-01-07 23:36:38.832 INFO  [BOT] 0: PRESENCE_UPDATE 
2021-01-07 23:36:48.945 INFO  [BOT] 0: PRESENCE_UPDATE 
2021-01-07 23:37:01.383 INFO  [BOT] 0: null 
2021-01-07 23:37:14.096 INFO  [BOT] 0: PRESENCE_UPDATE 
2021-01-07 23:37:24.290 INFO  [BOT] 0: PRESENCE_UPDATE 
2021-01-07 23:37:25.262 INFO  [BOT] 0: PRESENCE_UPDATE 
2021-01-07 23:37:29.383 INFO  [BOT] 0: PRESENCE_UPDATE 
2021-01-07 23:37:36.372 INFO  [BOT] 0: TYPING_START 
2021-01-07 23:37:40.508 INFO  [BOT] 0: PRESENCE_UPDATE 
2021-01-07 23:37:42.665 INFO  [BOT] 0: null 
2021-01-07 23:37:44.824 INFO  [BOT] 0: PRESENCE_UPDATE 
2021-01-07 23:37:46.584 INFO  [BOT] 0: TYPING_START 
2021-01-07 23:37:56.216 INFO  [BOT] 0: PRESENCE_UPDATE 
2021-01-07 23:37:56.628 INFO  [BOT] 0: TYPING_START 
2021-01-07 23:38:00.745 INFO  [BOT] 0: MESSAGE_CREATE 
2021-01-07 23:38:18.825 INFO  [BOT] 0: PRESENCE_UPDATE 
2021-01-07 23:38:19.973 INFO  [BOT] 0: PRESENCE_UPDATE 
2021-01-07 23:38:21.425 INFO  [BOT] 0: PRESENCE_UPDATE 
2021-01-07 23:38:23.904 INFO  [BOT] 0: null 
2021-01-07 23:38:25.784 INFO  [BOT] 0: PRESENCE_UPDATE 
2021-01-07 23:38:35.885 INFO  [BOT] 0: PRESENCE_UPDATE 
2021-01-07 23:38:46.105 INFO  [BOT] 0: PRESENCE_UPDATE 
2021-01-07 23:38:48.985 INFO  [BOT] 0: PRESENCE_UPDATE 
2021-01-07 23:38:51.153 INFO  [BOT] 0: PRESENCE_UPDATE 
2021-01-07 23:38:54.987 INFO  [BOT] 0: PRESENCE_UPDATE 
2021-01-07 23:39:00.064 INFO  [BOT] 0: PRESENCE_UPDATE 
2021-01-07 23:39:05.101 INFO  [BOT] 0: PRESENCE_UPDATE 
2021-01-07 23:39:05.144 INFO  [BOT] 0: null 
2021-01-07 23:39:11.577 INFO  [BOT] 0: PRESENCE_UPDATE 
2021-01-07 23:39:21.458 INFO  [BOT] 0: CHANNEL_UPDATE 
2021-01-07 23:39:21.784 INFO  [BOT] 0: MESSAGE_CREATE 
2021-01-07 23:39:21.887 INFO  [BOT] 0: MESSAGE_UPDATE 
2021-01-07 23:39:46.424 INFO  [BOT] 0: null 
2021-01-07 23:39:54.867 INFO  [BOT] 0: PRESENCE_UPDATE 
2021-01-07 23:39:55.664 INFO  [BOT] 0: PRESENCE_UPDATE 
2021-01-07 23:40:10.590 INFO  [BOT] 0: PRESENCE_UPDATE 
2021-01-07 23:40:13.624 INFO  [BOT] 0: PRESENCE_UPDATE 
2021-01-07 23:40:15.864 INFO  [BOT] 0: TYPING_START 
2021-01-07 23:40:17.426 INFO  [BOT] 0: MESSAGE_CREATE 
2021-01-07 23:40:19.873 INFO  [BOT] 0: PRESENCE_UPDATE 
2021-01-07 23:40:24.192 INFO  [BOT] 0: PRESENCE_UPDATE 
2021-01-07 23:40:27.704 INFO  [BOT] 0: null 
2021-01-07 23:40:43.385 INFO  [BOT] 0: PRESENCE_UPDATE 
2021-01-07 23:40:43.497 INFO  [BOT] 0: PRESENCE_UPDATE 
2021-01-07 23:40:43.742 INFO  [BOT] 0: PRESENCE_UPDATE 
2021-01-07 23:40:45.905 INFO  [BOT] 0: PRESENCE_UPDATE 
2021-01-07 23:40:46.945 INFO  [BOT] 0: PRESENCE_UPDATE 
2021-01-07 23:40:48.976 INFO  [BOT] 0: PRESENCE_UPDATE 
2021-01-07 23:40:49.148 INFO  [BOT] 0: PRESENCE_UPDATE 
2021-01-07 23:40:50.825 INFO  [BOT] 0: PRESENCE_UPDATE 
2021-01-07 23:40:52.985 INFO  [BOT] 0: PRESENCE_UPDATE 
2021-01-07 23:41:03.397 INFO  [BOT] 0: PRESENCE_UPDATE 
2021-01-07 23:41:06.308 INFO  [BOT] 0: PRESENCE_UPDATE 
2021-01-07 23:41:07.104 INFO  [BOT] 0: PRESENCE_UPDATE 
2021-01-07 23:41:08.537 INFO  [BOT] 0: PRESENCE_UPDATE 
2021-01-07 23:41:08.904 INFO  [BOT] 0: null 
2021-01-07 23:41:16.586 INFO  [BOT] 0: PRESENCE_UPDATE 
2021-01-07 23:41:17.817 INFO  [BOT] 0: PRESENCE_UPDATE 
2021-01-07 23:41:19.185 INFO  [BOT] 0: PRESENCE_UPDATE 
2021-01-07 23:41:32.306 INFO  [BOT] 0: PRESENCE_UPDATE 
2021-01-07 23:41:47.450 INFO  [BOT] 0: TYPING_START 
2021-01-07 23:41:50.185 INFO  [BOT] 0: null 
2021-01-07 23:41:50.465 INFO  [BOT] 0: PRESENCE_UPDATE 
2021-01-07 23:41:50.576 INFO  [BOT] 0: MESSAGE_CREATE 
2021-01-07 23:41:51.305 INFO  [BOT] 0: MESSAGE_UPDATE 
2021-01-07 23:41:52.308 INFO  [BOT] 0: MESSAGE_CREATE 
2021-01-07 23:41:52.586 INFO  [BOT] 0: PRESENCE_UPDATE 
2021-01-07 23:41:54.905 INFO  [BOT] 0: PRESENCE_UPDATE 
2021-01-07 23:41:56.752 INFO  [BOT] 0: PRESENCE_UPDATE 
2021-01-07 23:41:57.708 INFO  [BOT] 0: TYPING_START 
2021-01-07 23:41:59.469 INFO  [BOT] 0: MESSAGE_CREATE 
2021-01-07 23:42:01.907 INFO  [BOT] 0: MESSAGE_CREATE 
2021-01-07 23:42:02.057 INFO  [BOT] 0: PRESENCE_UPDATE 
2021-01-07 23:42:04.031 INFO  [BOT] 0: MESSAGE_CREATE 
2021-01-07 23:42:05.585 INFO  [BOT] 0: TYPING_START 
2021-01-07 23:42:07.866 INFO  [BOT] 0: TYPING_START 
2021-01-07 23:42:12.617 INFO  [BOT] 0: PRESENCE_UPDATE 
2021-01-07 23:42:13.626 INFO  [BOT] 0: MESSAGE_CREATE 
2021-01-07 23:42:13.657 INFO  [BOT] 0: PRESENCE_UPDATE 
2021-01-07 23:42:13.931 INFO  [BOT] 0: TYPING_START 
2021-01-07 23:42:14.312 INFO  [BOT] 0: MESSAGE_CREATE 
2021-01-07 23:42:14.531 INFO  [BOT] 0: MESSAGE_CREATE 
2021-01-07 23:42:24.747 INFO  [BOT] 0: PRESENCE_UPDATE 
2021-01-07 23:42:26.826 INFO  [BOT] 0: PRESENCE_UPDATE 
2021-01-07 23:42:31.426 INFO  [BOT] 0: null 
2021-01-07 23:42:36.477 INFO  [BOT] 0: PRESENCE_UPDATE 
2021-01-07 23:42:41.988 INFO  [BOT] 0: TYPING_START 
2021-01-07 23:42:46.417 INFO  [BOT] 0: MESSAGE_CREATE 
2021-01-07 23:42:56.432 INFO  [BOT] 0: MESSAGE_CREATE 
2021-01-07 23:43:04.426 INFO  [BOT] 0: PRESENCE_UPDATE 
2021-01-07 23:43:08.630 INFO  [BOT] 0: TYPING_START 
2021-01-07 23:43:09.426 INFO  [BOT] 0: PRESENCE_UPDATE 
2021-01-07 23:43:11.577 INFO  [BOT] 0: MESSAGE_CREATE 
2021-01-07 23:43:12.704 INFO  [BOT] 0: null 
2021-01-07 23:43:23.637 INFO  [BOT] 0: PRESENCE_UPDATE 
2021-01-07 23:43:26.549 INFO  [BOT] 0: PRESENCE_UPDATE 
2021-01-07 23:43:27.266 INFO  [BOT] 0: PRESENCE_UPDATE 
2021-01-07 23:43:35.419 INFO  [BOT] 0: TYPING_START 
2021-01-07 23:43:37.018 INFO  [BOT] 0: MESSAGE_CREATE 
2021-01-07 23:43:38.859 INFO  [BOT] 0: PRESENCE_UPDATE 
2021-01-07 23:43:53.945 INFO  [BOT] 0: null 
2021-01-07 23:44:09.225 INFO  [BOT] 0: PRESENCE_UPDATE 
2021-01-07 23:44:17.938 INFO  [BOT] 0: PRESENCE_UPDATE 
2021-01-07 23:44:28.218 INFO  [BOT] 0: PRESENCE_UPDATE 
2021-01-07 23:44:31.418 INFO  [BOT] 0: CHANNEL_UPDATE 
2021-01-07 23:44:31.793 INFO  [BOT] 0: MESSAGE_CREATE 
2021-01-07 23:44:31.865 INFO  [BOT] 0: PRESENCE_UPDATE 
2021-01-07 23:44:31.887 INFO  [BOT] 0: MESSAGE_UPDATE 
2021-01-07 23:44:31.994 INFO  [BOT] 0: PRESENCE_UPDATE 
2021-01-07 23:44:34.025 INFO  [BOT] 0: TYPING_START 
2021-01-07 23:44:35.226 INFO  [BOT] 0: null 
2021-01-07 23:44:39.386 INFO  [BOT] 0: MESSAGE_CREATE 
2021-01-07 23:44:40.754 INFO  [BOT] 0: PRESENCE_UPDATE 
2021-01-07 23:44:42.938 INFO  [BOT] 0: PRESENCE_UPDATE 
2021-01-07 23:44:45.592 INFO  [BOT] 0: PRESENCE_UPDATE 
2021-01-07 23:44:47.918 INFO  [BOT] 0: PRESENCE_UPDATE 
2021-01-07 23:44:59.258 INFO  [BOT] 0: PRESENCE_UPDATE 
2021-01-07 23:45:01.155 INFO  [BOT] 0: PRESENCE_UPDATE 
2021-01-07 23:45:05.115 INFO  [BOT] 0: PRESENCE_UPDATE 
2021-01-07 23:45:05.427 INFO  [BOT] 0: PRESENCE_UPDATE 
2021-01-07 23:45:06.226 INFO  [BOT] 0: PRESENCE_UPDATE 
2021-01-07 23:45:10.058 INFO  [BOT] 0: PRESENCE_UPDATE 
2021-01-07 23:45:10.283 INFO  [BOT] 0: PRESENCE_UPDATE 
2021-01-07 23:45:11.187 INFO  [BOT] 0: PRESENCE_UPDATE 
2021-01-07 23:45:11.868 INFO  [BOT] 0: PRESENCE_UPDATE 
2021-01-07 23:45:16.106 INFO  [BOT] 0: PRESENCE_UPDATE 
2021-01-07 23:45:16.378 INFO  [BOT] 0: PRESENCE_UPDATE 
2021-01-07 23:45:16.506 INFO  [BOT] 0: null 
2021-01-07 23:45:26.585 INFO  [BOT] 0: PRESENCE_UPDATE 
2021-01-07 23:45:30.592 INFO  [BOT] 0: PRESENCE_UPDATE 
2021-01-07 23:45:34.866 INFO  [BOT] 0: PRESENCE_UPDATE 
2021-01-07 23:45:35.555 INFO  [BOT] 0: PRESENCE_UPDATE 
2021-01-07 23:45:49.412 INFO  [BOT] 0: MESSAGE_CREATE 
2021-01-07 23:45:57.746 INFO  [BOT] 0: null 
2021-01-07 23:45:59.353 INFO  [BOT] 0: PRESENCE_UPDATE 
2021-01-07 23:46:01.066 INFO  [BOT] 0: PRESENCE_UPDATE 
2021-01-07 23:46:03.386 INFO  [BOT] 0: PRESENCE_UPDATE 
2021-01-07 23:46:04.699 INFO  [BOT] 0: PRESENCE_UPDATE 
2021-01-07 23:46:08.867 INFO  [BOT] 0: PRESENCE_UPDATE 
2021-01-07 23:46:09.226 INFO  [BOT] 0: PRESENCE_UPDATE 
2021-01-07 23:46:16.573 INFO  [BOT] 0: PRESENCE_UPDATE 
2021-01-07 23:46:18.427 INFO  [BOT] 0: PRESENCE_UPDATE 
2021-01-07 23:46:29.093 INFO  [BOT] 0: PRESENCE_UPDATE 
2021-01-07 23:46:34.744 INFO  [BOT] 0: PRESENCE_UPDATE 
2021-01-07 23:46:35.677 INFO  [BOT] 0: PRESENCE_UPDATE 
2021-01-07 23:46:36.354 INFO  [BOT] 0: PRESENCE_UPDATE 
2021-01-07 23:46:38.986 INFO  [BOT] 0: null 
2021-01-07 23:46:40.721 INFO  [BOT] 0: PRESENCE_UPDATE 
2021-01-07 23:46:44.116 INFO  [BOT] 0: PRESENCE_UPDATE 
2021-01-07 23:46:58.993 INFO  [BOT] 0: PRESENCE_UPDATE 
2021-01-07 23:46:59.906 INFO  [BOT] 0: PRESENCE_UPDATE 
2021-01-07 23:47:11.378 INFO  [BOT] 0: PRESENCE_UPDATE 
2021-01-07 23:47:19.237 INFO  [BOT] 0: PRESENCE_UPDATE 
2021-01-07 23:47:20.266 INFO  [BOT] 0: null 
2021-01-07 23:47:25.667 INFO  [BOT] 0: PRESENCE_UPDATE 
2021-01-07 23:47:34.906 INFO  [BOT] 0: PRESENCE_UPDATE 
2021-01-07 23:47:39.867 INFO  [BOT] 0: PRESENCE_UPDATE 
2021-01-07 23:47:40.139 INFO  [BOT] 0: PRESENCE_UPDATE 
2021-01-07 23:47:41.763 INFO  [BOT] 0: PRESENCE_UPDATE 
2021-01-07 23:47:49.387 INFO  [BOT] 0: PRESENCE_UPDATE 
2021-01-07 23:48:01.507 INFO  [BOT] 0: null 
2021-01-07 23:48:03.317 INFO  [BOT] 0: PRESENCE_UPDATE 
2021-01-07 23:48:16.668 INFO  [BOT] 0: PRESENCE_UPDATE 
2021-01-07 23:48:16.895 INFO  [BOT] 0: PRESENCE_UPDATE 
2021-01-07 23:48:17.022 INFO  [BOT] 0: PRESENCE_UPDATE 
2021-01-07 23:48:17.070 INFO  [BOT] 0: PRESENCE_UPDATE 
2021-01-07 23:48:19.027 INFO  [BOT] 0: PRESENCE_UPDATE 
2021-01-07 23:48:33.602 INFO  [BOT] 0: PRESENCE_UPDATE 
2021-01-07 23:48:41.707 INFO  [BOT] 0: PRESENCE_UPDATE 
2021-01-07 23:48:42.746 INFO  [BOT] 0: null 
2021-01-07 23:48:50.701 INFO  [BOT] 0: PRESENCE_UPDATE 
2021-01-07 23:48:51.707 INFO  [BOT] 0: PRESENCE_UPDATE 
2021-01-07 23:49:07.418 INFO  [BOT] 0: PRESENCE_UPDATE 
2021-01-07 23:49:09.748 INFO  [BOT] 0: PRESENCE_UPDATE 
2021-01-07 23:49:11.104 INFO  [BOT] 0: PRESENCE_UPDATE 
2021-01-07 23:49:14.939 INFO  [BOT] 0: PRESENCE_UPDATE 
2021-01-07 23:49:16.794 INFO  [BOT] 0: PRESENCE_UPDATE 
2021-01-07 23:49:20.274 INFO  [BOT] 0: PRESENCE_UPDATE 
2021-01-07 23:49:24.018 INFO  [BOT] 0: null 
2021-01-07 23:49:26.227 INFO  [BOT] 0: TYPING_START 
2021-01-07 23:49:26.957 INFO  [BOT] 0: MESSAGE_CREATE 
2021-01-07 23:49:27.146 INFO  [BOT] 0: MESSAGE_REACTION_ADD 
2021-01-07 23:49:27.436 INFO  [BOT] 0: MESSAGE_UPDATE 
2021-01-07 23:49:28.108 INFO  [BOT] 0: MESSAGE_REACTION_ADD 
2021-01-07 23:49:38.907 INFO  [BOT] 0: MESSAGE_REACTION_ADD 
2021-01-07 23:49:40.542 INFO  [BOT] 0: MESSAGE_CREATE 
2021-01-07 23:49:40.728 INFO  [BOT] 0: PRESENCE_UPDATE 
2021-01-07 23:49:40.775 INFO  [BOT] 0: MESSAGE_REACTION_ADD 
2021-01-07 23:49:41.678 INFO  [BOT] 0: MESSAGE_REACTION_ADD 
2021-01-07 23:49:41.832 INFO  [BOT] 0: CHANNEL_UPDATE 
2021-01-07 23:49:42.188 INFO  [BOT] 0: MESSAGE_CREATE 
2021-01-07 23:49:42.339 INFO  [BOT] 0: MESSAGE_UPDATE 
2021-01-07 23:49:45.270 INFO  [BOT] 0: PRESENCE_UPDATE 
2021-01-07 23:49:47.942 INFO  [BOT] 0: PRESENCE_UPDATE 
2021-01-07 23:49:55.628 INFO  [BOT] 0: PRESENCE_UPDATE 
2021-01-07 23:49:57.388 INFO  [BOT] 0: PRESENCE_UPDATE 
2021-01-07 23:49:59.068 INFO  [BOT] 0: PRESENCE_UPDATE 
2021-01-07 23:49:59.133 INFO  [BOT] 0: PRESENCE_UPDATE 
2021-01-07 23:49:59.309 INFO  [BOT] 0: PRESENCE_UPDATE 
2021-01-07 23:50:00.035 INFO  [BOT] 0: PRESENCE_UPDATE 
2021-01-07 23:50:01.388 INFO  [BOT] 0: MESSAGE_REACTION_ADD 
2021-01-07 23:50:02.355 INFO  [BOT] 0: MESSAGE_REACTION_ADD 
2021-01-07 23:50:03.048 INFO  [BOT] 0: PRESENCE_UPDATE 
2021-01-07 23:50:05.307 INFO  [BOT] 0: null 
2021-01-07 23:50:07.317 INFO  [BOT] 0: PRESENCE_UPDATE 
2021-01-07 23:50:08.677 INFO  [BOT] 0: PRESENCE_UPDATE 
2021-01-07 23:50:10.020 INFO  [BOT] 0: PRESENCE_UPDATE 
2021-01-07 23:50:14.659 INFO  [BOT] 0: MESSAGE_REACTION_ADD 
2021-01-07 23:50:15.509 INFO  [BOT] 0: PRESENCE_UPDATE 
2021-01-07 23:50:17.314 INFO  [BOT] 0: MESSAGE_REACTION_REMOVE 
2021-01-07 23:50:19.026 INFO  [BOT] 0: MESSAGE_REACTION_ADD 
2021-01-07 23:50:23.099 INFO  [BOT] 0: MESSAGE_REACTION_ADD 
2021-01-07 23:50:23.884 INFO  [BOT] 0: TYPING_START 
2021-01-07 23:50:25.308 INFO  [BOT] 0: MESSAGE_CREATE 
2021-01-07 23:50:25.470 INFO  [BOT] 0: MESSAGE_REACTION_ADD 
2021-01-07 23:50:26.412 INFO  [BOT] 0: MESSAGE_REACTION_ADD 
2021-01-07 23:50:29.801 INFO  [BOT] 0: TYPING_START 
2021-01-07 23:50:31.547 INFO  [BOT] 0: TYPING_START 
2021-01-07 23:50:32.267 INFO  [BOT] 0: MESSAGE_CREATE 
2021-01-07 23:50:32.488 INFO  [BOT] 0: MESSAGE_REACTION_ADD 
2021-01-07 23:50:33.380 INFO  [BOT] 0: PRESENCE_UPDATE 
2021-01-07 23:50:33.412 INFO  [BOT] 0: MESSAGE_REACTION_ADD 
2021-01-07 23:50:35.636 INFO  [BOT] 0: PRESENCE_UPDATE 
2021-01-07 23:50:37.188 INFO  [BOT] 0: PRESENCE_UPDATE 
2021-01-07 23:50:39.352 INFO  [BOT] 0: MESSAGE_CREATE 
2021-01-07 23:50:39.493 INFO  [BOT] 0: MESSAGE_REACTION_ADD 
2021-01-07 23:50:40.427 INFO  [BOT] 0: MESSAGE_REACTION_ADD 
2021-01-07 23:50:43.744 INFO  [BOT] 0: MESSAGE_CREATE 
2021-01-07 23:50:43.948 INFO  [BOT] 0: MESSAGE_REACTION_ADD 
2021-01-07 23:50:44.867 INFO  [BOT] 0: MESSAGE_REACTION_ADD 
2021-01-07 23:50:46.559 INFO  [BOT] 0: null 
2021-01-07 23:50:53.241 INFO  [BOT] 0: MESSAGE_REACTION_ADD 
2021-01-07 23:50:54.939 INFO  [BOT] 0: TYPING_START 
2021-01-07 23:50:57.308 INFO  [BOT] 0: TYPING_START 
2021-01-07 23:50:58.828 INFO  [BOT] 0: MESSAGE_REACTION_ADD 
2021-01-07 23:51:00.664 INFO  [BOT] 0: MESSAGE_CREATE 
2021-01-07 23:51:00.839 INFO  [BOT] 0: MESSAGE_REACTION_ADD 
2021-01-07 23:51:01.778 INFO  [BOT] 0: MESSAGE_REACTION_ADD 
2021-01-07 23:51:02.699 INFO  [BOT] 0: PRESENCE_UPDATE 
2021-01-07 23:51:02.753 INFO  [BOT] 0: PRESENCE_UPDATE 
2021-01-07 23:51:02.805 INFO  [BOT] 0: PRESENCE_UPDATE 
2021-01-07 23:51:04.268 INFO  [BOT] 0: TYPING_START 
2021-01-07 23:51:04.949 INFO  [BOT] 0: MESSAGE_CREATE 
2021-01-07 23:51:05.139 INFO  [BOT] 0: MESSAGE_REACTION_ADD 
2021-01-07 23:51:05.668 INFO  [BOT] 0: TYPING_START 
2021-01-07 23:51:06.107 INFO  [BOT] 0: MESSAGE_REACTION_ADD 
2021-01-07 23:51:06.139 INFO  [BOT] 0: TYPING_START 
2021-01-07 23:51:07.619 INFO  [BOT] 0: PRESENCE_UPDATE 
2021-01-07 23:51:08.994 INFO  [BOT] 0: TYPING_START 
2021-01-07 23:51:09.469 INFO  [BOT] 0: TYPING_START 
2021-01-07 23:51:11.447 INFO  [BOT] 0: MESSAGE_CREATE 
2021-01-07 23:51:11.734 INFO  [BOT] 0: MESSAGE_REACTION_ADD 
2021-01-07 23:51:12.419 INFO  [BOT] 0: MESSAGE_CREATE 
2021-01-07 23:51:12.617 INFO  [BOT] 0: MESSAGE_REACTION_ADD 
2021-01-07 23:51:13.109 INFO  [BOT] 0: MESSAGE_CREATE 
2021-01-07 23:51:13.588 INFO  [BOT] 0: MESSAGE_REACTION_ADD 
2021-01-07 23:51:14.508 INFO  [BOT] 0: MESSAGE_REACTION_ADD 
2021-01-07 23:51:14.956 INFO  [BOT] 0: TYPING_START 
2021-01-07 23:51:14.975 INFO  [BOT] 0: MESSAGE_CREATE 
2021-01-07 23:51:15.388 INFO  [BOT] 0: MESSAGE_REACTION_ADD 
2021-01-07 23:51:16.347 INFO  [BOT] 0: MESSAGE_REACTION_ADD 
2021-01-07 23:51:17.189 INFO  [BOT] 0: MESSAGE_REACTION_ADD 
2021-01-07 23:51:18.109 INFO  [BOT] 0: MESSAGE_REACTION_ADD 
2021-01-07 23:51:18.300 INFO  [BOT] 0: MESSAGE_CREATE 
2021-01-07 23:51:18.987 INFO  [BOT] 0: MESSAGE_REACTION_ADD 
2021-01-07 23:51:19.912 INFO  [BOT] 0: MESSAGE_REACTION_ADD 
2021-01-07 23:51:22.516 INFO  [BOT] 0: TYPING_START 
2021-01-07 23:51:22.700 INFO  [BOT] 0: PRESENCE_UPDATE 
2021-01-07 23:51:22.712 INFO  [BOT] 0: MESSAGE_REACTION_ADD 
2021-01-07 23:51:22.995 INFO  [BOT] 0: TYPING_START 
2021-01-07 23:51:23.797 INFO  [BOT] 0: MESSAGE_REACTION_ADD 
2021-01-07 23:51:24.868 INFO  [BOT] 0: MESSAGE_CREATE 
2021-01-07 23:51:25.668 INFO  [BOT] 0: MESSAGE_REACTION_ADD 
2021-01-07 23:51:25.788 INFO  [BOT] 0: MESSAGE_REACTION_REMOVE 
2021-01-07 23:51:26.517 INFO  [BOT] 0: MESSAGE_REACTION_ADD 
2021-01-07 23:51:26.591 INFO  [BOT] 0: MESSAGE_REACTION_ADD 
2021-01-07 23:51:27.156 INFO  [BOT] 0: MESSAGE_REACTION_ADD 
2021-01-07 23:51:27.379 INFO  [BOT] 0: MESSAGE_CREATE 
2021-01-07 23:51:27.550 INFO  [BOT] 0: MESSAGE_REACTION_ADD 
2021-01-07 23:51:27.867 INFO  [BOT] 0: null 
2021-01-07 23:51:28.453 INFO  [BOT] 0: MESSAGE_REACTION_ADD 
2021-01-07 23:51:29.200 INFO  [BOT] 0: TYPING_START 
2021-01-07 23:51:29.708 INFO  [BOT] 0: MESSAGE_REACTION_ADD 
2021-01-07 23:51:30.188 INFO  [BOT] 0: PRESENCE_UPDATE 
2021-01-07 23:51:31.436 INFO  [BOT] 0: TYPING_START 
2021-01-07 23:51:32.146 INFO  [BOT] 0: PRESENCE_UPDATE 
2021-01-07 23:51:33.897 INFO  [BOT] 0: MESSAGE_REACTION_ADD 
2021-01-07 23:51:34.147 INFO  [BOT] 0: PRESENCE_UPDATE 
2021-01-07 23:51:35.227 INFO  [BOT] 0: MESSAGE_REACTION_REMOVE 
2021-01-07 23:51:35.307 INFO  [BOT] 0: MESSAGE_CREATE 
2021-01-07 23:51:35.468 INFO  [BOT] 0: MESSAGE_REACTION_ADD 
2021-01-07 23:51:36.348 INFO  [BOT] 0: MESSAGE_REACTION_ADD 
2021-01-07 23:51:38.179 INFO  [BOT] 0: MESSAGE_REACTION_ADD 
2021-01-07 23:51:39.482 INFO  [BOT] 0: TYPING_START 
2021-01-07 23:51:41.596 INFO  [BOT] 0: MESSAGE_CREATE 
2021-01-07 23:51:41.867 INFO  [BOT] 0: MESSAGE_REACTION_ADD 
2021-01-07 23:51:42.748 INFO  [BOT] 0: MESSAGE_REACTION_ADD 
2021-01-07 23:51:47.676 INFO  [BOT] 0: TYPING_START 
2021-01-07 23:51:50.229 INFO  [BOT] 0: TYPING_START 
2021-01-07 23:51:50.324 INFO  [BOT] 0: PRESENCE_UPDATE 
2021-01-07 23:51:50.752 INFO  [BOT] 0: MESSAGE_CREATE 
2021-01-07 23:51:50.902 INFO  [BOT] 0: MESSAGE_REACTION_ADD 
2021-01-07 23:51:51.509 INFO  [BOT] 0: PRESENCE_UPDATE 
2021-01-07 23:51:51.868 INFO  [BOT] 0: MESSAGE_REACTION_ADD 
2021-01-07 23:51:52.347 INFO  [BOT] 0: PRESENCE_UPDATE 
2021-01-07 23:51:53.232 INFO  [BOT] 0: MESSAGE_CREATE 
2021-01-07 23:51:53.420 INFO  [BOT] 0: MESSAGE_REACTION_ADD 
2021-01-07 23:51:54.429 INFO  [BOT] 0: MESSAGE_REACTION_ADD 
2021-01-07 23:51:55.195 INFO  [BOT] 0: TYPING_START 
2021-01-07 23:51:55.509 INFO  [BOT] 0: MESSAGE_CREATE 
2021-01-07 23:51:55.669 INFO  [BOT] 0: MESSAGE_REACTION_ADD 
2021-01-07 23:51:56.659 INFO  [BOT] 0: MESSAGE_REACTION_ADD 
2021-01-07 23:51:58.114 INFO  [BOT] 0: TYPING_START 
2021-01-07 23:51:58.481 INFO  [BOT] 0: PRESENCE_UPDATE 
2021-01-07 23:51:59.316 INFO  [BOT] 0: MESSAGE_CREATE 
2021-01-07 23:51:59.428 INFO  [BOT] 0: MESSAGE_REACTION_ADD 
2021-01-07 23:52:00.356 INFO  [BOT] 0: MESSAGE_REACTION_ADD 
2021-01-07 23:52:04.637 INFO  [BOT] 0: MESSAGE_CREATE 
2021-01-07 23:52:04.828 INFO  [BOT] 0: MESSAGE_REACTION_ADD 
2021-01-07 23:52:05.729 INFO  [BOT] 0: MESSAGE_REACTION_ADD 
2021-01-07 23:52:09.064 INFO  [BOT] 0: null 
2021-01-07 23:52:10.471 INFO  [BOT] 0: MESSAGE_REACTION_ADD 
2021-01-07 23:52:15.514 INFO  [BOT] 0: PRESENCE_UPDATE 
2021-01-07 23:52:16.594 INFO  [BOT] 0: TYPING_START 
2021-01-07 23:52:21.552 INFO  [BOT] 0: PRESENCE_UPDATE 
2021-01-07 23:52:22.190 INFO  [BOT] 0: MESSAGE_CREATE 
2021-01-07 23:52:22.370 INFO  [BOT] 0: MESSAGE_REACTION_ADD 
2021-01-07 23:52:23.259 INFO  [BOT] 0: MESSAGE_REACTION_ADD 
2021-01-07 23:52:29.628 INFO  [BOT] 0: PRESENCE_UPDATE 
2021-01-07 23:52:30.709 INFO  [BOT] 0: PRESENCE_UPDATE 
2021-01-07 23:52:32.112 INFO  [BOT] 0: MESSAGE_REACTION_ADD 
2021-01-07 23:52:33.149 INFO  [BOT] 0: PRESENCE_UPDATE 
2021-01-07 23:52:33.820 INFO  [BOT] 0: PRESENCE_UPDATE 
2021-01-07 23:52:35.108 INFO  [BOT] 0: PRESENCE_UPDATE 
2021-01-07 23:52:35.580 INFO  [BOT] 0: PRESENCE_UPDATE 
2021-01-07 23:52:38.627 INFO  [BOT] 0: PRESENCE_UPDATE 
2021-01-07 23:52:39.507 INFO  [BOT] 0: MESSAGE_REACTION_ADD 
2021-01-07 23:52:41.262 INFO  [BOT] 0: MESSAGE_REACTION_ADD 
2021-01-07 23:52:42.827 INFO  [BOT] 0: PRESENCE_UPDATE 
2021-01-07 23:52:43.849 INFO  [BOT] 0: MESSAGE_REACTION_ADD 
2021-01-07 23:52:48.748 INFO  [BOT] 0: PRESENCE_UPDATE 
2021-01-07 23:52:49.708 INFO  [BOT] 0: PRESENCE_UPDATE 
2021-01-07 23:52:50.307 INFO  [BOT] 0: null 
2021-01-07 23:52:50.444 INFO  [BOT] 0: PRESENCE_UPDATE 
2021-01-07 23:52:58.819 INFO  [BOT] 0: PRESENCE_UPDATE 
2021-01-07 23:53:03.304 INFO  [BOT] 0: PRESENCE_UPDATE 
2021-01-07 23:53:03.389 INFO  [BOT] 0: PRESENCE_UPDATE 
2021-01-07 23:53:03.597 INFO  [BOT] 0: PRESENCE_UPDATE 
2021-01-07 23:53:03.654 INFO  [BOT] 0: PRESENCE_UPDATE 
2021-01-07 23:53:03.904 INFO  [BOT] 0: PRESENCE_UPDATE 
2021-01-07 23:53:07.914 INFO  [BOT] 0: PRESENCE_UPDATE 
2021-01-07 23:53:09.589 INFO  [BOT] 0: PRESENCE_UPDATE 
2021-01-07 23:53:15.869 INFO  [BOT] 0: PRESENCE_UPDATE 
2021-01-07 23:53:23.319 INFO  [BOT] 0: PRESENCE_UPDATE 
2021-01-07 23:53:23.344 INFO  [BOT] 0: MESSAGE_REACTION_ADD 
2021-01-07 23:53:23.671 INFO  [BOT] 0: MESSAGE_REACTION_ADD 
2021-01-07 23:53:24.179 INFO  [BOT] 0: MESSAGE_REACTION_ADD 
2021-01-07 23:53:24.625 INFO  [BOT] 0: PRESENCE_UPDATE 
2021-01-07 23:53:25.067 INFO  [BOT] 0: PRESENCE_UPDATE 
2021-01-07 23:53:30.078 INFO  [BOT] 0: PRESENCE_UPDATE 
2021-01-07 23:53:31.587 INFO  [BOT] 0: null 
2021-01-07 23:53:32.067 INFO  [BOT] 0: PRESENCE_UPDATE 
2021-01-07 23:53:33.067 INFO  [BOT] 0: PRESENCE_UPDATE 
2021-01-07 23:53:34.108 INFO  [BOT] 0: PRESENCE_UPDATE 
2021-01-07 23:53:50.763 INFO  [BOT] 0: PRESENCE_UPDATE 
2021-01-07 23:54:02.294 INFO  [BOT] 0: PRESENCE_UPDATE 
2021-01-07 23:54:06.348 INFO  [BOT] 0: PRESENCE_UPDATE 
2021-01-07 23:54:11.901 INFO  [BOT] 0: PRESENCE_UPDATE 
2021-01-07 23:54:11.981 INFO  [BOT] 0: PRESENCE_UPDATE 
2021-01-07 23:54:12.214 INFO  [BOT] 0: PRESENCE_UPDATE 
2021-01-07 23:54:12.369 INFO  [BOT] 0: PRESENCE_UPDATE 
2021-01-07 23:54:12.549 INFO  [BOT] 0: PRESENCE_UPDATE 
2021-01-07 23:54:12.840 INFO  [BOT] 0: null 
2021-01-07 23:54:16.395 INFO  [BOT] 0: PRESENCE_UPDATE 
2021-01-07 23:54:22.414 INFO  [BOT] 0: PRESENCE_UPDATE 
2021-01-07 23:54:25.709 INFO  [BOT] 0: PRESENCE_UPDATE 
2021-01-07 23:54:31.949 INFO  [BOT] 0: PRESENCE_UPDATE 
2021-01-07 23:54:36.557 INFO  [BOT] 0: PRESENCE_UPDATE 
2021-01-07 23:54:39.550 INFO  [BOT] 0: PRESENCE_UPDATE 
2021-01-07 23:54:49.869 INFO  [BOT] 0: PRESENCE_UPDATE 
2021-01-07 23:54:50.629 INFO  [BOT] 0: PRESENCE_UPDATE 
2021-01-07 23:54:51.269 INFO  [BOT] 0: PRESENCE_UPDATE 
2021-01-07 23:54:51.949 INFO  [BOT] 0: CHANNEL_UPDATE 
2021-01-07 23:54:52.309 INFO  [BOT] 0: MESSAGE_CREATE 
2021-01-07 23:54:52.550 INFO  [BOT] 0: MESSAGE_UPDATE 
2021-01-07 23:54:54.104 INFO  [BOT] 0: null 
2021-01-07 23:55:15.308 INFO  [BOT] 0: PRESENCE_UPDATE 
2021-01-07 23:55:15.426 INFO  [BOT] 0: PRESENCE_UPDATE 
2021-01-07 23:55:15.527 INFO  [BOT] 0: PRESENCE_UPDATE 
2021-01-07 23:55:16.268 INFO  [BOT] 0: PRESENCE_UPDATE 
2021-01-07 23:55:22.308 INFO  [BOT] 0: PRESENCE_UPDATE 
2021-01-07 23:55:22.517 INFO  [BOT] 0: PRESENCE_UPDATE 
2021-01-07 23:55:25.909 INFO  [BOT] 0: PRESENCE_UPDATE 
2021-01-07 23:55:27.949 INFO  [BOT] 0: PRESENCE_UPDATE 
2021-01-07 23:55:30.980 INFO  [BOT] 0: PRESENCE_UPDATE 
2021-01-07 23:55:35.389 INFO  [BOT] 0: null 
2021-01-07 23:55:40.054 INFO  [BOT] 0: PRESENCE_UPDATE 
2021-01-07 23:55:42.460 INFO  [BOT] 0: PRESENCE_UPDATE 
2021-01-07 23:56:02.222 INFO  [BOT] 0: PRESENCE_UPDATE 
2021-01-07 23:56:05.746 INFO  [BOT] 0: PRESENCE_UPDATE 
2021-01-07 23:56:10.533 INFO  [BOT] 0: MESSAGE_REACTION_ADD 
2021-01-07 23:56:15.338 INFO  [BOT] 0: PRESENCE_UPDATE 
2021-01-07 23:56:16.629 INFO  [BOT] 0: null 
2021-01-07 23:56:17.797 INFO  [BOT] 0: PRESENCE_UPDATE 
2021-01-07 23:56:20.869 INFO  [BOT] 0: PRESENCE_UPDATE 
2021-01-07 23:56:25.980 INFO  [BOT] 0: MESSAGE_REACTION_ADD 
2021-01-07 23:56:31.927 INFO  [BOT] 0: TYPING_START 
2021-01-07 23:56:33.829 INFO  [BOT] 0: MESSAGE_CREATE 
2021-01-07 23:56:34.140 INFO  [BOT] 0: MESSAGE_REACTION_ADD 
2021-01-07 23:56:38.278 INFO  [BOT] 0: PRESENCE_UPDATE 
2021-01-07 23:56:44.517 INFO  [BOT] 0: PRESENCE_UPDATE 
2021-01-07 23:56:46.548 INFO  [BOT] 0: PRESENCE_UPDATE 
2021-01-07 23:56:50.640 INFO  [BOT] 0: PRESENCE_UPDATE 
2021-01-07 23:56:53.596 INFO  [BOT] 0: PRESENCE_UPDATE 
2021-01-07 23:56:57.869 INFO  [BOT] 0: null 
2021-01-07 23:57:15.396 INFO  [BOT] 0: PRESENCE_UPDATE 
2021-01-07 23:57:22.204 INFO  [BOT] 0: PRESENCE_UPDATE 
2021-01-07 23:57:22.789 INFO  [BOT] 0: PRESENCE_UPDATE 
2021-01-07 23:57:27.809 INFO  [BOT] 0: PRESENCE_UPDATE 
2021-01-07 23:57:35.869 INFO  [BOT] 0: PRESENCE_UPDATE 
2021-01-07 23:57:39.108 INFO  [BOT] 0: null 
2021-01-07 23:57:40.429 INFO  [BOT] 0: PRESENCE_UPDATE 
2021-01-07 23:57:42.949 INFO  [BOT] 0: PRESENCE_UPDATE 
2021-01-07 23:58:08.790 INFO  [BOT] 0: PRESENCE_UPDATE 
2021-01-07 23:58:10.670 INFO  [BOT] 0: PRESENCE_UPDATE 
2021-01-07 23:58:12.870 INFO  [BOT] 0: PRESENCE_UPDATE 
2021-01-07 23:58:20.380 INFO  [BOT] 0: null 
2021-01-07 23:58:22.862 INFO  [BOT] 0: PRESENCE_UPDATE 
2021-01-07 23:58:27.310 INFO  [BOT] 0: PRESENCE_UPDATE 
2021-01-07 23:58:31.270 INFO  [BOT] 0: PRESENCE_UPDATE 
2021-01-07 23:58:33.312 INFO  [BOT] 0: PRESENCE_UPDATE 
2021-01-07 23:58:40.389 INFO  [BOT] 0: PRESENCE_UPDATE 
2021-01-07 23:58:40.998 INFO  [BOT] 0: PRESENCE_UPDATE 
2021-01-07 23:58:42.310 INFO  [BOT] 0: PRESENCE_UPDATE 
2021-01-07 23:58:45.208 INFO  [BOT] 0: PRESENCE_UPDATE 
2021-01-07 23:58:52.556 INFO  [BOT] 0: PRESENCE_UPDATE 
2021-01-07 23:58:53.231 INFO  [BOT] 0: PRESENCE_UPDATE 
2021-01-07 23:58:54.470 INFO  [BOT] 0: PRESENCE_UPDATE 
2021-01-07 23:58:55.470 INFO  [BOT] 0: PRESENCE_UPDATE 
2021-01-07 23:59:01.629 INFO  [BOT] 0: null 
2021-01-07 23:59:05.230 INFO  [BOT] 0: PRESENCE_UPDATE 
2021-01-07 23:59:34.230 INFO  [BOT] 0: PRESENCE_UPDATE 
2021-01-07 23:59:35.149 INFO  [BOT] 0: PRESENCE_UPDATE 
2021-01-07 23:59:42.909 INFO  [BOT] 0: null 
2021-01-07 23:59:51.391 INFO  [BOT] 0: PRESENCE_UPDATE 
2021-01-07 23:59:51.434 INFO  [BOT] 0: PRESENCE_UPDATE 
2021-01-08 00:00:01.470 INFO  [BOT] 0: CHANNEL_UPDATE 
2021-01-08 00:00:01.780 INFO  [BOT] 0: MESSAGE_CREATE 
2021-01-08 00:00:01.855 INFO  [BOT] 0: MESSAGE_UPDATE 
2021-01-08 00:00:07.078 INFO  [BOT] 0: PRESENCE_UPDATE 
2021-01-08 00:00:09.030 INFO  [BOT] 0: PRESENCE_UPDATE 
2021-01-08 00:00:09.416 INFO  [BOT] 0: PRESENCE_UPDATE 
2021-01-08 00:00:11.252 INFO  [BOT] 0: PRESENCE_UPDATE 
2021-01-08 00:00:12.350 INFO  [BOT] 0: TYPING_START 
2021-01-08 00:00:12.960 INFO  [BOT] 0: TYPING_START 
2021-01-08 00:00:14.718 INFO  [BOT] 0: MESSAGE_CREATE 
2021-01-08 00:00:16.073 INFO  [BOT] 0: PRESENCE_UPDATE 
2021-01-08 00:00:16.832 INFO  [BOT] 0: MESSAGE_CREATE 
2021-01-08 00:00:21.110 INFO  [BOT] 0: PRESENCE_UPDATE 
2021-01-08 00:00:24.150 INFO  [BOT] 0: null 
2021-01-08 00:00:25.159 INFO  [BOT] 0: PRESENCE_UPDATE 
2021-01-08 00:00:30.140 INFO  [BOT] 0: PRESENCE_UPDATE 
2021-01-08 00:00:35.955 INFO  [BOT] 0: PRESENCE_UPDATE 

